#
# There is insufficient memory for the Java Runtime Environment to continue.
# Native memory allocation (malloc) failed to allocate 417616 bytes. Error detail: Chunk::new
# Possible reasons:
#   The system is out of physical RAM or swap space
#   This process is running with CompressedOops enabled, and the Java Heap may be blocking the growth of the native heap
# Possible solutions:
#   Reduce memory load on the system
#   Increase physical memory or swap space
#   Check if swap backing store is full
#   Decrease Java heap size (-Xmx/-Xms)
#   Decrease number of Java threads
#   Decrease Java thread stack sizes (-Xss)
#   Set larger code cache with -XX:ReservedCodeCacheSize=
#   JVM is running with Unscaled Compressed Oops mode in which the Java heap is
#     placed in the first 4GB address space. The Java Heap base address is the
#     maximum limit for the native heap growth. Please use -XX:HeapBaseMinAddress
#     to set the Java Heap base and to place the Java Heap above 4GB virtual address.
# This output file may be truncated or incomplete.
#
#  Out of Memory Error (arena.cpp:168), pid=7780, tid=19560
#
# JRE version: OpenJDK Runtime Environment Zulu21.34+19-CA (21.0.3+9) (build 21.0.3+9-LTS)
# Java VM: OpenJDK 64-Bit Server VM Zulu21.34+19-CA (21.0.3+9-LTS, mixed mode, sharing, tiered, compressed oops, compressed class ptrs, g1 gc, windows-amd64)
# No core dump will be written. Minidumps are not enabled by default on client versions of Windows
#

---------------  S U M M A R Y ------------

Command Line: -javaagent:C:\Users\HOME\IntelliJ IDEA Community Edition 2024.1.1\lib\idea_rt.jar=62757:C:\Users\HOME\IntelliJ IDEA Community Edition 2024.1.1\bin -Dfile.encoding=UTF-8 -Dsun.stdout.encoding=UTF-8 -Dsun.stderr.encoding=UTF-8 Program

Host: Intel(R) Core(TM) i5-10300H CPU @ 2.50GHz, 8 cores, 7G,  Windows 11 , 64 bit Build 22621 (10.0.22621.3672)
Time: Mon Jul 15 19:51:37 2024 SE Asia Standard Time elapsed time: 1.328634 seconds (0d 0h 0m 1s)

---------------  T H R E A D  ---------------

Current thread (0x000002070b922f00):  JavaThread "C2 CompilerThread2" daemon [_thread_in_native, id=19560, stack(0x000000fa81800000,0x000000fa81900000) (1024K)]


Current CompileTask:
C2:   1328 1525       4       sun.security.ec.ECOperations::setDouble (463 bytes)

Stack: [0x000000fa81800000,0x000000fa81900000]
Native frames: (J=compiled Java code, j=interpreted, Vv=VM code, C=native code)
V  [jvm.dll+0x6d3919]
V  [jvm.dll+0x8ae6d1]
V  [jvm.dll+0x8b0a3e]
V  [jvm.dll+0x8b1123]
V  [jvm.dll+0x286316]
V  [jvm.dll+0xc5acd]
V  [jvm.dll+0xc6003]
V  [jvm.dll+0x2f9c9f]
V  [jvm.dll+0x5fc276]
V  [jvm.dll+0x254162]
V  [jvm.dll+0x24ca49]
V  [jvm.dll+0x24a55c]
V  [jvm.dll+0x1ca404]
V  [jvm.dll+0x259d99]
V  [jvm.dll+0x25831a]
V  [jvm.dll+0x3f6236]
V  [jvm.dll+0x857848]
V  [jvm.dll+0x6d206d]
C  [ucrtbase.dll+0x29333]
C  [KERNEL32.DLL+0x1257d]
C  [ntdll.dll+0x5af28]


---------------  P R O C E S S  ---------------

Threads class SMR info:
_java_thread_list=0x000002070b8f53a0, length=15, elements={
0x00000206a6585f20, 0x00000206c537db00, 0x00000206c537ea20, 0x00000206c53821a0,
0x00000206c5382d00, 0x00000206c53848a0, 0x00000206c538f320, 0x00000206c5393810,
0x00000206c53952c0, 0x00000206c5348350, 0x00000206c58293f0, 0x00000206c5829a60,
0x00000206c58797c0, 0x000002070b70fe30, 0x000002070b922f00
}

Java Threads: ( => current thread )
  0x00000206a6585f20 JavaThread "main"                              [_thread_in_vm, id=7928, stack(0x000000faffc00000,0x000000faffd00000) (1024K)]
  0x00000206c537db00 JavaThread "Reference Handler"          daemon [_thread_blocked, id=21360, stack(0x000000fa80400000,0x000000fa80500000) (1024K)]
  0x00000206c537ea20 JavaThread "Finalizer"                  daemon [_thread_blocked, id=12240, stack(0x000000fa80500000,0x000000fa80600000) (1024K)]
  0x00000206c53821a0 JavaThread "Signal Dispatcher"          daemon [_thread_blocked, id=8540, stack(0x000000fa80600000,0x000000fa80700000) (1024K)]
  0x00000206c5382d00 JavaThread "Attach Listener"            daemon [_thread_blocked, id=8452, stack(0x000000fa80700000,0x000000fa80800000) (1024K)]
  0x00000206c53848a0 JavaThread "Service Thread"             daemon [_thread_blocked, id=11060, stack(0x000000fa80800000,0x000000fa80900000) (1024K)]
  0x00000206c538f320 JavaThread "Monitor Deflation Thread"   daemon [_thread_blocked, id=15388, stack(0x000000fa80900000,0x000000fa80a00000) (1024K)]
  0x00000206c5393810 JavaThread "C2 CompilerThread0"         daemon [_thread_in_native, id=8856, stack(0x000000fa80a00000,0x000000fa80b00000) (1024K)]
  0x00000206c53952c0 JavaThread "C1 CompilerThread0"         daemon [_thread_in_native, id=6932, stack(0x000000fa80b00000,0x000000fa80c00000) (1024K)]
  0x00000206c5348350 JavaThread "Common-Cleaner"             daemon [_thread_blocked, id=16748, stack(0x000000fa80c00000,0x000000fa80d00000) (1024K)]
  0x00000206c58293f0 JavaThread "Monitor Ctrl-Break"         daemon [_thread_in_native, id=8916, stack(0x000000fa80e00000,0x000000fa80f00000) (1024K)]
  0x00000206c5829a60 JavaThread "Notification Thread"        daemon [_thread_blocked, id=2380, stack(0x000000fa80f00000,0x000000fa81000000) (1024K)]
  0x00000206c58797c0 JavaThread "C2 CompilerThread1"         daemon [_thread_in_native, id=9484, stack(0x000000fa80d00000,0x000000fa80e00000) (1024K)]
  0x000002070b70fe30 JavaThread "mysql-cj-abandoned-connection-cleanup" daemon [_thread_blocked, id=15988, stack(0x000000fa81000000,0x000000fa81100000) (1024K)]
=>0x000002070b922f00 JavaThread "C2 CompilerThread2"         daemon [_thread_in_native, id=19560, stack(0x000000fa81800000,0x000000fa81900000) (1024K)]
Total: 15

Other Threads:
  0x00000206c5361090 VMThread "VM Thread"                           [id=13248, stack(0x000000fa80300000,0x000000fa80400000) (1024K)]
  0x00000206c5347360 WatcherThread "VM Periodic Task Thread"        [id=3104, stack(0x000000fa80200000,0x000000fa80300000) (1024K)]
  0x00000206a87b00c0 WorkerThread "GC Thread#0"                     [id=20704, stack(0x000000faffd00000,0x000000faffe00000) (1024K)]
  0x00000206c5360580 WorkerThread "GC Thread#1"                     [id=20416, stack(0x000000fa81100000,0x000000fa81200000) (1024K)]
  0x00000206c53617f0 WorkerThread "GC Thread#2"                     [id=10332, stack(0x000000fa81200000,0x000000fa81300000) (1024K)]
  0x00000206c5360930 WorkerThread "GC Thread#3"                     [id=14676, stack(0x000000fa81300000,0x000000fa81400000) (1024K)]
  0x00000206c5361f50 WorkerThread "GC Thread#4"                     [id=13224, stack(0x000000fa81400000,0x000000fa81500000) (1024K)]
  0x00000206c5360ce0 WorkerThread "GC Thread#5"                     [id=5836, stack(0x000000fa81500000,0x000000fa81600000) (1024K)]
  0x000002070b7f1340 WorkerThread "GC Thread#6"                     [id=16648, stack(0x000000fa81600000,0x000000fa81700000) (1024K)]
  0x000002070b7f1e50 WorkerThread "GC Thread#7"                     [id=18856, stack(0x000000fa81700000,0x000000fa81800000) (1024K)]
  0x00000206a87c0d60 ConcurrentGCThread "G1 Main Marker"            [id=7728, stack(0x000000faffe00000,0x000000fafff00000) (1024K)]
  0x00000206a87c2010 WorkerThread "G1 Conc#0"                       [id=19180, stack(0x000000fafff00000,0x000000fb00000000) (1024K)]
  0x00000206a881e7f0 ConcurrentGCThread "G1 Refine#0"               [id=14432, stack(0x000000fa80000000,0x000000fa80100000) (1024K)]
  0x00000206c521e930 ConcurrentGCThread "G1 Service"                [id=2600, stack(0x000000fa80100000,0x000000fa80200000) (1024K)]
Total: 14

Threads with active compile tasks:
C2 CompilerThread0     1353 1546       4       sun.security.util.math.intpoly.IntegerPolynomial$MutableElement::setProduct (58 bytes)
C2 CompilerThread1     1353 1545       4       sun.security.util.math.intpoly.IntegerPolynomial::multByInt (30 bytes)
C2 CompilerThread2     1353 1525       4       sun.security.ec.ECOperations::setDouble (463 bytes)
Total: 3

VM state: not at safepoint (normal execution)

VM Mutex/Monitor currently owned by a thread: None

Heap address: 0x0000000082800000, size: 2008 MB, Compressed Oops mode: 32-bit

CDS archive(s) mapped at: [0x00000206c6000000-0x00000206c6cf0000-0x00000206c6cf0000), size 13565952, SharedBaseAddress: 0x00000206c6000000, ArchiveRelocationMode: 1.
Compressed class space mapped at: 0x00000206c7000000-0x0000020707000000, reserved size: 1073741824
Narrow klass base: 0x00000206c6000000, Narrow klass shift: 0, Narrow klass range: 0x100000000

GC Precious Log:
 CardTable entry size: 512
 Card Set container configuration: InlinePtr #cards 5 size 8 Array Of Cards #cards 12 size 40 Howl #buckets 4 coarsen threshold 1843 Howl Bitmap #cards 512 size 80 coarsen threshold 460 Card regions per heap region 1 cards per card region 2048
 CPUs: 8 total, 8 available
 Memory: 8029M
 Large Page Support: Disabled
 NUMA Support: Disabled
 Compressed Oops: Enabled (32-bit)
 Heap Region Size: 1M
 Heap Min Capacity: 8M
 Heap Initial Capacity: 126M
 Heap Max Capacity: 2008M
 Pre-touch: Disabled
 Parallel Workers: 8
 Concurrent Workers: 2
 Concurrent Refinement Workers: 8
 Periodic GC: Disabled

Heap:
 garbage-first heap   total 129024K, used 13610K [0x0000000082800000, 0x0000000100000000)
  region size 1024K, 13 young (13312K), 3 survivors (3072K)
 Metaspace       used 14716K, committed 15040K, reserved 1114112K
  class space    used 1647K, committed 1792K, reserved 1048576K

Heap Regions: E=young(eden), S=young(survivor), O=old, HS=humongous(starts), HC=humongous(continues), CS=collection set, F=free, TAMS=top-at-mark-start, PB=parsable bottom
|   0|0x0000000082800000, 0x0000000082900000, 0x0000000082900000|100%|HS|  |TAMS 0x0000000082800000| PB 0x0000000082800000| Complete 
|   1|0x0000000082900000, 0x0000000082a00000, 0x0000000082a00000|100%| O|  |TAMS 0x0000000082900000| PB 0x0000000082900000| Untracked 
|   2|0x0000000082a00000, 0x0000000082a4aa60, 0x0000000082b00000| 29%| O|  |TAMS 0x0000000082a00000| PB 0x0000000082a00000| Untracked 
|   3|0x0000000082b00000, 0x0000000082b00000, 0x0000000082c00000|  0%| F|  |TAMS 0x0000000082b00000| PB 0x0000000082b00000| Untracked 
|   4|0x0000000082c00000, 0x0000000082c00000, 0x0000000082d00000|  0%| F|  |TAMS 0x0000000082c00000| PB 0x0000000082c00000| Untracked 
|   5|0x0000000082d00000, 0x0000000082d00000, 0x0000000082e00000|  0%| F|  |TAMS 0x0000000082d00000| PB 0x0000000082d00000| Untracked 
|   6|0x0000000082e00000, 0x0000000082e00000, 0x0000000082f00000|  0%| F|  |TAMS 0x0000000082e00000| PB 0x0000000082e00000| Untracked 
|   7|0x0000000082f00000, 0x0000000082f00000, 0x0000000083000000|  0%| F|  |TAMS 0x0000000082f00000| PB 0x0000000082f00000| Untracked 
|   8|0x0000000083000000, 0x0000000083000000, 0x0000000083100000|  0%| F|  |TAMS 0x0000000083000000| PB 0x0000000083000000| Untracked 
|   9|0x0000000083100000, 0x0000000083100000, 0x0000000083200000|  0%| F|  |TAMS 0x0000000083100000| PB 0x0000000083100000| Untracked 
|  10|0x0000000083200000, 0x0000000083200000, 0x0000000083300000|  0%| F|  |TAMS 0x0000000083200000| PB 0x0000000083200000| Untracked 
|  11|0x0000000083300000, 0x0000000083300000, 0x0000000083400000|  0%| F|  |TAMS 0x0000000083300000| PB 0x0000000083300000| Untracked 
|  12|0x0000000083400000, 0x0000000083400000, 0x0000000083500000|  0%| F|  |TAMS 0x0000000083400000| PB 0x0000000083400000| Untracked 
|  13|0x0000000083500000, 0x0000000083500000, 0x0000000083600000|  0%| F|  |TAMS 0x0000000083500000| PB 0x0000000083500000| Untracked 
|  14|0x0000000083600000, 0x0000000083600000, 0x0000000083700000|  0%| F|  |TAMS 0x0000000083600000| PB 0x0000000083600000| Untracked 
|  15|0x0000000083700000, 0x0000000083700000, 0x0000000083800000|  0%| F|  |TAMS 0x0000000083700000| PB 0x0000000083700000| Untracked 
|  16|0x0000000083800000, 0x0000000083800000, 0x0000000083900000|  0%| F|  |TAMS 0x0000000083800000| PB 0x0000000083800000| Untracked 
|  17|0x0000000083900000, 0x0000000083900000, 0x0000000083a00000|  0%| F|  |TAMS 0x0000000083900000| PB 0x0000000083900000| Untracked 
|  18|0x0000000083a00000, 0x0000000083a00000, 0x0000000083b00000|  0%| F|  |TAMS 0x0000000083a00000| PB 0x0000000083a00000| Untracked 
|  19|0x0000000083b00000, 0x0000000083b00000, 0x0000000083c00000|  0%| F|  |TAMS 0x0000000083b00000| PB 0x0000000083b00000| Untracked 
|  20|0x0000000083c00000, 0x0000000083c00000, 0x0000000083d00000|  0%| F|  |TAMS 0x0000000083c00000| PB 0x0000000083c00000| Untracked 
|  21|0x0000000083d00000, 0x0000000083d00000, 0x0000000083e00000|  0%| F|  |TAMS 0x0000000083d00000| PB 0x0000000083d00000| Untracked 
|  22|0x0000000083e00000, 0x0000000083e00000, 0x0000000083f00000|  0%| F|  |TAMS 0x0000000083e00000| PB 0x0000000083e00000| Untracked 
|  23|0x0000000083f00000, 0x0000000083f00000, 0x0000000084000000|  0%| F|  |TAMS 0x0000000083f00000| PB 0x0000000083f00000| Untracked 
|  24|0x0000000084000000, 0x0000000084000000, 0x0000000084100000|  0%| F|  |TAMS 0x0000000084000000| PB 0x0000000084000000| Untracked 
|  25|0x0000000084100000, 0x0000000084100000, 0x0000000084200000|  0%| F|  |TAMS 0x0000000084100000| PB 0x0000000084100000| Untracked 
|  26|0x0000000084200000, 0x0000000084200000, 0x0000000084300000|  0%| F|  |TAMS 0x0000000084200000| PB 0x0000000084200000| Untracked 
|  27|0x0000000084300000, 0x0000000084300000, 0x0000000084400000|  0%| F|  |TAMS 0x0000000084300000| PB 0x0000000084300000| Untracked 
|  28|0x0000000084400000, 0x0000000084400000, 0x0000000084500000|  0%| F|  |TAMS 0x0000000084400000| PB 0x0000000084400000| Untracked 
|  29|0x0000000084500000, 0x0000000084500000, 0x0000000084600000|  0%| F|  |TAMS 0x0000000084500000| PB 0x0000000084500000| Untracked 
|  30|0x0000000084600000, 0x0000000084600000, 0x0000000084700000|  0%| F|  |TAMS 0x0000000084600000| PB 0x0000000084600000| Untracked 
|  31|0x0000000084700000, 0x0000000084700000, 0x0000000084800000|  0%| F|  |TAMS 0x0000000084700000| PB 0x0000000084700000| Untracked 
|  32|0x0000000084800000, 0x0000000084800000, 0x0000000084900000|  0%| F|  |TAMS 0x0000000084800000| PB 0x0000000084800000| Untracked 
|  33|0x0000000084900000, 0x0000000084900000, 0x0000000084a00000|  0%| F|  |TAMS 0x0000000084900000| PB 0x0000000084900000| Untracked 
|  34|0x0000000084a00000, 0x0000000084a00000, 0x0000000084b00000|  0%| F|  |TAMS 0x0000000084a00000| PB 0x0000000084a00000| Untracked 
|  35|0x0000000084b00000, 0x0000000084b00000, 0x0000000084c00000|  0%| F|  |TAMS 0x0000000084b00000| PB 0x0000000084b00000| Untracked 
|  36|0x0000000084c00000, 0x0000000084c00000, 0x0000000084d00000|  0%| F|  |TAMS 0x0000000084c00000| PB 0x0000000084c00000| Untracked 
|  37|0x0000000084d00000, 0x0000000084d00000, 0x0000000084e00000|  0%| F|  |TAMS 0x0000000084d00000| PB 0x0000000084d00000| Untracked 
|  38|0x0000000084e00000, 0x0000000084e00000, 0x0000000084f00000|  0%| F|  |TAMS 0x0000000084e00000| PB 0x0000000084e00000| Untracked 
|  39|0x0000000084f00000, 0x0000000084f00000, 0x0000000085000000|  0%| F|  |TAMS 0x0000000084f00000| PB 0x0000000084f00000| Untracked 
|  40|0x0000000085000000, 0x0000000085000000, 0x0000000085100000|  0%| F|  |TAMS 0x0000000085000000| PB 0x0000000085000000| Untracked 
|  41|0x0000000085100000, 0x0000000085100000, 0x0000000085200000|  0%| F|  |TAMS 0x0000000085100000| PB 0x0000000085100000| Untracked 
|  42|0x0000000085200000, 0x0000000085200000, 0x0000000085300000|  0%| F|  |TAMS 0x0000000085200000| PB 0x0000000085200000| Untracked 
|  43|0x0000000085300000, 0x0000000085300000, 0x0000000085400000|  0%| F|  |TAMS 0x0000000085300000| PB 0x0000000085300000| Untracked 
|  44|0x0000000085400000, 0x0000000085400000, 0x0000000085500000|  0%| F|  |TAMS 0x0000000085400000| PB 0x0000000085400000| Untracked 
|  45|0x0000000085500000, 0x0000000085500000, 0x0000000085600000|  0%| F|  |TAMS 0x0000000085500000| PB 0x0000000085500000| Untracked 
|  46|0x0000000085600000, 0x0000000085600000, 0x0000000085700000|  0%| F|  |TAMS 0x0000000085600000| PB 0x0000000085600000| Untracked 
|  47|0x0000000085700000, 0x0000000085700000, 0x0000000085800000|  0%| F|  |TAMS 0x0000000085700000| PB 0x0000000085700000| Untracked 
|  48|0x0000000085800000, 0x0000000085800000, 0x0000000085900000|  0%| F|  |TAMS 0x0000000085800000| PB 0x0000000085800000| Untracked 
|  49|0x0000000085900000, 0x0000000085900000, 0x0000000085a00000|  0%| F|  |TAMS 0x0000000085900000| PB 0x0000000085900000| Untracked 
|  50|0x0000000085a00000, 0x0000000085a00000, 0x0000000085b00000|  0%| F|  |TAMS 0x0000000085a00000| PB 0x0000000085a00000| Untracked 
|  51|0x0000000085b00000, 0x0000000085b00000, 0x0000000085c00000|  0%| F|  |TAMS 0x0000000085b00000| PB 0x0000000085b00000| Untracked 
|  52|0x0000000085c00000, 0x0000000085c00000, 0x0000000085d00000|  0%| F|  |TAMS 0x0000000085c00000| PB 0x0000000085c00000| Untracked 
|  53|0x0000000085d00000, 0x0000000085d00000, 0x0000000085e00000|  0%| F|  |TAMS 0x0000000085d00000| PB 0x0000000085d00000| Untracked 
|  54|0x0000000085e00000, 0x0000000085e00000, 0x0000000085f00000|  0%| F|  |TAMS 0x0000000085e00000| PB 0x0000000085e00000| Untracked 
|  55|0x0000000085f00000, 0x0000000085f00000, 0x0000000086000000|  0%| F|  |TAMS 0x0000000085f00000| PB 0x0000000085f00000| Untracked 
|  56|0x0000000086000000, 0x0000000086000000, 0x0000000086100000|  0%| F|  |TAMS 0x0000000086000000| PB 0x0000000086000000| Untracked 
|  57|0x0000000086100000, 0x0000000086100000, 0x0000000086200000|  0%| F|  |TAMS 0x0000000086100000| PB 0x0000000086100000| Untracked 
|  58|0x0000000086200000, 0x0000000086200000, 0x0000000086300000|  0%| F|  |TAMS 0x0000000086200000| PB 0x0000000086200000| Untracked 
|  59|0x0000000086300000, 0x0000000086300000, 0x0000000086400000|  0%| F|  |TAMS 0x0000000086300000| PB 0x0000000086300000| Untracked 
|  60|0x0000000086400000, 0x0000000086400000, 0x0000000086500000|  0%| F|  |TAMS 0x0000000086400000| PB 0x0000000086400000| Untracked 
|  61|0x0000000086500000, 0x0000000086500000, 0x0000000086600000|  0%| F|  |TAMS 0x0000000086500000| PB 0x0000000086500000| Untracked 
|  62|0x0000000086600000, 0x0000000086600000, 0x0000000086700000|  0%| F|  |TAMS 0x0000000086600000| PB 0x0000000086600000| Untracked 
|  63|0x0000000086700000, 0x0000000086700000, 0x0000000086800000|  0%| F|  |TAMS 0x0000000086700000| PB 0x0000000086700000| Untracked 
|  64|0x0000000086800000, 0x0000000086800000, 0x0000000086900000|  0%| F|  |TAMS 0x0000000086800000| PB 0x0000000086800000| Untracked 
|  65|0x0000000086900000, 0x0000000086900000, 0x0000000086a00000|  0%| F|  |TAMS 0x0000000086900000| PB 0x0000000086900000| Untracked 
|  66|0x0000000086a00000, 0x0000000086a00000, 0x0000000086b00000|  0%| F|  |TAMS 0x0000000086a00000| PB 0x0000000086a00000| Untracked 
|  67|0x0000000086b00000, 0x0000000086b00000, 0x0000000086c00000|  0%| F|  |TAMS 0x0000000086b00000| PB 0x0000000086b00000| Untracked 
|  68|0x0000000086c00000, 0x0000000086c00000, 0x0000000086d00000|  0%| F|  |TAMS 0x0000000086c00000| PB 0x0000000086c00000| Untracked 
|  69|0x0000000086d00000, 0x0000000086d00000, 0x0000000086e00000|  0%| F|  |TAMS 0x0000000086d00000| PB 0x0000000086d00000| Untracked 
|  70|0x0000000086e00000, 0x0000000086e00000, 0x0000000086f00000|  0%| F|  |TAMS 0x0000000086e00000| PB 0x0000000086e00000| Untracked 
|  71|0x0000000086f00000, 0x0000000086f00000, 0x0000000087000000|  0%| F|  |TAMS 0x0000000086f00000| PB 0x0000000086f00000| Untracked 
|  72|0x0000000087000000, 0x0000000087000000, 0x0000000087100000|  0%| F|  |TAMS 0x0000000087000000| PB 0x0000000087000000| Untracked 
|  73|0x0000000087100000, 0x0000000087100000, 0x0000000087200000|  0%| F|  |TAMS 0x0000000087100000| PB 0x0000000087100000| Untracked 
|  74|0x0000000087200000, 0x0000000087200000, 0x0000000087300000|  0%| F|  |TAMS 0x0000000087200000| PB 0x0000000087200000| Untracked 
|  75|0x0000000087300000, 0x0000000087300000, 0x0000000087400000|  0%| F|  |TAMS 0x0000000087300000| PB 0x0000000087300000| Untracked 
|  76|0x0000000087400000, 0x0000000087400000, 0x0000000087500000|  0%| F|  |TAMS 0x0000000087400000| PB 0x0000000087400000| Untracked 
|  77|0x0000000087500000, 0x0000000087500000, 0x0000000087600000|  0%| F|  |TAMS 0x0000000087500000| PB 0x0000000087500000| Untracked 
|  78|0x0000000087600000, 0x0000000087600000, 0x0000000087700000|  0%| F|  |TAMS 0x0000000087600000| PB 0x0000000087600000| Untracked 
|  79|0x0000000087700000, 0x0000000087700000, 0x0000000087800000|  0%| F|  |TAMS 0x0000000087700000| PB 0x0000000087700000| Untracked 
|  80|0x0000000087800000, 0x0000000087800000, 0x0000000087900000|  0%| F|  |TAMS 0x0000000087800000| PB 0x0000000087800000| Untracked 
|  81|0x0000000087900000, 0x0000000087900000, 0x0000000087a00000|  0%| F|  |TAMS 0x0000000087900000| PB 0x0000000087900000| Untracked 
|  82|0x0000000087a00000, 0x0000000087a00000, 0x0000000087b00000|  0%| F|  |TAMS 0x0000000087a00000| PB 0x0000000087a00000| Untracked 
|  83|0x0000000087b00000, 0x0000000087b00000, 0x0000000087c00000|  0%| F|  |TAMS 0x0000000087b00000| PB 0x0000000087b00000| Untracked 
|  84|0x0000000087c00000, 0x0000000087c00000, 0x0000000087d00000|  0%| F|  |TAMS 0x0000000087c00000| PB 0x0000000087c00000| Untracked 
|  85|0x0000000087d00000, 0x0000000087d00000, 0x0000000087e00000|  0%| F|  |TAMS 0x0000000087d00000| PB 0x0000000087d00000| Untracked 
|  86|0x0000000087e00000, 0x0000000087e00000, 0x0000000087f00000|  0%| F|  |TAMS 0x0000000087e00000| PB 0x0000000087e00000| Untracked 
|  87|0x0000000087f00000, 0x0000000087f00000, 0x0000000088000000|  0%| F|  |TAMS 0x0000000087f00000| PB 0x0000000087f00000| Untracked 
|  88|0x0000000088000000, 0x0000000088000000, 0x0000000088100000|  0%| F|  |TAMS 0x0000000088000000| PB 0x0000000088000000| Untracked 
|  89|0x0000000088100000, 0x0000000088100000, 0x0000000088200000|  0%| F|  |TAMS 0x0000000088100000| PB 0x0000000088100000| Untracked 
|  90|0x0000000088200000, 0x0000000088200000, 0x0000000088300000|  0%| F|  |TAMS 0x0000000088200000| PB 0x0000000088200000| Untracked 
|  91|0x0000000088300000, 0x0000000088300000, 0x0000000088400000|  0%| F|  |TAMS 0x0000000088300000| PB 0x0000000088300000| Untracked 
|  92|0x0000000088400000, 0x0000000088400000, 0x0000000088500000|  0%| F|  |TAMS 0x0000000088400000| PB 0x0000000088400000| Untracked 
|  93|0x0000000088500000, 0x0000000088500000, 0x0000000088600000|  0%| F|  |TAMS 0x0000000088500000| PB 0x0000000088500000| Untracked 
|  94|0x0000000088600000, 0x0000000088600000, 0x0000000088700000|  0%| F|  |TAMS 0x0000000088600000| PB 0x0000000088600000| Untracked 
|  95|0x0000000088700000, 0x0000000088700000, 0x0000000088800000|  0%| F|  |TAMS 0x0000000088700000| PB 0x0000000088700000| Untracked 
|  96|0x0000000088800000, 0x0000000088800000, 0x0000000088900000|  0%| F|  |TAMS 0x0000000088800000| PB 0x0000000088800000| Untracked 
|  97|0x0000000088900000, 0x0000000088900000, 0x0000000088a00000|  0%| F|  |TAMS 0x0000000088900000| PB 0x0000000088900000| Untracked 
|  98|0x0000000088a00000, 0x0000000088a00000, 0x0000000088b00000|  0%| F|  |TAMS 0x0000000088a00000| PB 0x0000000088a00000| Untracked 
|  99|0x0000000088b00000, 0x0000000088b00000, 0x0000000088c00000|  0%| F|  |TAMS 0x0000000088b00000| PB 0x0000000088b00000| Untracked 
| 100|0x0000000088c00000, 0x0000000088d00000, 0x0000000088d00000|100%| S|CS|TAMS 0x0000000088c00000| PB 0x0000000088c00000| Complete 
| 101|0x0000000088d00000, 0x0000000088e00000, 0x0000000088e00000|100%| S|CS|TAMS 0x0000000088d00000| PB 0x0000000088d00000| Complete 
| 102|0x0000000088e00000, 0x0000000088f00000, 0x0000000088f00000|100%| S|CS|TAMS 0x0000000088e00000| PB 0x0000000088e00000| Complete 
| 103|0x0000000088f00000, 0x0000000088f00000, 0x0000000089000000|  0%| F|  |TAMS 0x0000000088f00000| PB 0x0000000088f00000| Untracked 
| 104|0x0000000089000000, 0x0000000089000000, 0x0000000089100000|  0%| F|  |TAMS 0x0000000089000000| PB 0x0000000089000000| Untracked 
| 105|0x0000000089100000, 0x0000000089100000, 0x0000000089200000|  0%| F|  |TAMS 0x0000000089100000| PB 0x0000000089100000| Untracked 
| 106|0x0000000089200000, 0x0000000089200000, 0x0000000089300000|  0%| F|  |TAMS 0x0000000089200000| PB 0x0000000089200000| Untracked 
| 107|0x0000000089300000, 0x0000000089300000, 0x0000000089400000|  0%| F|  |TAMS 0x0000000089300000| PB 0x0000000089300000| Untracked 
| 108|0x0000000089400000, 0x0000000089400000, 0x0000000089500000|  0%| F|  |TAMS 0x0000000089400000| PB 0x0000000089400000| Untracked 
| 109|0x0000000089500000, 0x0000000089500000, 0x0000000089600000|  0%| F|  |TAMS 0x0000000089500000| PB 0x0000000089500000| Untracked 
| 110|0x0000000089600000, 0x0000000089600000, 0x0000000089700000|  0%| F|  |TAMS 0x0000000089600000| PB 0x0000000089600000| Untracked 
| 111|0x0000000089700000, 0x0000000089700000, 0x0000000089800000|  0%| F|  |TAMS 0x0000000089700000| PB 0x0000000089700000| Untracked 
| 112|0x0000000089800000, 0x0000000089800000, 0x0000000089900000|  0%| F|  |TAMS 0x0000000089800000| PB 0x0000000089800000| Untracked 
| 113|0x0000000089900000, 0x0000000089900000, 0x0000000089a00000|  0%| F|  |TAMS 0x0000000089900000| PB 0x0000000089900000| Untracked 
| 114|0x0000000089a00000, 0x0000000089a00000, 0x0000000089b00000|  0%| F|  |TAMS 0x0000000089a00000| PB 0x0000000089a00000| Untracked 
| 115|0x0000000089b00000, 0x0000000089b00000, 0x0000000089c00000|  0%| F|  |TAMS 0x0000000089b00000| PB 0x0000000089b00000| Untracked 
| 116|0x0000000089c00000, 0x0000000089c63f48, 0x0000000089d00000| 39%| E|  |TAMS 0x0000000089c00000| PB 0x0000000089c00000| Complete 
| 117|0x0000000089d00000, 0x0000000089e00000, 0x0000000089e00000|100%| E|CS|TAMS 0x0000000089d00000| PB 0x0000000089d00000| Complete 
| 118|0x0000000089e00000, 0x0000000089f00000, 0x0000000089f00000|100%| E|CS|TAMS 0x0000000089e00000| PB 0x0000000089e00000| Complete 
| 119|0x0000000089f00000, 0x000000008a000000, 0x000000008a000000|100%| E|CS|TAMS 0x0000000089f00000| PB 0x0000000089f00000| Complete 
| 120|0x000000008a000000, 0x000000008a100000, 0x000000008a100000|100%| E|CS|TAMS 0x000000008a000000| PB 0x000000008a000000| Complete 
| 121|0x000000008a100000, 0x000000008a200000, 0x000000008a200000|100%| E|CS|TAMS 0x000000008a100000| PB 0x000000008a100000| Complete 
| 122|0x000000008a200000, 0x000000008a300000, 0x000000008a300000|100%| E|CS|TAMS 0x000000008a200000| PB 0x000000008a200000| Complete 
| 123|0x000000008a300000, 0x000000008a400000, 0x000000008a400000|100%| E|  |TAMS 0x000000008a300000| PB 0x000000008a300000| Complete 
| 124|0x000000008a400000, 0x000000008a500000, 0x000000008a500000|100%| E|CS|TAMS 0x000000008a400000| PB 0x000000008a400000| Complete 
| 125|0x000000008a500000, 0x000000008a600000, 0x000000008a600000|100%| E|CS|TAMS 0x000000008a500000| PB 0x000000008a500000| Complete 

Card table byte_map: [0x00000206c0610000,0x00000206c0a00000] _byte_map_base: 0x00000206c01fc000

Marking Bits: (CMBitMap*) 0x00000206a87b07d0
 Bits: [0x00000206c0a00000, 0x00000206c2960000)

Polling page: 0x00000206a66e0000

Metaspace:

Usage:
  Non-class:     12.80 MB used.
      Class:      1.62 MB used.
       Both:     14.41 MB used.

Virtual space:
  Non-class space:       64.00 MB reserved,      12.94 MB ( 20%) committed,  1 nodes.
      Class space:        1.00 GB reserved,       1.75 MB ( <1%) committed,  1 nodes.
             Both:        1.06 GB reserved,      14.69 MB (  1%) committed. 

Chunk freelists:
   Non-Class:  2.87 MB
       Class:  14.22 MB
        Both:  17.09 MB

MaxMetaspaceSize: unlimited
CompressedClassSpaceSize: 1.00 GB
Initial GC threshold: 21.00 MB
Current GC threshold: 21.00 MB
CDS: on
 - commit_granule_bytes: 65536.
 - commit_granule_words: 8192.
 - virtual_space_node_default_size: 8388608.
 - enlarge_chunks_in_place: 1.
 - use_allocation_guard: 0.


Internal statistics:

num_allocs_failed_limit: 0.
num_arena_births: 120.
num_arena_deaths: 0.
num_vsnodes_births: 2.
num_vsnodes_deaths: 0.
num_space_committed: 235.
num_space_uncommitted: 0.
num_chunks_returned_to_freelist: 0.
num_chunks_taken_from_freelist: 430.
num_chunk_merges: 0.
num_chunk_splits: 317.
num_chunks_enlarged: 249.
num_inconsistent_stats: 0.

CodeHeap 'non-profiled nmethods': size=120000Kb used=567Kb max_used=567Kb free=119433Kb
 bounds [0x00000206b89c0000, 0x00000206b8c30000, 0x00000206bfef0000]
CodeHeap 'profiled nmethods': size=120000Kb used=2799Kb max_used=2799Kb free=117200Kb
 bounds [0x00000206b0ef0000, 0x00000206b11b0000, 0x00000206b8420000]
CodeHeap 'non-nmethods': size=5760Kb used=1469Kb max_used=1497Kb free=4290Kb
 bounds [0x00000206b8420000, 0x00000206b8690000, 0x00000206b89c0000]
 total_blobs=2112 nmethods=1565 adapters=452
 compilation: enabled
              stopped_count=0, restarted_count=0
 full_count=0

Compilation events (20 events):
Event: 1.304 Thread 0x00000206c53952c0 1522       3       sun.security.util.math.intpoly.IntegerPolynomial$Element::<init> (40 bytes)
Event: 1.304 Thread 0x00000206c53952c0 nmethod 1522 0x00000206b119da10 code [0x00000206b119dbc0, 0x00000206b119df08]
Event: 1.304 Thread 0x00000206c58797c0 nmethod 1516 0x00000206b8a48290 code [0x00000206b8a48440, 0x00000206b8a48588]
Event: 1.304 Thread 0x00000206c58797c0 1515       4       sun.security.ec.point.ProjectivePoint$Mutable::conditionalSet (53 bytes)
Event: 1.305 Thread 0x000002070b922f00 nmethod 1508 0x00000206b8a48710 code [0x00000206b8a488e0, 0x00000206b8a48d68]
Event: 1.305 Thread 0x000002070b922f00 1518       4       sun.security.util.math.intpoly.IntegerPolynomialP256::reduce (40 bytes)
Event: 1.305 Thread 0x000002070b922f00 nmethod 1518 0x00000206b8a49010 code [0x00000206b8a491a0, 0x00000206b8a492d8]
Event: 1.307 Thread 0x00000206c53952c0 1523       3       sun.security.util.ArrayUtil::swap (15 bytes)
Event: 1.307 Thread 0x00000206c53952c0 nmethod 1523 0x00000206b119e010 code [0x00000206b119e1c0, 0x00000206b119e308]
Event: 1.309 Thread 0x00000206c5393810 nmethod 1513 0x00000206b8a49410 code [0x00000206b8a495c0, 0x00000206b8a49b50]
Event: 1.309 Thread 0x00000206c5393810 1524       4       sun.security.ec.ECOperations$PointMultiplier::lookup (84 bytes)
Event: 1.313 Thread 0x000002070b922f00 1525       4       sun.security.ec.ECOperations::setDouble (463 bytes)
Event: 1.313 Thread 0x00000206c53952c0 1526       3       sun.security.util.math.intpoly.IntegerPolynomial::get0 (10 bytes)
Event: 1.313 Thread 0x00000206c53952c0 nmethod 1526 0x00000206b119e410 code [0x00000206b119e5c0, 0x00000206b119e7c8]
Event: 1.313 Thread 0x00000206c53952c0 1527       3       sun.security.util.math.intpoly.IntegerPolynomial::get0 (5 bytes)
Event: 1.314 Thread 0x00000206c53952c0 nmethod 1527 0x00000206b119e910 code [0x00000206b119eac0, 0x00000206b119edb0]
Event: 1.317 Thread 0x00000206c58797c0 nmethod 1515 0x00000206b8a49d10 code [0x00000206b8a49f00, 0x00000206b8a4a848]
Event: 1.321 Thread 0x00000206c58797c0 1528       4       sun.security.util.math.intpoly.IntegerPolynomial$MutableElement::setAdditiveInverse (32 bytes)
Event: 1.324 Thread 0x00000206c58797c0 nmethod 1528 0x00000206b8a4ad90 code [0x00000206b8a4af20, 0x00000206b8a4b0f8]
Event: 1.325 Thread 0x00000206c5393810 nmethod 1524 0x00000206b8a4b210 code [0x00000206b8a4b400, 0x00000206b8a4bee8]

GC Heap History (2 events):
Event: 0.951 GC heap before
{Heap before GC invocations=0 (full 0):
 garbage-first heap   total 129024K, used 23552K [0x0000000082800000, 0x0000000100000000)
  region size 1024K, 23 young (23552K), 0 survivors (0K)
 Metaspace       used 8606K, committed 8832K, reserved 1114112K
  class space    used 965K, committed 1088K, reserved 1048576K
}
Event: 0.956 GC heap after
{Heap after GC invocations=1 (full 0):
 garbage-first heap   total 129024K, used 5418K [0x0000000082800000, 0x0000000100000000)
  region size 1024K, 3 young (3072K), 3 survivors (3072K)
 Metaspace       used 8606K, committed 8832K, reserved 1114112K
  class space    used 965K, committed 1088K, reserved 1048576K
}

Dll operation events (11 events):
Event: 0.036 Loaded shared library C:\Users\HOME\.jdks\azul-21.0.3\bin\java.dll
Event: 0.065 Loaded shared library C:\Users\HOME\.jdks\azul-21.0.3\bin\jsvml.dll
Event: 0.109 Loaded shared library C:\Users\HOME\.jdks\azul-21.0.3\bin\zip.dll
Event: 0.113 Loaded shared library C:\Users\HOME\.jdks\azul-21.0.3\bin\instrument.dll
Event: 0.117 Loaded shared library C:\Users\HOME\.jdks\azul-21.0.3\bin\net.dll
Event: 0.119 Loaded shared library C:\Users\HOME\.jdks\azul-21.0.3\bin\nio.dll
Event: 0.125 Loaded shared library C:\Users\HOME\.jdks\azul-21.0.3\bin\zip.dll
Event: 0.215 Loaded shared library C:\Users\HOME\IntelliJ IDEA Community Edition 2024.1.1\bin\breakgen64.dll
Event: 0.226 Loaded shared library C:\Users\HOME\.jdks\azul-21.0.3\bin\extnet.dll
Event: 0.272 Loaded shared library C:\Users\HOME\.jdks\azul-21.0.3\bin\jimage.dll
Event: 1.186 Loaded shared library C:\Users\HOME\.jdks\azul-21.0.3\bin\sunmscapi.dll

Deoptimization events (20 events):
Event: 1.060 Thread 0x00000206a6585f20 Uncommon trap: trap_request=0xffffffde fr.pc=0x00000206b8a10b18 relative=0x0000000000000338
Event: 1.060 Thread 0x00000206a6585f20 Uncommon trap: reason=class_check action=maybe_recompile pc=0x00000206b8a10b18 method=java.util.HashMap.getNode(Ljava/lang/Object;)Ljava/util/HashMap$Node; @ 128 c2
Event: 1.060 Thread 0x00000206a6585f20 DEOPT PACKING pc=0x00000206b8a10b18 sp=0x000000faffcfbfd0
Event: 1.060 Thread 0x00000206a6585f20 DEOPT UNPACKING pc=0x00000206b84746a2 sp=0x000000faffcfbf38 mode 2
Event: 1.079 Thread 0x00000206a6585f20 Uncommon trap: trap_request=0xffffff6e fr.pc=0x00000206b89ff7a4 relative=0x0000000000000464
Event: 1.079 Thread 0x00000206a6585f20 Uncommon trap: reason=loop_limit_check action=maybe_recompile pc=0x00000206b89ff7a4 method=java.lang.StringLatin1.indexOf([BI[BII)I @ 37 c2
Event: 1.079 Thread 0x00000206a6585f20 DEOPT PACKING pc=0x00000206b89ff7a4 sp=0x000000faffcfb4d0
Event: 1.079 Thread 0x00000206a6585f20 DEOPT UNPACKING pc=0x00000206b84746a2 sp=0x000000faffcfb430 mode 2
Event: 1.130 Thread 0x00000206a6585f20 Uncommon trap: trap_request=0xffffffc6 fr.pc=0x00000206b8a04b54 relative=0x00000000000002f4
Event: 1.130 Thread 0x00000206a6585f20 Uncommon trap: reason=bimorphic_or_optimized_type_check action=maybe_recompile pc=0x00000206b8a04b54 method=java.util.concurrent.ConcurrentHashMap.get(Ljava/lang/Object;)Ljava/lang/Object; @ 149 c2
Event: 1.130 Thread 0x00000206a6585f20 DEOPT PACKING pc=0x00000206b8a04b54 sp=0x000000faffcfa800
Event: 1.130 Thread 0x00000206a6585f20 DEOPT UNPACKING pc=0x00000206b84746a2 sp=0x000000faffcfa780 mode 2
Event: 1.130 Thread 0x00000206a6585f20 Uncommon trap: trap_request=0xffffffc6 fr.pc=0x00000206b8a04b54 relative=0x00000000000002f4
Event: 1.130 Thread 0x00000206a6585f20 Uncommon trap: reason=bimorphic_or_optimized_type_check action=maybe_recompile pc=0x00000206b8a04b54 method=java.util.concurrent.ConcurrentHashMap.get(Ljava/lang/Object;)Ljava/lang/Object; @ 149 c2
Event: 1.130 Thread 0x00000206a6585f20 DEOPT PACKING pc=0x00000206b8a04b54 sp=0x000000faffcfa870
Event: 1.130 Thread 0x00000206a6585f20 DEOPT UNPACKING pc=0x00000206b84746a2 sp=0x000000faffcfa7f0 mode 2
Event: 1.205 Thread 0x00000206a6585f20 Uncommon trap: trap_request=0xffffff45 fr.pc=0x00000206b89d1134 relative=0x0000000000000194
Event: 1.205 Thread 0x00000206a6585f20 Uncommon trap: reason=unstable_if action=reinterpret pc=0x00000206b89d1134 method=jdk.internal.util.ArraysSupport.vectorizedHashCode(Ljava/lang/Object;IIII)I @ 2 c2
Event: 1.205 Thread 0x00000206a6585f20 DEOPT PACKING pc=0x00000206b89d1134 sp=0x000000faffcfade0
Event: 1.205 Thread 0x00000206a6585f20 DEOPT UNPACKING pc=0x00000206b84746a2 sp=0x000000faffcfad90 mode 2

Classes loaded (20 events):
Event: 1.269 Loading class sun/security/util/math/intpoly/IntegerPolynomialP384
Event: 1.269 Loading class sun/util/cldr/CLDRBaseLocaleDataMetaInfo$TZCanonicalIDMapHolder
Event: 1.269 Loading class sun/security/util/math/intpoly/IntegerPolynomialP384 done
Event: 1.269 Loading class sun/security/util/math/intpoly/IntegerPolynomialP521
Event: 1.270 Loading class sun/util/cldr/CLDRBaseLocaleDataMetaInfo$TZCanonicalIDMapHolder done
Event: 1.270 Loading class sun/security/util/math/intpoly/IntegerPolynomialP521 done
Event: 1.270 Loading class sun/security/util/math/intpoly/P384OrderField
Event: 1.271 Loading class sun/security/util/math/intpoly/P384OrderField done
Event: 1.271 Loading class sun/security/util/math/intpoly/P521OrderField
Event: 1.271 Loading class sun/util/resources/TimeZoneNames
Event: 1.271 Loading class sun/security/util/math/intpoly/P521OrderField done
Event: 1.272 Loading class sun/util/resources/TimeZoneNames done
Event: 1.272 Loading class java/security/interfaces/ECPrivateKey
Event: 1.272 Loading class sun/util/resources/TimeZoneNames_en
Event: 1.272 Loading class sun/util/resources/TimeZoneNames_en done
Event: 1.273 Loading class java/security/interfaces/ECPrivateKey done
Event: 1.273 Loading class sun/security/util/ArrayUtil
Event: 1.273 Loading class sun/security/util/ArrayUtil done
Event: 1.276 Loading class sun/security/util/math/IntegerModuloP$MultiplicativeInverser$Secp256R1
Event: 1.276 Loading class sun/security/util/math/IntegerModuloP$MultiplicativeInverser$Secp256R1 done

Classes unloaded (0 events):
No events

Classes redefined (0 events):
No events

Internal exceptions (16 events):
Event: 0.162 Thread 0x00000206a6585f20 Exception <a 'java/lang/NoSuchMethodError'{0x000000008a2af238}: 'void java.lang.invoke.DirectMethodHandle$Holder.invokeStatic(java.lang.Object, java.lang.Object, java.lang.Object)'> (0x000000008a2af238) 
thrown [s\src\hotspot\share\interpreter\linkResolver.cpp, line 773]
Event: 0.166 Thread 0x00000206a6585f20 Exception <a 'java/lang/NoSuchMethodError'{0x000000008a2c6740}: 'java.lang.Object java.lang.invoke.Invokers$Holder.invokeExact_MT(java.lang.Object, java.lang.Object, java.lang.Object, java.lang.Object, java.lang.Object)'> (0x000000008a2c6740) 
thrown [s\src\hotspot\share\interpreter\linkResolver.cpp, line 773]
Event: 0.227 Thread 0x00000206c58293f0 Exception <a 'java/lang/NoSuchMethodError'{0x000000008a108a40}: 'void java.lang.invoke.DirectMethodHandle$Holder.invokeStatic(java.lang.Object, java.lang.Object)'> (0x000000008a108a40) 
thrown [s\src\hotspot\share\interpreter\linkResolver.cpp, line 773]
Event: 0.299 Thread 0x00000206a6585f20 Exception <a 'java/lang/NoSuchMethodError'{0x000000008a0d8388}: 'java.lang.ClassLoader java.lang.Class.getClassLoader(java.lang.Class)'> (0x000000008a0d8388) 
thrown [s\src\hotspot\share\interpreter\linkResolver.cpp, line 773]
Event: 0.300 Thread 0x00000206a6585f20 Exception <a 'java/lang/NoSuchMethodError'{0x000000008a0e0248}: 'java.lang.Object java.lang.invoke.DirectMethodHandle$Holder.invokeStatic(java.lang.Object, java.lang.Object, int)'> (0x000000008a0e0248) 
thrown [s\src\hotspot\share\interpreter\linkResolver.cpp, line 773]
Event: 0.302 Thread 0x00000206a6585f20 Exception <a 'java/lang/NoSuchMethodError'{0x000000008a0eb790}: 'void java.lang.invoke.DelegatingMethodHandle$Holder.delegate(java.lang.Object, java.lang.Object, int, java.lang.Object)'> (0x000000008a0eb790) 
thrown [s\src\hotspot\share\interpreter\linkResolver.cpp, line 773]
Event: 0.302 Thread 0x00000206a6585f20 Exception <a 'java/lang/NoSuchMethodError'{0x000000008a0ef470}: 'int java.lang.invoke.DirectMethodHandle$Holder.invokeSpecial(java.lang.Object, java.lang.Object, java.lang.Object)'> (0x000000008a0ef470) 
thrown [s\src\hotspot\share\interpreter\linkResolver.cpp, line 773]
Event: 0.656 Thread 0x00000206a6585f20 Exception <a 'java/lang/NoSuchMethodError'{0x0000000089aece90}: 'void java.lang.invoke.DirectMethodHandle$Holder.invokeSpecial(java.lang.Object, java.lang.Object, java.lang.Object)'> (0x0000000089aece90) 
thrown [s\src\hotspot\share\interpreter\linkResolver.cpp, line 773]
Event: 0.759 Thread 0x00000206a6585f20 Exception <a 'java/lang/NoSuchMethodError'{0x000000008970ac00}: 'java.lang.Object java.lang.invoke.DirectMethodHandle$Holder.invokeStaticInit(java.lang.Object, int, int, int, int)'> (0x000000008970ac00) 
thrown [s\src\hotspot\share\interpreter\linkResolver.cpp, line 773]
Event: 0.776 Thread 0x00000206a6585f20 Exception <a 'java/lang/NoSuchMethodError'{0x000000008972fda0}: 'java.lang.Object java.lang.invoke.DirectMethodHandle$Holder.invokeStaticInit(java.lang.Object, java.lang.Object, int, int, int, int)'> (0x000000008972fda0) 
thrown [s\src\hotspot\share\interpreter\linkResolver.cpp, line 773]
Event: 0.805 Thread 0x00000206a6585f20 Implicit null exception at 0x00000206b8a07be6 to 0x00000206b8a07c92
Event: 0.839 Thread 0x00000206a6585f20 Exception <a 'java/lang/NoSuchMethodError'{0x00000000894625b8}: 'java.lang.Object java.lang.invoke.Invokers$Holder.invokeExact_MT(java.lang.Object, java.lang.Object, java.lang.Object, java.lang.Object, java.lang.Object, java.lang.Object)'> (0x00000000894625b8) 
thrown [s\src\hotspot\share\interpreter\linkResolver.cpp, line 773]
Event: 0.915 Thread 0x00000206a6585f20 Exception <a 'java/lang/NoSuchMethodError'{0x0000000089077270}: 'java.lang.Object java.lang.invoke.DirectMethodHandle$Holder.invokeInterface(java.lang.Object, java.lang.Object)'> (0x0000000089077270) 
thrown [s\src\hotspot\share\interpreter\linkResolver.cpp, line 773]
Event: 0.930 Thread 0x00000206a6585f20 Exception <a 'java/lang/NoSuchMethodError'{0x0000000088f038d8}: 'java.lang.Object java.lang.invoke.DirectMethodHandle$Holder.invokeVirtual(java.lang.Object, java.lang.Object, java.lang.Object)'> (0x0000000088f038d8) 
thrown [s\src\hotspot\share\interpreter\linkResolver.cpp, line 773]
Event: 1.049 Thread 0x00000206a6585f20 Exception <a 'java/lang/NoSuchMethodError'{0x000000008a051430}: 'void java.lang.invoke.DirectMethodHandle$Holder.invokeStaticInit(java.lang.Object, java.lang.Object)'> (0x000000008a051430) 
thrown [s\src\hotspot\share\interpreter\linkResolver.cpp, line 773]
Event: 1.092 Thread 0x00000206a6585f20 Exception <a 'sun/nio/fs/WindowsException'{0x0000000089f4bd58}> (0x0000000089f4bd58) 
thrown [s\src\hotspot\share\prims\jni.cpp, line 520]

ZGC Phase Switch (0 events):
No events

VM Operations (20 events):
Event: 0.889 Executing VM operation: HandshakeAllThreads (Deoptimize)
Event: 0.889 Executing VM operation: HandshakeAllThreads (Deoptimize) done
Event: 0.889 Executing VM operation: HandshakeAllThreads (Deoptimize)
Event: 0.889 Executing VM operation: HandshakeAllThreads (Deoptimize) done
Event: 0.892 Executing VM operation: ICBufferFull
Event: 0.892 Executing VM operation: ICBufferFull done
Event: 0.898 Executing VM operation: HandshakeAllThreads (Deoptimize)
Event: 0.898 Executing VM operation: HandshakeAllThreads (Deoptimize) done
Event: 0.926 Executing VM operation: HandshakeAllThreads (Deoptimize)
Event: 0.926 Executing VM operation: HandshakeAllThreads (Deoptimize) done
Event: 0.951 Executing VM operation: G1CollectForAllocation (G1 Evacuation Pause)
Event: 0.956 Executing VM operation: G1CollectForAllocation (G1 Evacuation Pause) done
Event: 0.987 Executing VM operation: HandshakeAllThreads (Deoptimize)
Event: 0.987 Executing VM operation: HandshakeAllThreads (Deoptimize) done
Event: 1.031 Executing VM operation: HandshakeAllThreads (Deoptimize)
Event: 1.031 Executing VM operation: HandshakeAllThreads (Deoptimize) done
Event: 1.059 Executing VM operation: HandshakeAllThreads (Deoptimize)
Event: 1.059 Executing VM operation: HandshakeAllThreads (Deoptimize) done
Event: 1.119 Executing VM operation: HandshakeAllThreads (Deoptimize)
Event: 1.119 Executing VM operation: HandshakeAllThreads (Deoptimize) done

Events (17 events):
Event: 0.050 Thread 0x00000206a6585f20 Thread added: 0x00000206a6585f20
Event: 0.063 Thread 0x00000206c537db00 Thread added: 0x00000206c537db00
Event: 0.063 Thread 0x00000206c537ea20 Thread added: 0x00000206c537ea20
Event: 0.064 Thread 0x00000206c53821a0 Thread added: 0x00000206c53821a0
Event: 0.064 Thread 0x00000206c5382d00 Thread added: 0x00000206c5382d00
Event: 0.064 Thread 0x00000206c53848a0 Thread added: 0x00000206c53848a0
Event: 0.064 Thread 0x00000206c538f320 Thread added: 0x00000206c538f320
Event: 0.064 Thread 0x00000206c5393810 Thread added: 0x00000206c5393810
Event: 0.064 Thread 0x00000206c53952c0 Thread added: 0x00000206c53952c0
Event: 0.091 Thread 0x00000206c5348350 Thread added: 0x00000206c5348350
Event: 0.105 Thread 0x00000206c5643110 Thread added: 0x00000206c5643110
Event: 0.216 Thread 0x00000206c58293f0 Thread added: 0x00000206c58293f0
Event: 0.216 Thread 0x00000206c5829a60 Thread added: 0x00000206c5829a60
Event: 0.243 Thread 0x00000206c5643110 Thread exited: 0x00000206c5643110
Event: 0.507 Thread 0x00000206c58797c0 Thread added: 0x00000206c58797c0
Event: 0.890 Thread 0x000002070b70fe30 Thread added: 0x000002070b70fe30
Event: 1.284 Thread 0x000002070b922f00 Thread added: 0x000002070b922f00


Dynamic libraries:
0x00007ff7b43c0000 - 0x00007ff7b43ce000 	C:\Users\HOME\.jdks\azul-21.0.3\bin\java.exe
0x00007fffdc0d0000 - 0x00007fffdc2e7000 	C:\WINDOWS\SYSTEM32\ntdll.dll
0x00007fffda370000 - 0x00007fffda434000 	C:\WINDOWS\System32\KERNEL32.DLL
0x00007fffd9400000 - 0x00007fffd97ad000 	C:\WINDOWS\System32\KERNELBASE.dll
0x00007fffd9b90000 - 0x00007fffd9ca1000 	C:\WINDOWS\System32\ucrtbase.dll
0x00007fffd49d0000 - 0x00007fffd49eb000 	C:\Users\HOME\.jdks\azul-21.0.3\bin\VCRUNTIME140.dll
0x00007fffc5130000 - 0x00007fffc5149000 	C:\Users\HOME\.jdks\azul-21.0.3\bin\jli.dll
0x00007fffda440000 - 0x00007fffda5ee000 	C:\WINDOWS\System32\USER32.dll
0x00007fffd99c0000 - 0x00007fffd99e6000 	C:\WINDOWS\System32\win32u.dll
0x00007fffc25c0000 - 0x00007fffc2853000 	C:\WINDOWS\WinSxS\amd64_microsoft.windows.common-controls_6595b64144ccf1df_6.0.22621.3672_none_2713b9d173822955\COMCTL32.dll
0x00007fffda7a0000 - 0x00007fffda7c9000 	C:\WINDOWS\System32\GDI32.dll
0x00007fffdb540000 - 0x00007fffdb5e7000 	C:\WINDOWS\System32\msvcrt.dll
0x00007fffd97b0000 - 0x00007fffd98c9000 	C:\WINDOWS\System32\gdi32full.dll
0x00007fffd9cb0000 - 0x00007fffd9d4a000 	C:\WINDOWS\System32\msvcp_win.dll
0x00007fffda330000 - 0x00007fffda361000 	C:\WINDOWS\System32\IMM32.DLL
0x00007fffc5120000 - 0x00007fffc512c000 	C:\Users\HOME\.jdks\azul-21.0.3\bin\vcruntime140_1.dll
0x00007fffb2ed0000 - 0x00007fffb2f5e000 	C:\Users\HOME\.jdks\azul-21.0.3\bin\msvcp140.dll
0x00007fff426b0000 - 0x00007fff43444000 	C:\Users\HOME\.jdks\azul-21.0.3\bin\server\jvm.dll
0x00007fffd9f80000 - 0x00007fffda032000 	C:\WINDOWS\System32\ADVAPI32.dll
0x00007fffda280000 - 0x00007fffda329000 	C:\WINDOWS\System32\sechost.dll
0x00007fffd99f0000 - 0x00007fffd9a18000 	C:\WINDOWS\System32\bcrypt.dll
0x00007fffdb1b0000 - 0x00007fffdb2c4000 	C:\WINDOWS\System32\RPCRT4.dll
0x00007fffda200000 - 0x00007fffda271000 	C:\WINDOWS\System32\WS2_32.dll
0x00007fffd8290000 - 0x00007fffd82dd000 	C:\WINDOWS\SYSTEM32\POWRPROF.dll
0x00007fffd4ce0000 - 0x00007fffd4d14000 	C:\WINDOWS\SYSTEM32\WINMM.dll
0x00007fffd5070000 - 0x00007fffd507a000 	C:\WINDOWS\SYSTEM32\VERSION.dll
0x00007fffd8270000 - 0x00007fffd8283000 	C:\WINDOWS\SYSTEM32\UMPDC.dll
0x00007fffd8520000 - 0x00007fffd8538000 	C:\WINDOWS\SYSTEM32\kernel.appcore.dll
0x00007fffc5110000 - 0x00007fffc511a000 	C:\Users\HOME\.jdks\azul-21.0.3\bin\jimage.dll
0x00007fffd6d40000 - 0x00007fffd6f72000 	C:\WINDOWS\SYSTEM32\DBGHELP.DLL
0x00007fffdbd00000 - 0x00007fffdc088000 	C:\WINDOWS\System32\combase.dll
0x00007fffd9e10000 - 0x00007fffd9ee7000 	C:\WINDOWS\System32\OLEAUT32.dll
0x00007fffb0bc0000 - 0x00007fffb0bf2000 	C:\WINDOWS\SYSTEM32\dbgcore.DLL
0x00007fffd98d0000 - 0x00007fffd994b000 	C:\WINDOWS\System32\bcryptPrimitives.dll
0x00007fffbe400000 - 0x00007fffbe40f000 	C:\Users\HOME\.jdks\azul-21.0.3\bin\instrument.dll
0x00007fffbe950000 - 0x00007fffbe96f000 	C:\Users\HOME\.jdks\azul-21.0.3\bin\java.dll
0x00007fffda950000 - 0x00007fffdb1af000 	C:\WINDOWS\System32\SHELL32.dll
0x00007fffd7360000 - 0x00007fffd7c5c000 	C:\WINDOWS\SYSTEM32\windows.storage.dll
0x00007fffd7220000 - 0x00007fffd735f000 	C:\WINDOWS\SYSTEM32\wintypes.dll
0x00007fffda7d0000 - 0x00007fffda8c4000 	C:\WINDOWS\System32\SHCORE.dll
0x00007fffda8d0000 - 0x00007fffda92e000 	C:\WINDOWS\System32\shlwapi.dll
0x00007fffd9330000 - 0x00007fffd9351000 	C:\WINDOWS\SYSTEM32\profapi.dll
0x00007fff8f730000 - 0x00007fff8f807000 	C:\Users\HOME\.jdks\azul-21.0.3\bin\jsvml.dll
0x00007fffb8840000 - 0x00007fffb8858000 	C:\Users\HOME\.jdks\azul-21.0.3\bin\zip.dll
0x00007fffbe940000 - 0x00007fffbe950000 	C:\Users\HOME\.jdks\azul-21.0.3\bin\net.dll
0x00007fffd5460000 - 0x00007fffd5596000 	C:\WINDOWS\SYSTEM32\WINHTTP.dll
0x00007fffd8990000 - 0x00007fffd89f9000 	C:\WINDOWS\system32\mswsock.dll
0x00007fffbc940000 - 0x00007fffbc956000 	C:\Users\HOME\.jdks\azul-21.0.3\bin\nio.dll
0x00007fffb0b50000 - 0x00007fffb0b6a000 	C:\Users\HOME\IntelliJ IDEA Community Edition 2024.1.1\bin\breakgen64.dll
0x00007fffba0d0000 - 0x00007fffba0d9000 	C:\Users\HOME\.jdks\azul-21.0.3\bin\extnet.dll
0x00007fffd8bf0000 - 0x00007fffd8c0b000 	C:\WINDOWS\SYSTEM32\CRYPTSP.dll
0x00007fffd8480000 - 0x00007fffd84b5000 	C:\WINDOWS\system32\rsaenh.dll
0x00007fffd8a90000 - 0x00007fffd8ab8000 	C:\WINDOWS\SYSTEM32\USERENV.dll
0x00007fffd8c10000 - 0x00007fffd8c1c000 	C:\WINDOWS\SYSTEM32\CRYPTBASE.dll
0x00007fffd7f30000 - 0x00007fffd7f5d000 	C:\WINDOWS\SYSTEM32\IPHLPAPI.DLL
0x00007fffda680000 - 0x00007fffda689000 	C:\WINDOWS\System32\NSI.dll
0x00007fffd7fa0000 - 0x00007fffd8098000 	C:\WINDOWS\SYSTEM32\DNSAPI.dll
0x00000000567b0000 - 0x00000000567d6000 	C:\Program Files\Bonjour\mdnsNSP.dll
0x00007fffd20a0000 - 0x00007fffd20aa000 	C:\Windows\System32\rasadhlp.dll
0x00007fffd3d40000 - 0x00007fffd3dc3000 	C:\WINDOWS\System32\fwpuclnt.dll
0x00007fffb9b20000 - 0x00007fffb9b2e000 	C:\Users\HOME\.jdks\azul-21.0.3\bin\sunmscapi.dll
0x00007fffd9a20000 - 0x00007fffd9b87000 	C:\WINDOWS\System32\CRYPT32.dll
0x00007fffd8db0000 - 0x00007fffd8dde000 	C:\WINDOWS\SYSTEM32\ncrypt.dll
0x00007fffd8d70000 - 0x00007fffd8da7000 	C:\WINDOWS\SYSTEM32\NTASN1.dll

dbghelp: loaded successfully - version: 4.0.5 - missing functions: none
symbol engine: initialized successfully - sym options: 0x614 - pdb path: .;C:\Users\HOME\.jdks\azul-21.0.3\bin;C:\WINDOWS\SYSTEM32;C:\WINDOWS\WinSxS\amd64_microsoft.windows.common-controls_6595b64144ccf1df_6.0.22621.3672_none_2713b9d173822955;C:\Users\HOME\.jdks\azul-21.0.3\bin\server;C:\Users\HOME\IntelliJ IDEA Community Edition 2024.1.1\bin;C:\Program Files\Bonjour

VM Arguments:
jvm_args: -javaagent:C:\Users\HOME\IntelliJ IDEA Community Edition 2024.1.1\lib\idea_rt.jar=62757:C:\Users\HOME\IntelliJ IDEA Community Edition 2024.1.1\bin -Dfile.encoding=UTF-8 -Dsun.stdout.encoding=UTF-8 -Dsun.stderr.encoding=UTF-8 
java_command: Program
java_class_path (initial): D:\VTI\Railway85\Java Advanced\Poject_demo\target\classes;C:\Users\HOME\.m2\repository\com\mysql\mysql-connector-j\9.0.0\mysql-connector-j-9.0.0.jar;C:\Users\HOME\.m2\repository\com\google\protobuf\protobuf-java\4.26.1\protobuf-java-4.26.1.jar;C:\Users\HOME\.m2\repository\org\hibernate\orm\hibernate-core\6.5.2.Final\hibernate-core-6.5.2.Final.jar;C:\Users\HOME\.m2\repository\jakarta\persistence\jakarta.persistence-api\3.1.0\jakarta.persistence-api-3.1.0.jar;C:\Users\HOME\.m2\repository\jakarta\transaction\jakarta.transaction-api\2.0.1\jakarta.transaction-api-2.0.1.jar;C:\Users\HOME\.m2\repository\org\jboss\logging\jboss-logging\3.5.0.Final\jboss-logging-3.5.0.Final.jar;C:\Users\HOME\.m2\repository\org\hibernate\common\hibernate-commons-annotations\6.0.6.Final\hibernate-commons-annotations-6.0.6.Final.jar;C:\Users\HOME\.m2\repository\io\smallrye\jandex\3.1.2\jandex-3.1.2.jar;C:\Users\HOME\.m2\repository\com\fasterxml\classmate\1.5.1\classmate-1.5.1.jar;C:\Users\HOME\.m2\repository\net\bytebuddy\byte-buddy\1.14.15\byte-buddy-1.14.15.jar;C:\Users\HOME\.m2\repository\jakarta\xml\bind\jakarta.xml.bind-api\4.0.0\jakarta.xml.bind-api-4.0.0.jar;C:\Users\HOME\.m2\repository\jakarta\activation\jakarta.activation-api\2.1.0\jakarta.activation-api-2.1.0.jar;C:\Users\HOME\.m2\repository\org\glassfish\jaxb\jaxb-runtime\4.0.2\jaxb-runtime-4.0.2.jar;C:\Users\HOME\.m2\repository\org\glassfish\jaxb\jaxb-core\4.0.2\jaxb-core-4.0.2.jar;C:\Users\HOME\.m2\repository\org\eclipse\angus\angus-activation\2.0.0\angus-activation-2.0.0.jar;C:\Users\HOME\.m2\repository\org\glassfish\jaxb\txw2\4.0.2\txw2-4.0.2.jar;C:\Users\HOME\.m2\repository\com\sun\istack\istack-commons-runtime\4.1.1\istack-commons-runtime-4.1.1.jar;C:\Users\HOME\.m2\repository\jakarta\inject\jakarta.inject-api\2.0.1\jakarta.inject-api-2.0.1.jar;C:\Users\HOME\.m2\repository\org\antlr\antlr4-runtime\4.13.0\antlr4-runtime-4.13.0.jar
Launcher Type: SUN_STANDARD

[Global flags]
     intx CICompilerCount                          = 4                                         {product} {ergonomic}
     uint ConcGCThreads                            = 2                                         {product} {ergonomic}
     uint G1ConcRefinementThreads                  = 8                                         {product} {ergonomic}
   size_t G1HeapRegionSize                         = 1048576                                   {product} {ergonomic}
    uintx GCDrainStackTargetSize                   = 64                                        {product} {ergonomic}
   size_t InitialHeapSize                          = 132120576                                 {product} {ergonomic}
   size_t MarkStackSize                            = 4194304                                   {product} {ergonomic}
   size_t MaxHeapSize                              = 2105540608                                {product} {ergonomic}
   size_t MaxNewSize                               = 1262485504                                {product} {ergonomic}
   size_t MinHeapDeltaBytes                        = 1048576                                   {product} {ergonomic}
   size_t MinHeapSize                              = 8388608                                   {product} {ergonomic}
    uintx NonNMethodCodeHeapSize                   = 5839372                                {pd product} {ergonomic}
    uintx NonProfiledCodeHeapSize                  = 122909434                              {pd product} {ergonomic}
    uintx ProfiledCodeHeapSize                     = 122909434                              {pd product} {ergonomic}
    uintx ReservedCodeCacheSize                    = 251658240                              {pd product} {ergonomic}
     bool SegmentedCodeCache                       = true                                      {product} {ergonomic}
   size_t SoftMaxHeapSize                          = 2105540608                             {manageable} {ergonomic}
     bool UseCompressedOops                        = true                           {product lp64_product} {ergonomic}
     bool UseG1GC                                  = true                                      {product} {ergonomic}
     bool UseLargePagesIndividualAllocation        = false                                  {pd product} {ergonomic}

Logging:
Log output configuration:
 #0: stdout all=warning uptime,level,tags foldmultilines=false
 #1: stderr all=off uptime,level,tags foldmultilines=false

Environment Variables:
PATH=C:\Program Files (x86)\VMware\VMware Workstation\bin\;C:\Windows\system32;C:\Windows;C:\Windows\System32\Wbem;C:\Windows\System32\WindowsPowerShell\v1.0\;C:\Windows\System32\OpenSSH\;C:\WINDOWS\system32;C:\WINDOWS;C:\WINDOWS\System32\Wbem;C:\WINDOWS\System32\WindowsPowerShell\v1.0\;C:\WINDOWS\System32\OpenSSH\;C:\TDM-GCC-64\bin;D:\PHAN MEM\bin;C:\Program Files\nodejs\;D:\Java\Git\cmd;D:\laragon\bin\php\php_8.2;C:\Users\HOME\AppData\Local\Yarn\config\global\node_modules\.bin;C:\Users\HOME\AppData\Roaming\Composer\vendor\bin;C:\Users\HOME\AppData\Roaming\npm;D:\laragon\bin;D:\laragon\bin\apache\httpd-2.4.54-win64-VS16\bin;D:\laragon\bin\composer;D:\laragon\bin\git\bin;D:\laragon\bin\git\cmd;D:\laragon\bin\git\mingw64\bin;D:\laragon\bin\git\usr\bin;D:\laragon\bin\laragon\utils;D:\laragon\bin\mysql\mysql-8.0.30-winx64\bin;D:\laragon\bin\nginx\nginx-1.22.0;D:\laragon\bin\ngrok;D:\laragon\bin\nodejs\node-v18;D:\laragon\bin\notepad++;D:\laragon\bin\php\php_8.2;D:\laragon\bin\python\python-3.10;D:\laragon\bin\python\python-3.10\Scripts;D:\laragon\bin\redis\redis-x64-5.0.14.1;D:\laragon\bin\telnet;D:\laragon\usr\bin;C:\Users\HOME\AppData\Local\Microsoft\WindowsApps;C:\Users\HOME\AppData\Local\Programs\Microsoft VS Code\bin;C:\Program Files\JetBrains\IntelliJ IDEA Community Edition 2023.3.1\bin;C:\Users\HOME\AppData\Local\ComposerSetup\bin;
USERNAME=HOME
OS=Windows_NT
PROCESSOR_IDENTIFIER=Intel64 Family 6 Model 165 Stepping 2, GenuineIntel
TMP=C:\Users\HOME\AppData\Local\Temp
TEMP=C:\Users\HOME\AppData\Local\Temp




Periodic native trim disabled

---------------  S Y S T E M  ---------------

OS:
 Windows 11 , 64 bit Build 22621 (10.0.22621.3672)
OS uptime: 0 days 19:37 hours

CPU: total 8 (initial active 8) (4 cores per cpu, 2 threads per core) family 6 model 165 stepping 2 microcode 0xe0, cx8, cmov, fxsr, ht, mmx, 3dnowpref, sse, sse2, sse3, ssse3, sse4.1, sse4.2, popcnt, lzcnt, tsc, tscinvbit, avx, avx2, aes, erms, clmul, bmi1, bmi2, adx, fma, vzeroupper, clflush, clflushopt, rdtscp, f16c, pku
Processor Information for all 8 processors :
  Max Mhz: 2496, Current Mhz: 2496, Mhz Limit: 2496

Memory: 4k page, system-wide physical 8029M (600M free)
TotalPageFile size 12125M (AvailPageFile size 0M)
current process WorkingSet (physical memory assigned to process): 100M, peak: 100M
current process commit charge ("private bytes"): 237M, peak: 237M

vm_info: OpenJDK 64-Bit Server VM (21.0.3+9-LTS) for windows-amd64 JRE (21.0.3+9-LTS) (Zulu21.34+19-CA), built on 2024-04-09T07:26:03Z by "zulu_re" with MS VC++ 17.1 (VS2022)

END.
