#
# There is insufficient memory for the Java Runtime Environment to continue.
# Native memory allocation (malloc) failed to allocate 32784 bytes. Error detail: Chunk::new
# Possible reasons:
#   The system is out of physical RAM or swap space
#   This process is running with CompressedOops enabled, and the Java Heap may be blocking the growth of the native heap
# Possible solutions:
#   Reduce memory load on the system
#   Increase physical memory or swap space
#   Check if swap backing store is full
#   Decrease Java heap size (-Xmx/-Xms)
#   Decrease number of Java threads
#   Decrease Java thread stack sizes (-Xss)
#   Set larger code cache with -XX:ReservedCodeCacheSize=
#   JVM is running with Unscaled Compressed Oops mode in which the Java heap is
#     placed in the first 4GB address space. The Java Heap base address is the
#     maximum limit for the native heap growth. Please use -XX:HeapBaseMinAddress
#     to set the Java Heap base and to place the Java Heap above 4GB virtual address.
# This output file may be truncated or incomplete.
#
#  Out of Memory Error (arena.cpp:168), pid=20988, tid=15976
#
# JRE version: OpenJDK Runtime Environment Zulu21.34+19-CA (21.0.3+9) (build 21.0.3+9-LTS)
# Java VM: OpenJDK 64-Bit Server VM Zulu21.34+19-CA (21.0.3+9-LTS, mixed mode, sharing, tiered, compressed oops, compressed class ptrs, g1 gc, windows-amd64)
# No core dump will be written. Minidumps are not enabled by default on client versions of Windows
#

---------------  S U M M A R Y ------------

Command Line: -javaagent:C:\Users\HOME\IntelliJ IDEA Community Edition 2024.1.1\lib\idea_rt.jar=49293:C:\Users\HOME\IntelliJ IDEA Community Edition 2024.1.1\bin -Dfile.encoding=UTF-8 -Dsun.stdout.encoding=UTF-8 -Dsun.stderr.encoding=UTF-8 Program

Host: Intel(R) Core(TM) i5-10300H CPU @ 2.50GHz, 8 cores, 7G,  Windows 11 , 64 bit Build 22621 (10.0.22621.3672)
Time: Fri Jul 12 21:06:40 2024 SE Asia Standard Time elapsed time: 0.878485 seconds (0d 0h 0m 0s)

---------------  T H R E A D  ---------------

Current thread (0x000002afa3f04910):  JavaThread "C1 CompilerThread0" daemon [_thread_in_native, id=15976, stack(0x000000ec0d700000,0x000000ec0d800000) (1024K)]


Current CompileTask:
C1:    878  742       3       java.net.URLStreamHandler::parseURL (1124 bytes)

Stack: [0x000000ec0d700000,0x000000ec0d800000]
Native frames: (J=compiled Java code, j=interpreted, Vv=VM code, C=native code)
V  [jvm.dll+0x6d3919]
V  [jvm.dll+0x8ae6d1]
V  [jvm.dll+0x8b0a3e]
V  [jvm.dll+0x8b1123]
V  [jvm.dll+0x286316]
V  [jvm.dll+0xc5acd]
V  [jvm.dll+0xc6003]
V  [jvm.dll+0xd192d]
V  [jvm.dll+0x198a5b]
V  [jvm.dll+0x19fe96]
V  [jvm.dll+0x19fd10]
V  [jvm.dll+0x1986e5]
V  [jvm.dll+0x19774a]
V  [jvm.dll+0x1a097b]
V  [jvm.dll+0x1988b8]
V  [jvm.dll+0x19bd92]
V  [jvm.dll+0x1553c3]
V  [jvm.dll+0x154c78]
V  [jvm.dll+0x154eb4]
V  [jvm.dll+0x1542f6]
V  [jvm.dll+0x15605d]
V  [jvm.dll+0x259d99]
V  [jvm.dll+0x25831a]
V  [jvm.dll+0x3f6236]
V  [jvm.dll+0x857848]
V  [jvm.dll+0x6d206d]
C  [ucrtbase.dll+0x29333]
C  [KERNEL32.DLL+0x1257d]
C  [ntdll.dll+0x5af28]


---------------  P R O C E S S  ---------------

Threads class SMR info:
_java_thread_list=0x000002afe9619630, length=13, elements={
0x000002af85085490, 0x000002afa3ef4370, 0x000002afa3ef5180, 0x000002afa3ef6910,
0x000002afa3ef7620, 0x000002afa3efd280, 0x000002afa3ef8aa0, 0x000002afa3f03520,
0x000002afa3f04910, 0x000002afa3ebae50, 0x000002afe9414e90, 0x000002afe9415500,
0x000002afe95da840
}

Java Threads: ( => current thread )
  0x000002af85085490 JavaThread "main"                              [_thread_in_vm, id=14248, stack(0x000000ec0c800000,0x000000ec0c900000) (1024K)]
  0x000002afa3ef4370 JavaThread "Reference Handler"          daemon [_thread_blocked, id=288, stack(0x000000ec0d000000,0x000000ec0d100000) (1024K)]
  0x000002afa3ef5180 JavaThread "Finalizer"                  daemon [_thread_blocked, id=13612, stack(0x000000ec0d100000,0x000000ec0d200000) (1024K)]
  0x000002afa3ef6910 JavaThread "Signal Dispatcher"          daemon [_thread_blocked, id=16040, stack(0x000000ec0d200000,0x000000ec0d300000) (1024K)]
  0x000002afa3ef7620 JavaThread "Attach Listener"            daemon [_thread_blocked, id=11276, stack(0x000000ec0d300000,0x000000ec0d400000) (1024K)]
  0x000002afa3efd280 JavaThread "Service Thread"             daemon [_thread_blocked, id=7176, stack(0x000000ec0d400000,0x000000ec0d500000) (1024K)]
  0x000002afa3ef8aa0 JavaThread "Monitor Deflation Thread"   daemon [_thread_blocked, id=9440, stack(0x000000ec0d500000,0x000000ec0d600000) (1024K)]
  0x000002afa3f03520 JavaThread "C2 CompilerThread0"         daemon [_thread_blocked, id=13572, stack(0x000000ec0d600000,0x000000ec0d700000) (1024K)]
=>0x000002afa3f04910 JavaThread "C1 CompilerThread0"         daemon [_thread_in_native, id=15976, stack(0x000000ec0d700000,0x000000ec0d800000) (1024K)]
  0x000002afa3ebae50 JavaThread "Common-Cleaner"             daemon [_thread_blocked, id=13484, stack(0x000000ec0d800000,0x000000ec0d900000) (1024K)]
  0x000002afe9414e90 JavaThread "Monitor Ctrl-Break"         daemon [_thread_in_native, id=12324, stack(0x000000ec0db00000,0x000000ec0dc00000) (1024K)]
  0x000002afe9415500 JavaThread "Notification Thread"        daemon [_thread_blocked, id=20432, stack(0x000000ec0dc00000,0x000000ec0dd00000) (1024K)]
  0x000002afe95da840 JavaThread "C2 CompilerThread1"         daemon [_thread_blocked, id=11452, stack(0x000000ec0d900000,0x000000ec0da00000) (1024K)]
Total: 13

Other Threads:
  0x000002afa3ed30b0 VMThread "VM Thread"                           [id=20876, stack(0x000000ec0cf00000,0x000000ec0d000000) (1024K)]
  0x000002afa3eba0b0 WatcherThread "VM Periodic Task Thread"        [id=14844, stack(0x000000ec0ce00000,0x000000ec0cf00000) (1024K)]
  0x000002af872ef970 WorkerThread "GC Thread#0"                     [id=5044, stack(0x000000ec0c900000,0x000000ec0ca00000) (1024K)]
  0x000002af87300460 ConcurrentGCThread "G1 Main Marker"            [id=1596, stack(0x000000ec0ca00000,0x000000ec0cb00000) (1024K)]
  0x000002af87301120 WorkerThread "G1 Conc#0"                       [id=20208, stack(0x000000ec0cb00000,0x000000ec0cc00000) (1024K)]
  0x000002af8735e8d0 ConcurrentGCThread "G1 Refine#0"               [id=10712, stack(0x000000ec0cc00000,0x000000ec0cd00000) (1024K)]
  0x000002afa3d8aef0 ConcurrentGCThread "G1 Service"                [id=4508, stack(0x000000ec0cd00000,0x000000ec0ce00000) (1024K)]
Total: 7

Threads with active compile tasks:
C1 CompilerThread0      897  742       3       java.net.URLStreamHandler::parseURL (1124 bytes)
Total: 1

VM state: not at safepoint (normal execution)

VM Mutex/Monitor currently owned by a thread:  ([mutex/lock_event])
[0x00007ff8a45e18c8] Metaspace_lock - owner thread: 0x000002af85085490

Heap address: 0x0000000082800000, size: 2008 MB, Compressed Oops mode: 32-bit

CDS archive(s) mapped at: [0x000002afa4000000-0x000002afa4cf0000-0x000002afa4cf0000), size 13565952, SharedBaseAddress: 0x000002afa4000000, ArchiveRelocationMode: 1.
Compressed class space mapped at: 0x000002afa5000000-0x000002afe5000000, reserved size: 1073741824
Narrow klass base: 0x000002afa4000000, Narrow klass shift: 0, Narrow klass range: 0x100000000

GC Precious Log:
 CardTable entry size: 512
 Card Set container configuration: InlinePtr #cards 5 size 8 Array Of Cards #cards 12 size 40 Howl #buckets 4 coarsen threshold 1843 Howl Bitmap #cards 512 size 80 coarsen threshold 460 Card regions per heap region 1 cards per card region 2048
 CPUs: 8 total, 8 available
 Memory: 8029M
 Large Page Support: Disabled
 NUMA Support: Disabled
 Compressed Oops: Enabled (32-bit)
 Heap Region Size: 1M
 Heap Min Capacity: 8M
 Heap Initial Capacity: 126M
 Heap Max Capacity: 2008M
 Pre-touch: Disabled
 Parallel Workers: 8
 Concurrent Workers: 2
 Concurrent Refinement Workers: 8
 Periodic GC: Disabled

Heap:
 garbage-first heap   total 129024K, used 11264K [0x0000000082800000, 0x0000000100000000)
  region size 1024K, 11 young (11264K), 0 survivors (0K)
 Metaspace       used 3080K, committed 3200K, reserved 1114112K
  class space    used 295K, committed 384K, reserved 1048576K

Heap Regions: E=young(eden), S=young(survivor), O=old, HS=humongous(starts), HC=humongous(continues), CS=collection set, F=free, TAMS=top-at-mark-start, PB=parsable bottom
|   0|0x0000000082800000, 0x0000000082900000, 0x0000000082900000|100%|HS|  |TAMS 0x0000000082800000| PB 0x0000000082800000| Complete 
|   1|0x0000000082900000, 0x0000000082900000, 0x0000000082a00000|  0%| F|  |TAMS 0x0000000082900000| PB 0x0000000082900000| Untracked 
|   2|0x0000000082a00000, 0x0000000082a00000, 0x0000000082b00000|  0%| F|  |TAMS 0x0000000082a00000| PB 0x0000000082a00000| Untracked 
|   3|0x0000000082b00000, 0x0000000082b00000, 0x0000000082c00000|  0%| F|  |TAMS 0x0000000082b00000| PB 0x0000000082b00000| Untracked 
|   4|0x0000000082c00000, 0x0000000082c00000, 0x0000000082d00000|  0%| F|  |TAMS 0x0000000082c00000| PB 0x0000000082c00000| Untracked 
|   5|0x0000000082d00000, 0x0000000082d00000, 0x0000000082e00000|  0%| F|  |TAMS 0x0000000082d00000| PB 0x0000000082d00000| Untracked 
|   6|0x0000000082e00000, 0x0000000082e00000, 0x0000000082f00000|  0%| F|  |TAMS 0x0000000082e00000| PB 0x0000000082e00000| Untracked 
|   7|0x0000000082f00000, 0x0000000082f00000, 0x0000000083000000|  0%| F|  |TAMS 0x0000000082f00000| PB 0x0000000082f00000| Untracked 
|   8|0x0000000083000000, 0x0000000083000000, 0x0000000083100000|  0%| F|  |TAMS 0x0000000083000000| PB 0x0000000083000000| Untracked 
|   9|0x0000000083100000, 0x0000000083100000, 0x0000000083200000|  0%| F|  |TAMS 0x0000000083100000| PB 0x0000000083100000| Untracked 
|  10|0x0000000083200000, 0x0000000083200000, 0x0000000083300000|  0%| F|  |TAMS 0x0000000083200000| PB 0x0000000083200000| Untracked 
|  11|0x0000000083300000, 0x0000000083300000, 0x0000000083400000|  0%| F|  |TAMS 0x0000000083300000| PB 0x0000000083300000| Untracked 
|  12|0x0000000083400000, 0x0000000083400000, 0x0000000083500000|  0%| F|  |TAMS 0x0000000083400000| PB 0x0000000083400000| Untracked 
|  13|0x0000000083500000, 0x0000000083500000, 0x0000000083600000|  0%| F|  |TAMS 0x0000000083500000| PB 0x0000000083500000| Untracked 
|  14|0x0000000083600000, 0x0000000083600000, 0x0000000083700000|  0%| F|  |TAMS 0x0000000083600000| PB 0x0000000083600000| Untracked 
|  15|0x0000000083700000, 0x0000000083700000, 0x0000000083800000|  0%| F|  |TAMS 0x0000000083700000| PB 0x0000000083700000| Untracked 
|  16|0x0000000083800000, 0x0000000083800000, 0x0000000083900000|  0%| F|  |TAMS 0x0000000083800000| PB 0x0000000083800000| Untracked 
|  17|0x0000000083900000, 0x0000000083900000, 0x0000000083a00000|  0%| F|  |TAMS 0x0000000083900000| PB 0x0000000083900000| Untracked 
|  18|0x0000000083a00000, 0x0000000083a00000, 0x0000000083b00000|  0%| F|  |TAMS 0x0000000083a00000| PB 0x0000000083a00000| Untracked 
|  19|0x0000000083b00000, 0x0000000083b00000, 0x0000000083c00000|  0%| F|  |TAMS 0x0000000083b00000| PB 0x0000000083b00000| Untracked 
|  20|0x0000000083c00000, 0x0000000083c00000, 0x0000000083d00000|  0%| F|  |TAMS 0x0000000083c00000| PB 0x0000000083c00000| Untracked 
|  21|0x0000000083d00000, 0x0000000083d00000, 0x0000000083e00000|  0%| F|  |TAMS 0x0000000083d00000| PB 0x0000000083d00000| Untracked 
|  22|0x0000000083e00000, 0x0000000083e00000, 0x0000000083f00000|  0%| F|  |TAMS 0x0000000083e00000| PB 0x0000000083e00000| Untracked 
|  23|0x0000000083f00000, 0x0000000083f00000, 0x0000000084000000|  0%| F|  |TAMS 0x0000000083f00000| PB 0x0000000083f00000| Untracked 
|  24|0x0000000084000000, 0x0000000084000000, 0x0000000084100000|  0%| F|  |TAMS 0x0000000084000000| PB 0x0000000084000000| Untracked 
|  25|0x0000000084100000, 0x0000000084100000, 0x0000000084200000|  0%| F|  |TAMS 0x0000000084100000| PB 0x0000000084100000| Untracked 
|  26|0x0000000084200000, 0x0000000084200000, 0x0000000084300000|  0%| F|  |TAMS 0x0000000084200000| PB 0x0000000084200000| Untracked 
|  27|0x0000000084300000, 0x0000000084300000, 0x0000000084400000|  0%| F|  |TAMS 0x0000000084300000| PB 0x0000000084300000| Untracked 
|  28|0x0000000084400000, 0x0000000084400000, 0x0000000084500000|  0%| F|  |TAMS 0x0000000084400000| PB 0x0000000084400000| Untracked 
|  29|0x0000000084500000, 0x0000000084500000, 0x0000000084600000|  0%| F|  |TAMS 0x0000000084500000| PB 0x0000000084500000| Untracked 
|  30|0x0000000084600000, 0x0000000084600000, 0x0000000084700000|  0%| F|  |TAMS 0x0000000084600000| PB 0x0000000084600000| Untracked 
|  31|0x0000000084700000, 0x0000000084700000, 0x0000000084800000|  0%| F|  |TAMS 0x0000000084700000| PB 0x0000000084700000| Untracked 
|  32|0x0000000084800000, 0x0000000084800000, 0x0000000084900000|  0%| F|  |TAMS 0x0000000084800000| PB 0x0000000084800000| Untracked 
|  33|0x0000000084900000, 0x0000000084900000, 0x0000000084a00000|  0%| F|  |TAMS 0x0000000084900000| PB 0x0000000084900000| Untracked 
|  34|0x0000000084a00000, 0x0000000084a00000, 0x0000000084b00000|  0%| F|  |TAMS 0x0000000084a00000| PB 0x0000000084a00000| Untracked 
|  35|0x0000000084b00000, 0x0000000084b00000, 0x0000000084c00000|  0%| F|  |TAMS 0x0000000084b00000| PB 0x0000000084b00000| Untracked 
|  36|0x0000000084c00000, 0x0000000084c00000, 0x0000000084d00000|  0%| F|  |TAMS 0x0000000084c00000| PB 0x0000000084c00000| Untracked 
|  37|0x0000000084d00000, 0x0000000084d00000, 0x0000000084e00000|  0%| F|  |TAMS 0x0000000084d00000| PB 0x0000000084d00000| Untracked 
|  38|0x0000000084e00000, 0x0000000084e00000, 0x0000000084f00000|  0%| F|  |TAMS 0x0000000084e00000| PB 0x0000000084e00000| Untracked 
|  39|0x0000000084f00000, 0x0000000084f00000, 0x0000000085000000|  0%| F|  |TAMS 0x0000000084f00000| PB 0x0000000084f00000| Untracked 
|  40|0x0000000085000000, 0x0000000085000000, 0x0000000085100000|  0%| F|  |TAMS 0x0000000085000000| PB 0x0000000085000000| Untracked 
|  41|0x0000000085100000, 0x0000000085100000, 0x0000000085200000|  0%| F|  |TAMS 0x0000000085100000| PB 0x0000000085100000| Untracked 
|  42|0x0000000085200000, 0x0000000085200000, 0x0000000085300000|  0%| F|  |TAMS 0x0000000085200000| PB 0x0000000085200000| Untracked 
|  43|0x0000000085300000, 0x0000000085300000, 0x0000000085400000|  0%| F|  |TAMS 0x0000000085300000| PB 0x0000000085300000| Untracked 
|  44|0x0000000085400000, 0x0000000085400000, 0x0000000085500000|  0%| F|  |TAMS 0x0000000085400000| PB 0x0000000085400000| Untracked 
|  45|0x0000000085500000, 0x0000000085500000, 0x0000000085600000|  0%| F|  |TAMS 0x0000000085500000| PB 0x0000000085500000| Untracked 
|  46|0x0000000085600000, 0x0000000085600000, 0x0000000085700000|  0%| F|  |TAMS 0x0000000085600000| PB 0x0000000085600000| Untracked 
|  47|0x0000000085700000, 0x0000000085700000, 0x0000000085800000|  0%| F|  |TAMS 0x0000000085700000| PB 0x0000000085700000| Untracked 
|  48|0x0000000085800000, 0x0000000085800000, 0x0000000085900000|  0%| F|  |TAMS 0x0000000085800000| PB 0x0000000085800000| Untracked 
|  49|0x0000000085900000, 0x0000000085900000, 0x0000000085a00000|  0%| F|  |TAMS 0x0000000085900000| PB 0x0000000085900000| Untracked 
|  50|0x0000000085a00000, 0x0000000085a00000, 0x0000000085b00000|  0%| F|  |TAMS 0x0000000085a00000| PB 0x0000000085a00000| Untracked 
|  51|0x0000000085b00000, 0x0000000085b00000, 0x0000000085c00000|  0%| F|  |TAMS 0x0000000085b00000| PB 0x0000000085b00000| Untracked 
|  52|0x0000000085c00000, 0x0000000085c00000, 0x0000000085d00000|  0%| F|  |TAMS 0x0000000085c00000| PB 0x0000000085c00000| Untracked 
|  53|0x0000000085d00000, 0x0000000085d00000, 0x0000000085e00000|  0%| F|  |TAMS 0x0000000085d00000| PB 0x0000000085d00000| Untracked 
|  54|0x0000000085e00000, 0x0000000085e00000, 0x0000000085f00000|  0%| F|  |TAMS 0x0000000085e00000| PB 0x0000000085e00000| Untracked 
|  55|0x0000000085f00000, 0x0000000085f00000, 0x0000000086000000|  0%| F|  |TAMS 0x0000000085f00000| PB 0x0000000085f00000| Untracked 
|  56|0x0000000086000000, 0x0000000086000000, 0x0000000086100000|  0%| F|  |TAMS 0x0000000086000000| PB 0x0000000086000000| Untracked 
|  57|0x0000000086100000, 0x0000000086100000, 0x0000000086200000|  0%| F|  |TAMS 0x0000000086100000| PB 0x0000000086100000| Untracked 
|  58|0x0000000086200000, 0x0000000086200000, 0x0000000086300000|  0%| F|  |TAMS 0x0000000086200000| PB 0x0000000086200000| Untracked 
|  59|0x0000000086300000, 0x0000000086300000, 0x0000000086400000|  0%| F|  |TAMS 0x0000000086300000| PB 0x0000000086300000| Untracked 
|  60|0x0000000086400000, 0x0000000086400000, 0x0000000086500000|  0%| F|  |TAMS 0x0000000086400000| PB 0x0000000086400000| Untracked 
|  61|0x0000000086500000, 0x0000000086500000, 0x0000000086600000|  0%| F|  |TAMS 0x0000000086500000| PB 0x0000000086500000| Untracked 
|  62|0x0000000086600000, 0x0000000086600000, 0x0000000086700000|  0%| F|  |TAMS 0x0000000086600000| PB 0x0000000086600000| Untracked 
|  63|0x0000000086700000, 0x0000000086700000, 0x0000000086800000|  0%| F|  |TAMS 0x0000000086700000| PB 0x0000000086700000| Untracked 
|  64|0x0000000086800000, 0x0000000086800000, 0x0000000086900000|  0%| F|  |TAMS 0x0000000086800000| PB 0x0000000086800000| Untracked 
|  65|0x0000000086900000, 0x0000000086900000, 0x0000000086a00000|  0%| F|  |TAMS 0x0000000086900000| PB 0x0000000086900000| Untracked 
|  66|0x0000000086a00000, 0x0000000086a00000, 0x0000000086b00000|  0%| F|  |TAMS 0x0000000086a00000| PB 0x0000000086a00000| Untracked 
|  67|0x0000000086b00000, 0x0000000086b00000, 0x0000000086c00000|  0%| F|  |TAMS 0x0000000086b00000| PB 0x0000000086b00000| Untracked 
|  68|0x0000000086c00000, 0x0000000086c00000, 0x0000000086d00000|  0%| F|  |TAMS 0x0000000086c00000| PB 0x0000000086c00000| Untracked 
|  69|0x0000000086d00000, 0x0000000086d00000, 0x0000000086e00000|  0%| F|  |TAMS 0x0000000086d00000| PB 0x0000000086d00000| Untracked 
|  70|0x0000000086e00000, 0x0000000086e00000, 0x0000000086f00000|  0%| F|  |TAMS 0x0000000086e00000| PB 0x0000000086e00000| Untracked 
|  71|0x0000000086f00000, 0x0000000086f00000, 0x0000000087000000|  0%| F|  |TAMS 0x0000000086f00000| PB 0x0000000086f00000| Untracked 
|  72|0x0000000087000000, 0x0000000087000000, 0x0000000087100000|  0%| F|  |TAMS 0x0000000087000000| PB 0x0000000087000000| Untracked 
|  73|0x0000000087100000, 0x0000000087100000, 0x0000000087200000|  0%| F|  |TAMS 0x0000000087100000| PB 0x0000000087100000| Untracked 
|  74|0x0000000087200000, 0x0000000087200000, 0x0000000087300000|  0%| F|  |TAMS 0x0000000087200000| PB 0x0000000087200000| Untracked 
|  75|0x0000000087300000, 0x0000000087300000, 0x0000000087400000|  0%| F|  |TAMS 0x0000000087300000| PB 0x0000000087300000| Untracked 
|  76|0x0000000087400000, 0x0000000087400000, 0x0000000087500000|  0%| F|  |TAMS 0x0000000087400000| PB 0x0000000087400000| Untracked 
|  77|0x0000000087500000, 0x0000000087500000, 0x0000000087600000|  0%| F|  |TAMS 0x0000000087500000| PB 0x0000000087500000| Untracked 
|  78|0x0000000087600000, 0x0000000087600000, 0x0000000087700000|  0%| F|  |TAMS 0x0000000087600000| PB 0x0000000087600000| Untracked 
|  79|0x0000000087700000, 0x0000000087700000, 0x0000000087800000|  0%| F|  |TAMS 0x0000000087700000| PB 0x0000000087700000| Untracked 
|  80|0x0000000087800000, 0x0000000087800000, 0x0000000087900000|  0%| F|  |TAMS 0x0000000087800000| PB 0x0000000087800000| Untracked 
|  81|0x0000000087900000, 0x0000000087900000, 0x0000000087a00000|  0%| F|  |TAMS 0x0000000087900000| PB 0x0000000087900000| Untracked 
|  82|0x0000000087a00000, 0x0000000087a00000, 0x0000000087b00000|  0%| F|  |TAMS 0x0000000087a00000| PB 0x0000000087a00000| Untracked 
|  83|0x0000000087b00000, 0x0000000087b00000, 0x0000000087c00000|  0%| F|  |TAMS 0x0000000087b00000| PB 0x0000000087b00000| Untracked 
|  84|0x0000000087c00000, 0x0000000087c00000, 0x0000000087d00000|  0%| F|  |TAMS 0x0000000087c00000| PB 0x0000000087c00000| Untracked 
|  85|0x0000000087d00000, 0x0000000087d00000, 0x0000000087e00000|  0%| F|  |TAMS 0x0000000087d00000| PB 0x0000000087d00000| Untracked 
|  86|0x0000000087e00000, 0x0000000087e00000, 0x0000000087f00000|  0%| F|  |TAMS 0x0000000087e00000| PB 0x0000000087e00000| Untracked 
|  87|0x0000000087f00000, 0x0000000087f00000, 0x0000000088000000|  0%| F|  |TAMS 0x0000000087f00000| PB 0x0000000087f00000| Untracked 
|  88|0x0000000088000000, 0x0000000088000000, 0x0000000088100000|  0%| F|  |TAMS 0x0000000088000000| PB 0x0000000088000000| Untracked 
|  89|0x0000000088100000, 0x0000000088100000, 0x0000000088200000|  0%| F|  |TAMS 0x0000000088100000| PB 0x0000000088100000| Untracked 
|  90|0x0000000088200000, 0x0000000088200000, 0x0000000088300000|  0%| F|  |TAMS 0x0000000088200000| PB 0x0000000088200000| Untracked 
|  91|0x0000000088300000, 0x0000000088300000, 0x0000000088400000|  0%| F|  |TAMS 0x0000000088300000| PB 0x0000000088300000| Untracked 
|  92|0x0000000088400000, 0x0000000088400000, 0x0000000088500000|  0%| F|  |TAMS 0x0000000088400000| PB 0x0000000088400000| Untracked 
|  93|0x0000000088500000, 0x0000000088500000, 0x0000000088600000|  0%| F|  |TAMS 0x0000000088500000| PB 0x0000000088500000| Untracked 
|  94|0x0000000088600000, 0x0000000088600000, 0x0000000088700000|  0%| F|  |TAMS 0x0000000088600000| PB 0x0000000088600000| Untracked 
|  95|0x0000000088700000, 0x0000000088700000, 0x0000000088800000|  0%| F|  |TAMS 0x0000000088700000| PB 0x0000000088700000| Untracked 
|  96|0x0000000088800000, 0x0000000088800000, 0x0000000088900000|  0%| F|  |TAMS 0x0000000088800000| PB 0x0000000088800000| Untracked 
|  97|0x0000000088900000, 0x0000000088900000, 0x0000000088a00000|  0%| F|  |TAMS 0x0000000088900000| PB 0x0000000088900000| Untracked 
|  98|0x0000000088a00000, 0x0000000088a00000, 0x0000000088b00000|  0%| F|  |TAMS 0x0000000088a00000| PB 0x0000000088a00000| Untracked 
|  99|0x0000000088b00000, 0x0000000088b00000, 0x0000000088c00000|  0%| F|  |TAMS 0x0000000088b00000| PB 0x0000000088b00000| Untracked 
| 100|0x0000000088c00000, 0x0000000088c00000, 0x0000000088d00000|  0%| F|  |TAMS 0x0000000088c00000| PB 0x0000000088c00000| Untracked 
| 101|0x0000000088d00000, 0x0000000088d00000, 0x0000000088e00000|  0%| F|  |TAMS 0x0000000088d00000| PB 0x0000000088d00000| Untracked 
| 102|0x0000000088e00000, 0x0000000088e00000, 0x0000000088f00000|  0%| F|  |TAMS 0x0000000088e00000| PB 0x0000000088e00000| Untracked 
| 103|0x0000000088f00000, 0x0000000088f00000, 0x0000000089000000|  0%| F|  |TAMS 0x0000000088f00000| PB 0x0000000088f00000| Untracked 
| 104|0x0000000089000000, 0x0000000089000000, 0x0000000089100000|  0%| F|  |TAMS 0x0000000089000000| PB 0x0000000089000000| Untracked 
| 105|0x0000000089100000, 0x0000000089100000, 0x0000000089200000|  0%| F|  |TAMS 0x0000000089100000| PB 0x0000000089100000| Untracked 
| 106|0x0000000089200000, 0x0000000089200000, 0x0000000089300000|  0%| F|  |TAMS 0x0000000089200000| PB 0x0000000089200000| Untracked 
| 107|0x0000000089300000, 0x0000000089300000, 0x0000000089400000|  0%| F|  |TAMS 0x0000000089300000| PB 0x0000000089300000| Untracked 
| 108|0x0000000089400000, 0x0000000089400000, 0x0000000089500000|  0%| F|  |TAMS 0x0000000089400000| PB 0x0000000089400000| Untracked 
| 109|0x0000000089500000, 0x0000000089500000, 0x0000000089600000|  0%| F|  |TAMS 0x0000000089500000| PB 0x0000000089500000| Untracked 
| 110|0x0000000089600000, 0x0000000089600000, 0x0000000089700000|  0%| F|  |TAMS 0x0000000089600000| PB 0x0000000089600000| Untracked 
| 111|0x0000000089700000, 0x0000000089700000, 0x0000000089800000|  0%| F|  |TAMS 0x0000000089700000| PB 0x0000000089700000| Untracked 
| 112|0x0000000089800000, 0x0000000089800000, 0x0000000089900000|  0%| F|  |TAMS 0x0000000089800000| PB 0x0000000089800000| Untracked 
| 113|0x0000000089900000, 0x0000000089900000, 0x0000000089a00000|  0%| F|  |TAMS 0x0000000089900000| PB 0x0000000089900000| Untracked 
| 114|0x0000000089a00000, 0x0000000089a00000, 0x0000000089b00000|  0%| F|  |TAMS 0x0000000089a00000| PB 0x0000000089a00000| Untracked 
| 115|0x0000000089b00000, 0x0000000089b777f8, 0x0000000089c00000| 46%| E|  |TAMS 0x0000000089b00000| PB 0x0000000089b00000| Complete 
| 116|0x0000000089c00000, 0x0000000089d00000, 0x0000000089d00000|100%| E|CS|TAMS 0x0000000089c00000| PB 0x0000000089c00000| Complete 
| 117|0x0000000089d00000, 0x0000000089e00000, 0x0000000089e00000|100%| E|CS|TAMS 0x0000000089d00000| PB 0x0000000089d00000| Complete 
| 118|0x0000000089e00000, 0x0000000089f00000, 0x0000000089f00000|100%| E|CS|TAMS 0x0000000089e00000| PB 0x0000000089e00000| Complete 
| 119|0x0000000089f00000, 0x000000008a000000, 0x000000008a000000|100%| E|CS|TAMS 0x0000000089f00000| PB 0x0000000089f00000| Complete 
| 120|0x000000008a000000, 0x000000008a100000, 0x000000008a100000|100%| E|CS|TAMS 0x000000008a000000| PB 0x000000008a000000| Complete 
| 121|0x000000008a100000, 0x000000008a200000, 0x000000008a200000|100%| E|CS|TAMS 0x000000008a100000| PB 0x000000008a100000| Complete 
| 122|0x000000008a200000, 0x000000008a300000, 0x000000008a300000|100%| E|CS|TAMS 0x000000008a200000| PB 0x000000008a200000| Complete 
| 123|0x000000008a300000, 0x000000008a400000, 0x000000008a400000|100%| E|CS|TAMS 0x000000008a300000| PB 0x000000008a300000| Complete 
| 124|0x000000008a400000, 0x000000008a500000, 0x000000008a500000|100%| E|CS|TAMS 0x000000008a400000| PB 0x000000008a400000| Complete 
| 125|0x000000008a500000, 0x000000008a600000, 0x000000008a600000|100%| E|CS|TAMS 0x000000008a500000| PB 0x000000008a500000| Complete 

Card table byte_map: [0x000002af9f150000,0x000002af9f540000] _byte_map_base: 0x000002af9ed3c000

Marking Bits: (CMBitMap*) 0x000002af872f0080
 Bits: [0x000002af9f540000, 0x000002afa14a0000)

Polling page: 0x000002af85230000

Metaspace:

Usage:
  Non-class:      2.72 MB used.
      Class:    295.55 KB used.
       Both:      3.01 MB used.

Virtual space:
  Non-class space:       64.00 MB reserved,       2.75 MB (  4%) committed,  1 nodes.
      Class space:        1.00 GB reserved,     384.00 KB ( <1%) committed,  1 nodes.
             Both:        1.06 GB reserved,       3.12 MB ( <1%) committed. 

Chunk freelists:
   Non-Class:  10.67 MB
       Class:  15.55 MB
        Both:  26.22 MB

MaxMetaspaceSize: unlimited
CompressedClassSpaceSize: 1.00 GB
Initial GC threshold: 21.00 MB
Current GC threshold: 21.00 MB
CDS: on
 - commit_granule_bytes: 65536.
 - commit_granule_words: 8192.
 - virtual_space_node_default_size: 8388608.
 - enlarge_chunks_in_place: 1.
 - use_allocation_guard: 0.


Internal statistics:

num_allocs_failed_limit: 0.
num_arena_births: 80.
num_arena_deaths: 0.
num_vsnodes_births: 2.
num_vsnodes_deaths: 0.
num_space_committed: 50.
num_space_uncommitted: 0.
num_chunks_returned_to_freelist: 0.
num_chunks_taken_from_freelist: 149.
num_chunk_merges: 0.
num_chunk_splits: 106.
num_chunks_enlarged: 71.
num_inconsistent_stats: 0.

CodeHeap 'non-profiled nmethods': size=120000Kb used=248Kb max_used=248Kb free=119751Kb
 bounds [0x000002af97500000, 0x000002af97770000, 0x000002af9ea30000]
CodeHeap 'profiled nmethods': size=120000Kb used=1152Kb max_used=1152Kb free=118847Kb
 bounds [0x000002af8fa30000, 0x000002af8fca0000, 0x000002af96f60000]
CodeHeap 'non-nmethods': size=5760Kb used=1342Kb max_used=1373Kb free=4417Kb
 bounds [0x000002af96f60000, 0x000002af971d0000, 0x000002af97500000]
 total_blobs=1190 nmethods=741 adapters=354
 compilation: enabled
              stopped_count=0, restarted_count=0
 full_count=0

Compilation events (20 events):
Event: 0.861 Thread 0x000002afa3f04910  733   !   3       jdk.internal.loader.URLClassPath$JarLoader::ensureOpen (36 bytes)
Event: 0.861 Thread 0x000002afa3f04910 nmethod 733 0x000002af8fb4a590 code [0x000002af8fb4a780, 0x000002af8fb4abc8]
Event: 0.861 Thread 0x000002afa3f04910  734       3       java.lang.invoke.LambdaForm$MH/0x000002afa5004400::invoke (25 bytes)
Event: 0.861 Thread 0x000002afa3f04910 nmethod 734 0x000002af8fb4ad90 code [0x000002af8fb4af60, 0x000002af8fb4b4a0]
Event: 0.861 Thread 0x000002afa3f04910  737       3       jdk.internal.jimage.ImageStringsReader::stringFromByteBufferMatches (138 bytes)
Event: 0.862 Thread 0x000002afa3f03520 nmethod 719 0x000002af9753c990 code [0x000002af9753cbc0, 0x000002af9753d520]
Event: 0.862 Thread 0x000002afa3f04910 nmethod 737 0x000002af8fb4b610 code [0x000002af8fb4b900, 0x000002af8fb4ca20]
Event: 0.862 Thread 0x000002afa3f04910  735       3       jdk.internal.jimage.ImageStringsReader::match (11 bytes)
Event: 0.862 Thread 0x000002afa3f04910 nmethod 735 0x000002af8fb4d110 code [0x000002af8fb4d2c0, 0x000002af8fb4d490]
Event: 0.862 Thread 0x000002afa3f04910  736       3       jdk.internal.jimage.BasicImageReader::match (37 bytes)
Event: 0.862 Thread 0x000002afa3f04910 nmethod 736 0x000002af8fb4d590 code [0x000002af8fb4d760, 0x000002af8fb4d9b0]
Event: 0.862 Thread 0x000002afa3f04910  738       3       jdk.internal.jimage.ImageLocation::verifyName (161 bytes)
Event: 0.863 Thread 0x000002afa3f04910 nmethod 738 0x000002af8fb4db10 code [0x000002af8fb4de60, 0x000002af8fb4f410]
Event: 0.863 Thread 0x000002afa3f04910  739       1       java.util.concurrent.ConcurrentHashMap$MapEntry::getKey (5 bytes)
Event: 0.863 Thread 0x000002afa3f04910 nmethod 739 0x000002af9753dc10 code [0x000002af9753dda0, 0x000002af9753de68]
Event: 0.863 Thread 0x000002afa3f04910  740       1       java.util.concurrent.ConcurrentHashMap$MapEntry::getValue (5 bytes)
Event: 0.863 Thread 0x000002afa3f04910 nmethod 740 0x000002af9753df10 code [0x000002af9753e0a0, 0x000002af9753e168]
Event: 0.864 Thread 0x000002afa3f04910  741       3       sun.net.www.protocol.file.Handler::parseURL (18 bytes)
Event: 0.864 Thread 0x000002afa3f04910 nmethod 741 0x000002af8fb4fd90 code [0x000002af8fb4ff40, 0x000002af8fb50100]
Event: 0.864 Thread 0x000002afa3f04910  742       3       java.net.URLStreamHandler::parseURL (1124 bytes)

GC Heap History (0 events):
No events

Dll operation events (10 events):
Event: 0.086 Loaded shared library C:\Users\HOME\.jdks\azul-21.0.3\bin\java.dll
Event: 0.168 Loaded shared library C:\Users\HOME\.jdks\azul-21.0.3\bin\jsvml.dll
Event: 0.271 Loaded shared library C:\Users\HOME\.jdks\azul-21.0.3\bin\zip.dll
Event: 0.285 Loaded shared library C:\Users\HOME\.jdks\azul-21.0.3\bin\instrument.dll
Event: 0.303 Loaded shared library C:\Users\HOME\.jdks\azul-21.0.3\bin\net.dll
Event: 0.306 Loaded shared library C:\Users\HOME\.jdks\azul-21.0.3\bin\nio.dll
Event: 0.319 Loaded shared library C:\Users\HOME\.jdks\azul-21.0.3\bin\zip.dll
Event: 0.403 Loaded shared library C:\Users\HOME\IntelliJ IDEA Community Edition 2024.1.1\bin\breakgen64.dll
Event: 0.428 Loaded shared library C:\Users\HOME\.jdks\azul-21.0.3\bin\extnet.dll
Event: 0.505 Loaded shared library C:\Users\HOME\.jdks\azul-21.0.3\bin\jimage.dll

Deoptimization events (20 events):
Event: 0.405 Thread 0x000002af85085490 Uncommon trap: reason=unstable_if action=reinterpret pc=0x000002af97510de4 method=java.lang.String.isLatin1()Z @ 10 c2
Event: 0.405 Thread 0x000002af85085490 DEOPT PACKING pc=0x000002af97510de4 sp=0x000000ec0c8fecb0
Event: 0.405 Thread 0x000002af85085490 DEOPT UNPACKING pc=0x000002af96fb46a2 sp=0x000000ec0c8febf0 mode 2
Event: 0.473 Thread 0x000002af85085490 DEOPT PACKING pc=0x000002af8fa8103c sp=0x000000ec0c8fbb80
Event: 0.473 Thread 0x000002af85085490 DEOPT UNPACKING pc=0x000002af96fb4e42 sp=0x000000ec0c8fb010 mode 0
Event: 0.566 Thread 0x000002af85085490 DEOPT PACKING pc=0x000002af8fa5faf8 sp=0x000000ec0c8f9600
Event: 0.566 Thread 0x000002af85085490 DEOPT UNPACKING pc=0x000002af96fb4e42 sp=0x000000ec0c8f8a20 mode 0
Event: 0.759 Thread 0x000002af85085490 DEOPT PACKING pc=0x000002af8fa8d4f7 sp=0x000000ec0c8fa8e0
Event: 0.759 Thread 0x000002af85085490 DEOPT UNPACKING pc=0x000002af96fb4e42 sp=0x000000ec0c8f9d30 mode 0
Event: 0.768 Thread 0x000002af85085490 Uncommon trap: trap_request=0xffffff6e fr.pc=0x000002af9752c128 relative=0x0000000000000368
Event: 0.768 Thread 0x000002af85085490 Uncommon trap: reason=loop_limit_check action=maybe_recompile pc=0x000002af9752c128 method=java.lang.StringLatin1.indexOf([BI[BII)I @ 37 c2
Event: 0.768 Thread 0x000002af85085490 DEOPT PACKING pc=0x000002af9752c128 sp=0x000000ec0c8fe0c0
Event: 0.768 Thread 0x000002af85085490 DEOPT UNPACKING pc=0x000002af96fb46a2 sp=0x000000ec0c8fe020 mode 2
Event: 0.853 Thread 0x000002af85085490 Uncommon trap: trap_request=0xffffff45 fr.pc=0x000002af9752d374 relative=0x0000000000000234
Event: 0.853 Thread 0x000002af85085490 Uncommon trap: reason=unstable_if action=reinterpret pc=0x000002af9752d374 method=java.lang.StringLatin1.indexOf([BI[BII)I @ 91 c2
Event: 0.853 Thread 0x000002af85085490 DEOPT PACKING pc=0x000002af9752d374 sp=0x000000ec0c8fd230
Event: 0.853 Thread 0x000002af85085490 DEOPT UNPACKING pc=0x000002af96fb46a2 sp=0x000000ec0c8fd190 mode 2
Event: 0.864 Thread 0x000002af85085490 DEOPT PACKING pc=0x000002af8fb4a277 sp=0x000000ec0c8fdcd0
Event: 0.864 Thread 0x000002af85085490 DEOPT UNPACKING pc=0x000002af96fb4e42 sp=0x000000ec0c8fd120 mode 0
Event: 0.877 Thread 0x000002af85085490 DEOPT PACKING pc=0x000002af8fb4a277 sp=0x000000ec0c8f93f0

Classes loaded (20 events):
Event: 0.838 Loading class java/time/ZonedDateTime
Event: 0.839 Loading class java/time/chrono/ChronoZonedDateTime
Event: 0.839 Loading class java/time/chrono/ChronoZonedDateTime done
Event: 0.839 Loading class java/time/ZonedDateTime done
Event: 0.840 Loading class java/lang/StackTraceElement$HashedModules
Event: 0.840 Loading class java/lang/StackTraceElement$HashedModules done
Event: 0.846 Loading class java/util/Formatter$DateTime
Event: 0.847 Loading class java/util/Formatter$DateTime done
Event: 0.847 Loading class java/time/ZonedDateTime$1
Event: 0.847 Loading class java/time/ZonedDateTime$1 done
Event: 0.854 Loading class sun/text/resources/cldr/FormatData_en
Event: 0.854 Loading class sun/text/resources/cldr/FormatData_en done
Event: 0.855 Loading class sun/text/resources/cldr/FormatData_en_US
Event: 0.855 Loading class sun/text/resources/cldr/FormatData_en_US done
Event: 0.860 Loading class java/net/MalformedURLException
Event: 0.860 Loading class java/net/MalformedURLException done
Event: 0.863 Loading class java/io/FileNotFoundException
Event: 0.863 Loading class java/io/FileNotFoundException done
Event: 0.875 Loading class java/lang/NumberFormatException
Event: 0.875 Loading class java/lang/NumberFormatException done

Classes unloaded (0 events):
No events

Classes redefined (0 events):
No events

Internal exceptions (7 events):
Event: 0.387 Thread 0x000002af85085490 Exception <a 'java/lang/NoSuchMethodError'{0x000000008a2af238}: 'void java.lang.invoke.DirectMethodHandle$Holder.invokeStatic(java.lang.Object, java.lang.Object, java.lang.Object)'> (0x000000008a2af238) 
thrown [s\src\hotspot\share\interpreter\linkResolver.cpp, line 773]
Event: 0.395 Thread 0x000002af85085490 Exception <a 'java/lang/NoSuchMethodError'{0x000000008a2c6740}: 'java.lang.Object java.lang.invoke.Invokers$Holder.invokeExact_MT(java.lang.Object, java.lang.Object, java.lang.Object, java.lang.Object, java.lang.Object)'> (0x000000008a2c6740) 
thrown [s\src\hotspot\share\interpreter\linkResolver.cpp, line 773]
Event: 0.431 Thread 0x000002afe9414e90 Exception <a 'java/lang/NoSuchMethodError'{0x000000008a108c20}: 'void java.lang.invoke.DirectMethodHandle$Holder.invokeStatic(java.lang.Object, java.lang.Object)'> (0x000000008a108c20) 
thrown [s\src\hotspot\share\interpreter\linkResolver.cpp, line 773]
Event: 0.559 Thread 0x000002af85085490 Exception <a 'java/lang/NoSuchMethodError'{0x000000008a0d83b0}: 'java.lang.ClassLoader java.lang.Class.getClassLoader(java.lang.Class)'> (0x000000008a0d83b0) 
thrown [s\src\hotspot\share\interpreter\linkResolver.cpp, line 773]
Event: 0.564 Thread 0x000002af85085490 Exception <a 'java/lang/NoSuchMethodError'{0x000000008a0e0270}: 'java.lang.Object java.lang.invoke.DirectMethodHandle$Holder.invokeStatic(java.lang.Object, java.lang.Object, int)'> (0x000000008a0e0270) 
thrown [s\src\hotspot\share\interpreter\linkResolver.cpp, line 773]
Event: 0.571 Thread 0x000002af85085490 Exception <a 'java/lang/NoSuchMethodError'{0x000000008a0eb7b8}: 'void java.lang.invoke.DelegatingMethodHandle$Holder.delegate(java.lang.Object, java.lang.Object, int, java.lang.Object)'> (0x000000008a0eb7b8) 
thrown [s\src\hotspot\share\interpreter\linkResolver.cpp, line 773]
Event: 0.571 Thread 0x000002af85085490 Exception <a 'java/lang/NoSuchMethodError'{0x000000008a0ef498}: 'int java.lang.invoke.DirectMethodHandle$Holder.invokeSpecial(java.lang.Object, java.lang.Object, java.lang.Object)'> (0x000000008a0ef498) 
thrown [s\src\hotspot\share\interpreter\linkResolver.cpp, line 773]

ZGC Phase Switch (0 events):
No events

VM Operations (8 events):
Event: 0.248 Executing VM operation: HandshakeAllThreads (Deoptimize)
Event: 0.248 Executing VM operation: HandshakeAllThreads (Deoptimize) done
Event: 0.801 Executing VM operation: HandshakeAllThreads (Deoptimize)
Event: 0.801 Executing VM operation: HandshakeAllThreads (Deoptimize) done
Event: 0.801 Executing VM operation: HandshakeAllThreads (Deoptimize)
Event: 0.801 Executing VM operation: HandshakeAllThreads (Deoptimize) done
Event: 0.860 Executing VM operation: HandshakeAllThreads (Deoptimize)
Event: 0.860 Executing VM operation: HandshakeAllThreads (Deoptimize) done

Events (17 events):
Event: 0.124 Thread 0x000002af85085490 Thread added: 0x000002af85085490
Event: 0.165 Thread 0x000002afa3ef4370 Thread added: 0x000002afa3ef4370
Event: 0.165 Thread 0x000002afa3ef5180 Thread added: 0x000002afa3ef5180
Event: 0.165 Thread 0x000002afa3ef6910 Thread added: 0x000002afa3ef6910
Event: 0.165 Thread 0x000002afa3ef7620 Thread added: 0x000002afa3ef7620
Event: 0.165 Thread 0x000002afa3efd280 Thread added: 0x000002afa3efd280
Event: 0.165 Thread 0x000002afa3ef8aa0 Thread added: 0x000002afa3ef8aa0
Event: 0.165 Thread 0x000002afa3f03520 Thread added: 0x000002afa3f03520
Event: 0.166 Thread 0x000002afa3f04910 Thread added: 0x000002afa3f04910
Event: 0.237 Thread 0x000002afa3ebae50 Thread added: 0x000002afa3ebae50
Event: 0.331 Thread 0x000002afe92d50c0 Thread added: 0x000002afe92d50c0
Event: 0.331 Thread 0x000002afe92d5770 Thread added: 0x000002afe92d5770
Event: 0.404 Thread 0x000002afe9414e90 Thread added: 0x000002afe9414e90
Event: 0.404 Thread 0x000002afe9415500 Thread added: 0x000002afe9415500
Event: 0.473 Thread 0x000002afe92d5770 Thread exited: 0x000002afe92d5770
Event: 0.683 Thread 0x000002afe92d50c0 Thread exited: 0x000002afe92d50c0
Event: 0.837 Thread 0x000002afe95da840 Thread added: 0x000002afe95da840


Dynamic libraries:
0x00007ff7e1410000 - 0x00007ff7e141e000 	C:\Users\HOME\.jdks\azul-21.0.3\bin\java.exe
0x00007ff96cbb0000 - 0x00007ff96cdc7000 	C:\WINDOWS\SYSTEM32\ntdll.dll
0x00007ff96b960000 - 0x00007ff96ba24000 	C:\WINDOWS\System32\KERNEL32.DLL
0x00007ff96a180000 - 0x00007ff96a52c000 	C:\WINDOWS\System32\KERNELBASE.dll
0x00007ff969fb0000 - 0x00007ff96a0c1000 	C:\WINDOWS\System32\ucrtbase.dll
0x00007ff959550000 - 0x00007ff959569000 	C:\Users\HOME\.jdks\azul-21.0.3\bin\jli.dll
0x00007ff96c370000 - 0x00007ff96c51e000 	C:\WINDOWS\System32\USER32.dll
0x00007ff96a150000 - 0x00007ff96a176000 	C:\WINDOWS\System32\win32u.dll
0x00007ff96bcc0000 - 0x00007ff96bce9000 	C:\WINDOWS\System32\GDI32.dll
0x00007ff96a660000 - 0x00007ff96a779000 	C:\WINDOWS\System32\gdi32full.dll
0x00007ff969f10000 - 0x00007ff969faa000 	C:\WINDOWS\System32\msvcp_win.dll
0x00007ff950cc0000 - 0x00007ff950f53000 	C:\WINDOWS\WinSxS\amd64_microsoft.windows.common-controls_6595b64144ccf1df_6.0.22621.3672_none_2713b9d173822955\COMCTL32.dll
0x00007ff96c520000 - 0x00007ff96c5c7000 	C:\WINDOWS\System32\msvcrt.dll
0x00007ff960e50000 - 0x00007ff960e6b000 	C:\Users\HOME\.jdks\azul-21.0.3\bin\VCRUNTIME140.dll
0x00007ff96bae0000 - 0x00007ff96bb11000 	C:\WINDOWS\System32\IMM32.DLL
0x00007ff965e10000 - 0x00007ff965e1c000 	C:\Users\HOME\.jdks\azul-21.0.3\bin\vcruntime140_1.dll
0x00007ff9267e0000 - 0x00007ff92686e000 	C:\Users\HOME\.jdks\azul-21.0.3\bin\msvcp140.dll
0x00007ff8a3930000 - 0x00007ff8a46c4000 	C:\Users\HOME\.jdks\azul-21.0.3\bin\server\jvm.dll
0x00007ff96b250000 - 0x00007ff96b302000 	C:\WINDOWS\System32\ADVAPI32.dll
0x00007ff96ba30000 - 0x00007ff96bada000 	C:\WINDOWS\System32\sechost.dll
0x00007ff969ee0000 - 0x00007ff969f08000 	C:\WINDOWS\System32\bcrypt.dll
0x00007ff96c200000 - 0x00007ff96c315000 	C:\WINDOWS\System32\RPCRT4.dll
0x00007ff96cad0000 - 0x00007ff96cb41000 	C:\WINDOWS\System32\WS2_32.dll
0x00007ff968d70000 - 0x00007ff968dbd000 	C:\WINDOWS\SYSTEM32\POWRPROF.dll
0x00007ff964d50000 - 0x00007ff964d84000 	C:\WINDOWS\SYSTEM32\WINMM.dll
0x00007ff9663f0000 - 0x00007ff9663fa000 	C:\WINDOWS\SYSTEM32\VERSION.dll
0x00007ff968d50000 - 0x00007ff968d63000 	C:\WINDOWS\SYSTEM32\UMPDC.dll
0x00007ff969000000 - 0x00007ff969018000 	C:\WINDOWS\SYSTEM32\kernel.appcore.dll
0x00007ff958ae0000 - 0x00007ff958aea000 	C:\Users\HOME\.jdks\azul-21.0.3\bin\jimage.dll
0x00007ff967840000 - 0x00007ff967a72000 	C:\WINDOWS\SYSTEM32\DBGHELP.DLL
0x00007ff96b310000 - 0x00007ff96b698000 	C:\WINDOWS\System32\combase.dll
0x00007ff96bea0000 - 0x00007ff96bf77000 	C:\WINDOWS\System32\OLEAUT32.dll
0x00007ff946e60000 - 0x00007ff946e92000 	C:\WINDOWS\SYSTEM32\dbgcore.DLL
0x00007ff96a0d0000 - 0x00007ff96a14b000 	C:\WINDOWS\System32\bcryptPrimitives.dll
0x00007ff958a30000 - 0x00007ff958a3f000 	C:\Users\HOME\.jdks\azul-21.0.3\bin\instrument.dll
0x00007ff958ac0000 - 0x00007ff958adf000 	C:\Users\HOME\.jdks\azul-21.0.3\bin\java.dll
0x00007ff96a8f0000 - 0x00007ff96b14c000 	C:\WINDOWS\System32\SHELL32.dll
0x00007ff967e40000 - 0x00007ff968737000 	C:\WINDOWS\SYSTEM32\windows.storage.dll
0x00007ff967d00000 - 0x00007ff967e3f000 	C:\WINDOWS\SYSTEM32\wintypes.dll
0x00007ff96b150000 - 0x00007ff96b244000 	C:\WINDOWS\System32\SHCORE.dll
0x00007ff96bb90000 - 0x00007ff96bbee000 	C:\WINDOWS\System32\shlwapi.dll
0x00007ff969e10000 - 0x00007ff969e31000 	C:\WINDOWS\SYSTEM32\profapi.dll
0x00007ff926700000 - 0x00007ff9267d7000 	C:\Users\HOME\.jdks\azul-21.0.3\bin\jsvml.dll
0x00007ff9525d0000 - 0x00007ff9525e8000 	C:\Users\HOME\.jdks\azul-21.0.3\bin\zip.dll
0x00007ff958ab0000 - 0x00007ff958ac0000 	C:\Users\HOME\.jdks\azul-21.0.3\bin\net.dll
0x00007ff965f10000 - 0x00007ff966046000 	C:\WINDOWS\SYSTEM32\WINHTTP.dll
0x00007ff969470000 - 0x00007ff9694d9000 	C:\WINDOWS\system32\mswsock.dll
0x00007ff958a40000 - 0x00007ff958a56000 	C:\Users\HOME\.jdks\azul-21.0.3\bin\nio.dll
0x00007ff9525b0000 - 0x00007ff9525ca000 	C:\Users\HOME\IntelliJ IDEA Community Edition 2024.1.1\bin\breakgen64.dll
0x00007ff9586b0000 - 0x00007ff9586b9000 	C:\Users\HOME\.jdks\azul-21.0.3\bin\extnet.dll

dbghelp: loaded successfully - version: 4.0.5 - missing functions: none
symbol engine: initialized successfully - sym options: 0x614 - pdb path: .;C:\Users\HOME\.jdks\azul-21.0.3\bin;C:\WINDOWS\SYSTEM32;C:\WINDOWS\WinSxS\amd64_microsoft.windows.common-controls_6595b64144ccf1df_6.0.22621.3672_none_2713b9d173822955;C:\Users\HOME\.jdks\azul-21.0.3\bin\server;C:\Users\HOME\IntelliJ IDEA Community Edition 2024.1.1\bin

VM Arguments:
jvm_args: -javaagent:C:\Users\HOME\IntelliJ IDEA Community Edition 2024.1.1\lib\idea_rt.jar=49293:C:\Users\HOME\IntelliJ IDEA Community Edition 2024.1.1\bin -Dfile.encoding=UTF-8 -Dsun.stdout.encoding=UTF-8 -Dsun.stderr.encoding=UTF-8 
java_command: Program
java_class_path (initial): D:\VTI\Railway85\Java Advanced\Poject_demo\target\classes;C:\Users\HOME\.m2\repository\com\mysql\mysql-connector-j\9.0.0\mysql-connector-j-9.0.0.jar;C:\Users\HOME\.m2\repository\com\google\protobuf\protobuf-java\4.26.1\protobuf-java-4.26.1.jar;C:\Users\HOME\.m2\repository\org\hibernate\orm\hibernate-core\6.5.2.Final\hibernate-core-6.5.2.Final.jar;C:\Users\HOME\.m2\repository\jakarta\persistence\jakarta.persistence-api\3.1.0\jakarta.persistence-api-3.1.0.jar;C:\Users\HOME\.m2\repository\jakarta\transaction\jakarta.transaction-api\2.0.1\jakarta.transaction-api-2.0.1.jar;C:\Users\HOME\.m2\repository\org\jboss\logging\jboss-logging\3.5.0.Final\jboss-logging-3.5.0.Final.jar;C:\Users\HOME\.m2\repository\org\hibernate\common\hibernate-commons-annotations\6.0.6.Final\hibernate-commons-annotations-6.0.6.Final.jar;C:\Users\HOME\.m2\repository\io\smallrye\jandex\3.1.2\jandex-3.1.2.jar;C:\Users\HOME\.m2\repository\com\fasterxml\classmate\1.5.1\classmate-1.5.1.jar;C:\Users\HOME\.m2\repository\net\bytebuddy\byte-buddy\1.14.15\byte-buddy-1.14.15.jar;C:\Users\HOME\.m2\repository\jakarta\xml\bind\jakarta.xml.bind-api\4.0.0\jakarta.xml.bind-api-4.0.0.jar;C:\Users\HOME\.m2\repository\jakarta\activation\jakarta.activation-api\2.1.0\jakarta.activation-api-2.1.0.jar;C:\Users\HOME\.m2\repository\org\glassfish\jaxb\jaxb-runtime\4.0.2\jaxb-runtime-4.0.2.jar;C:\Users\HOME\.m2\repository\org\glassfish\jaxb\jaxb-core\4.0.2\jaxb-core-4.0.2.jar;C:\Users\HOME\.m2\repository\org\eclipse\angus\angus-activation\2.0.0\angus-activation-2.0.0.jar;C:\Users\HOME\.m2\repository\org\glassfish\jaxb\txw2\4.0.2\txw2-4.0.2.jar;C:\Users\HOME\.m2\repository\com\sun\istack\istack-commons-runtime\4.1.1\istack-commons-runtime-4.1.1.jar;C:\Users\HOME\.m2\repository\jakarta\inject\jakarta.inject-api\2.0.1\jakarta.inject-api-2.0.1.jar;C:\Users\HOME\.m2\repository\org\antlr\antlr4-runtime\4.13.0\antlr4-runtime-4.13.0.jar
Launcher Type: SUN_STANDARD

[Global flags]
     intx CICompilerCount                          = 4                                         {product} {ergonomic}
     uint ConcGCThreads                            = 2                                         {product} {ergonomic}
     uint G1ConcRefinementThreads                  = 8                                         {product} {ergonomic}
   size_t G1HeapRegionSize                         = 1048576                                   {product} {ergonomic}
    uintx GCDrainStackTargetSize                   = 64                                        {product} {ergonomic}
   size_t InitialHeapSize                          = 132120576                                 {product} {ergonomic}
   size_t MarkStackSize                            = 4194304                                   {product} {ergonomic}
   size_t MaxHeapSize                              = 2105540608                                {product} {ergonomic}
   size_t MaxNewSize                               = 1262485504                                {product} {ergonomic}
   size_t MinHeapDeltaBytes                        = 1048576                                   {product} {ergonomic}
   size_t MinHeapSize                              = 8388608                                   {product} {ergonomic}
    uintx NonNMethodCodeHeapSize                   = 5839372                                {pd product} {ergonomic}
    uintx NonProfiledCodeHeapSize                  = 122909434                              {pd product} {ergonomic}
    uintx ProfiledCodeHeapSize                     = 122909434                              {pd product} {ergonomic}
    uintx ReservedCodeCacheSize                    = 251658240                              {pd product} {ergonomic}
     bool SegmentedCodeCache                       = true                                      {product} {ergonomic}
   size_t SoftMaxHeapSize                          = 2105540608                             {manageable} {ergonomic}
     bool UseCompressedOops                        = true                           {product lp64_product} {ergonomic}
     bool UseG1GC                                  = true                                      {product} {ergonomic}
     bool UseLargePagesIndividualAllocation        = false                                  {pd product} {ergonomic}

Logging:
Log output configuration:
 #0: stdout all=warning uptime,level,tags foldmultilines=false
 #1: stderr all=off uptime,level,tags foldmultilines=false

Environment Variables:
PATH=C:\Program Files (x86)\VMware\VMware Workstation\bin\;C:\Windows\system32;C:\Windows;C:\Windows\System32\Wbem;C:\Windows\System32\WindowsPowerShell\v1.0\;C:\Windows\System32\OpenSSH\;C:\WINDOWS\system32;C:\WINDOWS;C:\WINDOWS\System32\Wbem;C:\WINDOWS\System32\WindowsPowerShell\v1.0\;C:\WINDOWS\System32\OpenSSH\;C:\TDM-GCC-64\bin;D:\PHAN MEM\bin;C:\Program Files\nodejs\;D:\Java\Git\cmd;D:\laragon\bin\php\php_8.2;C:\Users\HOME\AppData\Local\Yarn\config\global\node_modules\.bin;C:\Users\HOME\AppData\Roaming\Composer\vendor\bin;C:\Users\HOME\AppData\Roaming\npm;D:\laragon\bin;D:\laragon\bin\apache\httpd-2.4.54-win64-VS16\bin;D:\laragon\bin\composer;D:\laragon\bin\git\bin;D:\laragon\bin\git\cmd;D:\laragon\bin\git\mingw64\bin;D:\laragon\bin\git\usr\bin;D:\laragon\bin\laragon\utils;D:\laragon\bin\mysql\mysql-8.0.30-winx64\bin;D:\laragon\bin\nginx\nginx-1.22.0;D:\laragon\bin\ngrok;D:\laragon\bin\nodejs\node-v18;D:\laragon\bin\notepad++;D:\laragon\bin\php\php_8.2;D:\laragon\bin\python\python-3.10;D:\laragon\bin\python\python-3.10\Scripts;D:\laragon\bin\redis\redis-x64-5.0.14.1;D:\laragon\bin\telnet;D:\laragon\usr\bin;C:\Users\HOME\AppData\Local\Microsoft\WindowsApps;C:\Users\HOME\AppData\Local\Programs\Microsoft VS Code\bin;C:\Program Files\JetBrains\IntelliJ IDEA Community Edition 2023.3.1\bin;C:\Users\HOME\AppData\Local\ComposerSetup\bin;
USERNAME=HOME
OS=Windows_NT
PROCESSOR_IDENTIFIER=Intel64 Family 6 Model 165 Stepping 2, GenuineIntel
TMP=C:\Users\HOME\AppData\Local\Temp
TEMP=C:\Users\HOME\AppData\Local\Temp




Periodic native trim disabled

---------------  S Y S T E M  ---------------

OS:
 Windows 11 , 64 bit Build 22621 (10.0.22621.3672)
OS uptime: 0 days 7:39 hours

CPU: total 8 (initial active 8) (4 cores per cpu, 2 threads per core) family 6 model 165 stepping 2 microcode 0xe0, cx8, cmov, fxsr, ht, mmx, 3dnowpref, sse, sse2, sse3, ssse3, sse4.1, sse4.2, popcnt, lzcnt, tsc, tscinvbit, avx, avx2, aes, erms, clmul, bmi1, bmi2, adx, fma, vzeroupper, clflush, clflushopt, rdtscp, f16c, pku
Processor Information for all 8 processors :
  Max Mhz: 2496, Current Mhz: 2496, Mhz Limit: 2496

Memory: 4k page, system-wide physical 8029M (831M free)
TotalPageFile size 12125M (AvailPageFile size 220M)
current process WorkingSet (physical memory assigned to process): 58M, peak: 58M
current process commit charge ("private bytes"): 217M, peak: 217M

vm_info: OpenJDK 64-Bit Server VM (21.0.3+9-LTS) for windows-amd64 JRE (21.0.3+9-LTS) (Zulu21.34+19-CA), built on 2024-04-09T07:26:03Z by "zulu_re" with MS VC++ 17.1 (VS2022)

END.
