#
# There is insufficient memory for the Java Runtime Environment to continue.
# Native memory allocation (malloc) failed to allocate 1143312 bytes. Error detail: Chunk::new
# Possible reasons:
#   The system is out of physical RAM or swap space
#   This process is running with CompressedOops enabled, and the Java Heap may be blocking the growth of the native heap
# Possible solutions:
#   Reduce memory load on the system
#   Increase physical memory or swap space
#   Check if swap backing store is full
#   Decrease Java heap size (-Xmx/-Xms)
#   Decrease number of Java threads
#   Decrease Java thread stack sizes (-Xss)
#   Set larger code cache with -XX:ReservedCodeCacheSize=
#   JVM is running with Unscaled Compressed Oops mode in which the Java heap is
#     placed in the first 4GB address space. The Java Heap base address is the
#     maximum limit for the native heap growth. Please use -XX:HeapBaseMinAddress
#     to set the Java Heap base and to place the Java Heap above 4GB virtual address.
# This output file may be truncated or incomplete.
#
#  Out of Memory Error (arena.cpp:168), pid=7800, tid=4076
#
# JRE version: OpenJDK Runtime Environment Zulu21.34+19-CA (21.0.3+9) (build 21.0.3+9-LTS)
# Java VM: OpenJDK 64-Bit Server VM Zulu21.34+19-CA (21.0.3+9-LTS, mixed mode, sharing, tiered, compressed oops, compressed class ptrs, g1 gc, windows-amd64)
# No core dump will be written. Minidumps are not enabled by default on client versions of Windows
#

---------------  S U M M A R Y ------------

Command Line: -javaagent:C:\Users\HOME\IntelliJ IDEA Community Edition 2024.1.1\lib\idea_rt.jar=63728:C:\Users\HOME\IntelliJ IDEA Community Edition 2024.1.1\bin -Dfile.encoding=UTF-8 -Dsun.stdout.encoding=UTF-8 -Dsun.stderr.encoding=UTF-8 Program

Host: Intel(R) Core(TM) i5-10300H CPU @ 2.50GHz, 8 cores, 7G,  Windows 11 , 64 bit Build 22621 (10.0.22621.3672)
Time: Thu Jul 11 02:34:45 2024 SE Asia Standard Time elapsed time: 1.917104 seconds (0d 0h 0m 1s)

---------------  T H R E A D  ---------------

Current thread (0x000001ddb4a2ca90):  JavaThread "C2 CompilerThread0" daemon [_thread_in_native, id=4076, stack(0x000000493f300000,0x000000493f400000) (1024K)]


Current CompileTask:
C2:   1917 1541       4       sun.security.ec.ECOperations::setDouble (463 bytes)

Stack: [0x000000493f300000,0x000000493f400000]
Native frames: (J=compiled Java code, j=interpreted, Vv=VM code, C=native code)
V  [jvm.dll+0x6d3919]
V  [jvm.dll+0x8ae6d1]
V  [jvm.dll+0x8b0a3e]
V  [jvm.dll+0x8b1123]
V  [jvm.dll+0x286316]
V  [jvm.dll+0xc5acd]
V  [jvm.dll+0xc6003]
V  [jvm.dll+0x3bc0fc]
V  [jvm.dll+0x1e2f69]
V  [jvm.dll+0x24b1d2]
V  [jvm.dll+0x24a661]
V  [jvm.dll+0x1ca404]
V  [jvm.dll+0x259d99]
V  [jvm.dll+0x25831a]
V  [jvm.dll+0x3f6236]
V  [jvm.dll+0x857848]
V  [jvm.dll+0x6d206d]
C  [ucrtbase.dll+0x29333]
C  [KERNEL32.DLL+0x1257d]
C  [ntdll.dll+0x5af28]


---------------  P R O C E S S  ---------------

Threads class SMR info:
_java_thread_list=0x000001ddfb7cd5f0, length=15, elements={
0x000001dd95bd4230, 0x000001ddb4a1c8a0, 0x000001ddb4a1d580, 0x000001ddb4a20710,
0x000001ddb4a23610, 0x000001ddb4a210b0, 0x000001ddb4a218d0, 0x000001ddb4a2ca90,
0x000001ddb4a35430, 0x000001ddb4c25640, 0x000001ddb4ed03a0, 0x000001ddb4edadc0,
0x000001ddfa118c00, 0x000001ddfa7165b0, 0x000001ddfae29fd0
}

Java Threads: ( => current thread )
  0x000001dd95bd4230 JavaThread "main"                              [_thread_in_native, id=5168, stack(0x000000493e500000,0x000000493e600000) (1024K)]
  0x000001ddb4a1c8a0 JavaThread "Reference Handler"          daemon [_thread_blocked, id=4016, stack(0x000000493ed00000,0x000000493ee00000) (1024K)]
  0x000001ddb4a1d580 JavaThread "Finalizer"                  daemon [_thread_blocked, id=5996, stack(0x000000493ee00000,0x000000493ef00000) (1024K)]
  0x000001ddb4a20710 JavaThread "Signal Dispatcher"          daemon [_thread_blocked, id=20808, stack(0x000000493ef00000,0x000000493f000000) (1024K)]
  0x000001ddb4a23610 JavaThread "Attach Listener"            daemon [_thread_blocked, id=19088, stack(0x000000493f000000,0x000000493f100000) (1024K)]
  0x000001ddb4a210b0 JavaThread "Service Thread"             daemon [_thread_blocked, id=6352, stack(0x000000493f100000,0x000000493f200000) (1024K)]
  0x000001ddb4a218d0 JavaThread "Monitor Deflation Thread"   daemon [_thread_blocked, id=20568, stack(0x000000493f200000,0x000000493f300000) (1024K)]
=>0x000001ddb4a2ca90 JavaThread "C2 CompilerThread0"         daemon [_thread_in_native, id=4076, stack(0x000000493f300000,0x000000493f400000) (1024K)]
  0x000001ddb4a35430 JavaThread "C1 CompilerThread0"         daemon [_thread_in_vm, id=16600, stack(0x000000493f400000,0x000000493f500000) (1024K)]
  0x000001ddb4c25640 JavaThread "Common-Cleaner"             daemon [_thread_blocked, id=16216, stack(0x000000493f500000,0x000000493f600000) (1024K)]
  0x000001ddb4ed03a0 JavaThread "Monitor Ctrl-Break"         daemon [_thread_in_native, id=19676, stack(0x000000493f700000,0x000000493f800000) (1024K)]
  0x000001ddb4edadc0 JavaThread "Notification Thread"        daemon [_thread_blocked, id=20604, stack(0x000000493f800000,0x000000493f900000) (1024K)]
  0x000001ddfa118c00 JavaThread "C2 CompilerThread1"         daemon [_thread_blocked, id=10004, stack(0x000000493f600000,0x000000493f700000) (1024K)]
  0x000001ddfa7165b0 JavaThread "mysql-cj-abandoned-connection-cleanup" daemon [_thread_blocked, id=21032, stack(0x000000493f900000,0x000000493fa00000) (1024K)]
  0x000001ddfae29fd0 JavaThread "Hibernate Connection Pool Validation Thread" daemon [_thread_blocked, id=8552, stack(0x0000004940100000,0x0000004940200000) (1024K)]
Total: 15

Other Threads:
  0x000001ddb49fee00 VMThread "VM Thread"                           [id=20940, stack(0x000000493ec00000,0x000000493ed00000) (1024K)]
  0x000001ddb49e5e60 WatcherThread "VM Periodic Task Thread"        [id=18424, stack(0x000000493eb00000,0x000000493ec00000) (1024K)]
  0x000001dd97e3ef50 WorkerThread "GC Thread#0"                     [id=11660, stack(0x000000493e600000,0x000000493e700000) (1024K)]
  0x000001ddfab83c90 WorkerThread "GC Thread#1"                     [id=16516, stack(0x000000493fa00000,0x000000493fb00000) (1024K)]
  0x000001ddfabeb9a0 WorkerThread "GC Thread#2"                     [id=19988, stack(0x000000493fb00000,0x000000493fc00000) (1024K)]
  0x000001ddfa6d76e0 WorkerThread "GC Thread#3"                     [id=18476, stack(0x000000493fc00000,0x000000493fd00000) (1024K)]
  0x000001ddfa6d7a90 WorkerThread "GC Thread#4"                     [id=9492, stack(0x000000493fd00000,0x000000493fe00000) (1024K)]
  0x000001ddfa7b62d0 WorkerThread "GC Thread#5"                     [id=11928, stack(0x000000493fe00000,0x000000493ff00000) (1024K)]
  0x000001ddfa7b6680 WorkerThread "GC Thread#6"                     [id=292, stack(0x000000493ff00000,0x0000004940000000) (1024K)]
  0x000001ddfabd3f00 WorkerThread "GC Thread#7"                     [id=2328, stack(0x0000004940000000,0x0000004940100000) (1024K)]
  0x000001dd97e4fbf0 ConcurrentGCThread "G1 Main Marker"            [id=7848, stack(0x000000493e700000,0x000000493e800000) (1024K)]
  0x000001dd97e50eb0 WorkerThread "G1 Conc#0"                       [id=9392, stack(0x000000493e800000,0x000000493e900000) (1024K)]
  0x000001dd97eae7d0 ConcurrentGCThread "G1 Refine#0"               [id=9476, stack(0x000000493e900000,0x000000493ea00000) (1024K)]
  0x000001ddb48b9110 ConcurrentGCThread "G1 Service"                [id=2332, stack(0x000000493ea00000,0x000000493eb00000) (1024K)]
Total: 14

Threads with active compile tasks:
C2 CompilerThread0     1948 1541       4       sun.security.ec.ECOperations::setDouble (463 bytes)
C1 CompilerThread0     1948 1827       3       jdk.internal.org.objectweb.asm.ClassWriter::toByteArray (1517 bytes)
Total: 2

VM state: not at safepoint (normal execution)

VM Mutex/Monitor currently owned by a thread: None

Heap address: 0x0000000082800000, size: 2008 MB, Compressed Oops mode: 32-bit

CDS archive(s) mapped at: [0x000001ddb5000000-0x000001ddb5cf0000-0x000001ddb5cf0000), size 13565952, SharedBaseAddress: 0x000001ddb5000000, ArchiveRelocationMode: 1.
Compressed class space mapped at: 0x000001ddb6000000-0x000001ddf6000000, reserved size: 1073741824
Narrow klass base: 0x000001ddb5000000, Narrow klass shift: 0, Narrow klass range: 0x100000000

GC Precious Log:
 CardTable entry size: 512
 Card Set container configuration: InlinePtr #cards 5 size 8 Array Of Cards #cards 12 size 40 Howl #buckets 4 coarsen threshold 1843 Howl Bitmap #cards 512 size 80 coarsen threshold 460 Card regions per heap region 1 cards per card region 2048
 CPUs: 8 total, 8 available
 Memory: 8029M
 Large Page Support: Disabled
 NUMA Support: Disabled
 Compressed Oops: Enabled (32-bit)
 Heap Region Size: 1M
 Heap Min Capacity: 8M
 Heap Initial Capacity: 126M
 Heap Max Capacity: 2008M
 Pre-touch: Disabled
 Parallel Workers: 8
 Concurrent Workers: 2
 Concurrent Refinement Workers: 8
 Periodic GC: Disabled

Heap:
 garbage-first heap   total 129024K, used 18602K [0x0000000082800000, 0x0000000100000000)
  region size 1024K, 18 young (18432K), 3 survivors (3072K)
 Metaspace       used 17116K, committed 17280K, reserved 1114112K
  class space    used 1958K, committed 2048K, reserved 1048576K

Heap Regions: E=young(eden), S=young(survivor), O=old, HS=humongous(starts), HC=humongous(continues), CS=collection set, F=free, TAMS=top-at-mark-start, PB=parsable bottom
|   0|0x0000000082800000, 0x0000000082900000, 0x0000000082900000|100%|HS|  |TAMS 0x0000000082800000| PB 0x0000000082800000| Complete 
|   1|0x0000000082900000, 0x0000000082a00000, 0x0000000082a00000|100%| O|  |TAMS 0x0000000082900000| PB 0x0000000082900000| Untracked 
|   2|0x0000000082a00000, 0x0000000082a2aa80, 0x0000000082b00000| 16%| O|  |TAMS 0x0000000082a00000| PB 0x0000000082a00000| Untracked 
|   3|0x0000000082b00000, 0x0000000082b00000, 0x0000000082c00000|  0%| F|  |TAMS 0x0000000082b00000| PB 0x0000000082b00000| Untracked 
|   4|0x0000000082c00000, 0x0000000082c00000, 0x0000000082d00000|  0%| F|  |TAMS 0x0000000082c00000| PB 0x0000000082c00000| Untracked 
|   5|0x0000000082d00000, 0x0000000082d00000, 0x0000000082e00000|  0%| F|  |TAMS 0x0000000082d00000| PB 0x0000000082d00000| Untracked 
|   6|0x0000000082e00000, 0x0000000082e00000, 0x0000000082f00000|  0%| F|  |TAMS 0x0000000082e00000| PB 0x0000000082e00000| Untracked 
|   7|0x0000000082f00000, 0x0000000082f00000, 0x0000000083000000|  0%| F|  |TAMS 0x0000000082f00000| PB 0x0000000082f00000| Untracked 
|   8|0x0000000083000000, 0x0000000083000000, 0x0000000083100000|  0%| F|  |TAMS 0x0000000083000000| PB 0x0000000083000000| Untracked 
|   9|0x0000000083100000, 0x0000000083100000, 0x0000000083200000|  0%| F|  |TAMS 0x0000000083100000| PB 0x0000000083100000| Untracked 
|  10|0x0000000083200000, 0x0000000083200000, 0x0000000083300000|  0%| F|  |TAMS 0x0000000083200000| PB 0x0000000083200000| Untracked 
|  11|0x0000000083300000, 0x0000000083300000, 0x0000000083400000|  0%| F|  |TAMS 0x0000000083300000| PB 0x0000000083300000| Untracked 
|  12|0x0000000083400000, 0x0000000083400000, 0x0000000083500000|  0%| F|  |TAMS 0x0000000083400000| PB 0x0000000083400000| Untracked 
|  13|0x0000000083500000, 0x0000000083500000, 0x0000000083600000|  0%| F|  |TAMS 0x0000000083500000| PB 0x0000000083500000| Untracked 
|  14|0x0000000083600000, 0x0000000083600000, 0x0000000083700000|  0%| F|  |TAMS 0x0000000083600000| PB 0x0000000083600000| Untracked 
|  15|0x0000000083700000, 0x0000000083700000, 0x0000000083800000|  0%| F|  |TAMS 0x0000000083700000| PB 0x0000000083700000| Untracked 
|  16|0x0000000083800000, 0x0000000083800000, 0x0000000083900000|  0%| F|  |TAMS 0x0000000083800000| PB 0x0000000083800000| Untracked 
|  17|0x0000000083900000, 0x0000000083900000, 0x0000000083a00000|  0%| F|  |TAMS 0x0000000083900000| PB 0x0000000083900000| Untracked 
|  18|0x0000000083a00000, 0x0000000083a00000, 0x0000000083b00000|  0%| F|  |TAMS 0x0000000083a00000| PB 0x0000000083a00000| Untracked 
|  19|0x0000000083b00000, 0x0000000083b00000, 0x0000000083c00000|  0%| F|  |TAMS 0x0000000083b00000| PB 0x0000000083b00000| Untracked 
|  20|0x0000000083c00000, 0x0000000083c00000, 0x0000000083d00000|  0%| F|  |TAMS 0x0000000083c00000| PB 0x0000000083c00000| Untracked 
|  21|0x0000000083d00000, 0x0000000083d00000, 0x0000000083e00000|  0%| F|  |TAMS 0x0000000083d00000| PB 0x0000000083d00000| Untracked 
|  22|0x0000000083e00000, 0x0000000083e00000, 0x0000000083f00000|  0%| F|  |TAMS 0x0000000083e00000| PB 0x0000000083e00000| Untracked 
|  23|0x0000000083f00000, 0x0000000083f00000, 0x0000000084000000|  0%| F|  |TAMS 0x0000000083f00000| PB 0x0000000083f00000| Untracked 
|  24|0x0000000084000000, 0x0000000084000000, 0x0000000084100000|  0%| F|  |TAMS 0x0000000084000000| PB 0x0000000084000000| Untracked 
|  25|0x0000000084100000, 0x0000000084100000, 0x0000000084200000|  0%| F|  |TAMS 0x0000000084100000| PB 0x0000000084100000| Untracked 
|  26|0x0000000084200000, 0x0000000084200000, 0x0000000084300000|  0%| F|  |TAMS 0x0000000084200000| PB 0x0000000084200000| Untracked 
|  27|0x0000000084300000, 0x0000000084300000, 0x0000000084400000|  0%| F|  |TAMS 0x0000000084300000| PB 0x0000000084300000| Untracked 
|  28|0x0000000084400000, 0x0000000084400000, 0x0000000084500000|  0%| F|  |TAMS 0x0000000084400000| PB 0x0000000084400000| Untracked 
|  29|0x0000000084500000, 0x0000000084500000, 0x0000000084600000|  0%| F|  |TAMS 0x0000000084500000| PB 0x0000000084500000| Untracked 
|  30|0x0000000084600000, 0x0000000084600000, 0x0000000084700000|  0%| F|  |TAMS 0x0000000084600000| PB 0x0000000084600000| Untracked 
|  31|0x0000000084700000, 0x0000000084700000, 0x0000000084800000|  0%| F|  |TAMS 0x0000000084700000| PB 0x0000000084700000| Untracked 
|  32|0x0000000084800000, 0x0000000084800000, 0x0000000084900000|  0%| F|  |TAMS 0x0000000084800000| PB 0x0000000084800000| Untracked 
|  33|0x0000000084900000, 0x0000000084900000, 0x0000000084a00000|  0%| F|  |TAMS 0x0000000084900000| PB 0x0000000084900000| Untracked 
|  34|0x0000000084a00000, 0x0000000084a00000, 0x0000000084b00000|  0%| F|  |TAMS 0x0000000084a00000| PB 0x0000000084a00000| Untracked 
|  35|0x0000000084b00000, 0x0000000084b00000, 0x0000000084c00000|  0%| F|  |TAMS 0x0000000084b00000| PB 0x0000000084b00000| Untracked 
|  36|0x0000000084c00000, 0x0000000084c00000, 0x0000000084d00000|  0%| F|  |TAMS 0x0000000084c00000| PB 0x0000000084c00000| Untracked 
|  37|0x0000000084d00000, 0x0000000084d00000, 0x0000000084e00000|  0%| F|  |TAMS 0x0000000084d00000| PB 0x0000000084d00000| Untracked 
|  38|0x0000000084e00000, 0x0000000084e00000, 0x0000000084f00000|  0%| F|  |TAMS 0x0000000084e00000| PB 0x0000000084e00000| Untracked 
|  39|0x0000000084f00000, 0x0000000084f00000, 0x0000000085000000|  0%| F|  |TAMS 0x0000000084f00000| PB 0x0000000084f00000| Untracked 
|  40|0x0000000085000000, 0x0000000085000000, 0x0000000085100000|  0%| F|  |TAMS 0x0000000085000000| PB 0x0000000085000000| Untracked 
|  41|0x0000000085100000, 0x0000000085100000, 0x0000000085200000|  0%| F|  |TAMS 0x0000000085100000| PB 0x0000000085100000| Untracked 
|  42|0x0000000085200000, 0x0000000085200000, 0x0000000085300000|  0%| F|  |TAMS 0x0000000085200000| PB 0x0000000085200000| Untracked 
|  43|0x0000000085300000, 0x0000000085300000, 0x0000000085400000|  0%| F|  |TAMS 0x0000000085300000| PB 0x0000000085300000| Untracked 
|  44|0x0000000085400000, 0x0000000085400000, 0x0000000085500000|  0%| F|  |TAMS 0x0000000085400000| PB 0x0000000085400000| Untracked 
|  45|0x0000000085500000, 0x0000000085500000, 0x0000000085600000|  0%| F|  |TAMS 0x0000000085500000| PB 0x0000000085500000| Untracked 
|  46|0x0000000085600000, 0x0000000085600000, 0x0000000085700000|  0%| F|  |TAMS 0x0000000085600000| PB 0x0000000085600000| Untracked 
|  47|0x0000000085700000, 0x0000000085700000, 0x0000000085800000|  0%| F|  |TAMS 0x0000000085700000| PB 0x0000000085700000| Untracked 
|  48|0x0000000085800000, 0x0000000085800000, 0x0000000085900000|  0%| F|  |TAMS 0x0000000085800000| PB 0x0000000085800000| Untracked 
|  49|0x0000000085900000, 0x0000000085900000, 0x0000000085a00000|  0%| F|  |TAMS 0x0000000085900000| PB 0x0000000085900000| Untracked 
|  50|0x0000000085a00000, 0x0000000085a00000, 0x0000000085b00000|  0%| F|  |TAMS 0x0000000085a00000| PB 0x0000000085a00000| Untracked 
|  51|0x0000000085b00000, 0x0000000085b00000, 0x0000000085c00000|  0%| F|  |TAMS 0x0000000085b00000| PB 0x0000000085b00000| Untracked 
|  52|0x0000000085c00000, 0x0000000085c00000, 0x0000000085d00000|  0%| F|  |TAMS 0x0000000085c00000| PB 0x0000000085c00000| Untracked 
|  53|0x0000000085d00000, 0x0000000085d00000, 0x0000000085e00000|  0%| F|  |TAMS 0x0000000085d00000| PB 0x0000000085d00000| Untracked 
|  54|0x0000000085e00000, 0x0000000085e00000, 0x0000000085f00000|  0%| F|  |TAMS 0x0000000085e00000| PB 0x0000000085e00000| Untracked 
|  55|0x0000000085f00000, 0x0000000085f00000, 0x0000000086000000|  0%| F|  |TAMS 0x0000000085f00000| PB 0x0000000085f00000| Untracked 
|  56|0x0000000086000000, 0x0000000086000000, 0x0000000086100000|  0%| F|  |TAMS 0x0000000086000000| PB 0x0000000086000000| Untracked 
|  57|0x0000000086100000, 0x0000000086100000, 0x0000000086200000|  0%| F|  |TAMS 0x0000000086100000| PB 0x0000000086100000| Untracked 
|  58|0x0000000086200000, 0x0000000086200000, 0x0000000086300000|  0%| F|  |TAMS 0x0000000086200000| PB 0x0000000086200000| Untracked 
|  59|0x0000000086300000, 0x0000000086300000, 0x0000000086400000|  0%| F|  |TAMS 0x0000000086300000| PB 0x0000000086300000| Untracked 
|  60|0x0000000086400000, 0x0000000086400000, 0x0000000086500000|  0%| F|  |TAMS 0x0000000086400000| PB 0x0000000086400000| Untracked 
|  61|0x0000000086500000, 0x0000000086500000, 0x0000000086600000|  0%| F|  |TAMS 0x0000000086500000| PB 0x0000000086500000| Untracked 
|  62|0x0000000086600000, 0x0000000086600000, 0x0000000086700000|  0%| F|  |TAMS 0x0000000086600000| PB 0x0000000086600000| Untracked 
|  63|0x0000000086700000, 0x0000000086700000, 0x0000000086800000|  0%| F|  |TAMS 0x0000000086700000| PB 0x0000000086700000| Untracked 
|  64|0x0000000086800000, 0x0000000086800000, 0x0000000086900000|  0%| F|  |TAMS 0x0000000086800000| PB 0x0000000086800000| Untracked 
|  65|0x0000000086900000, 0x0000000086900000, 0x0000000086a00000|  0%| F|  |TAMS 0x0000000086900000| PB 0x0000000086900000| Untracked 
|  66|0x0000000086a00000, 0x0000000086a00000, 0x0000000086b00000|  0%| F|  |TAMS 0x0000000086a00000| PB 0x0000000086a00000| Untracked 
|  67|0x0000000086b00000, 0x0000000086b00000, 0x0000000086c00000|  0%| F|  |TAMS 0x0000000086b00000| PB 0x0000000086b00000| Untracked 
|  68|0x0000000086c00000, 0x0000000086c00000, 0x0000000086d00000|  0%| F|  |TAMS 0x0000000086c00000| PB 0x0000000086c00000| Untracked 
|  69|0x0000000086d00000, 0x0000000086d00000, 0x0000000086e00000|  0%| F|  |TAMS 0x0000000086d00000| PB 0x0000000086d00000| Untracked 
|  70|0x0000000086e00000, 0x0000000086e00000, 0x0000000086f00000|  0%| F|  |TAMS 0x0000000086e00000| PB 0x0000000086e00000| Untracked 
|  71|0x0000000086f00000, 0x0000000086f00000, 0x0000000087000000|  0%| F|  |TAMS 0x0000000086f00000| PB 0x0000000086f00000| Untracked 
|  72|0x0000000087000000, 0x0000000087000000, 0x0000000087100000|  0%| F|  |TAMS 0x0000000087000000| PB 0x0000000087000000| Untracked 
|  73|0x0000000087100000, 0x0000000087100000, 0x0000000087200000|  0%| F|  |TAMS 0x0000000087100000| PB 0x0000000087100000| Untracked 
|  74|0x0000000087200000, 0x0000000087200000, 0x0000000087300000|  0%| F|  |TAMS 0x0000000087200000| PB 0x0000000087200000| Untracked 
|  75|0x0000000087300000, 0x0000000087300000, 0x0000000087400000|  0%| F|  |TAMS 0x0000000087300000| PB 0x0000000087300000| Untracked 
|  76|0x0000000087400000, 0x0000000087400000, 0x0000000087500000|  0%| F|  |TAMS 0x0000000087400000| PB 0x0000000087400000| Untracked 
|  77|0x0000000087500000, 0x0000000087500000, 0x0000000087600000|  0%| F|  |TAMS 0x0000000087500000| PB 0x0000000087500000| Untracked 
|  78|0x0000000087600000, 0x0000000087600000, 0x0000000087700000|  0%| F|  |TAMS 0x0000000087600000| PB 0x0000000087600000| Untracked 
|  79|0x0000000087700000, 0x0000000087700000, 0x0000000087800000|  0%| F|  |TAMS 0x0000000087700000| PB 0x0000000087700000| Untracked 
|  80|0x0000000087800000, 0x0000000087800000, 0x0000000087900000|  0%| F|  |TAMS 0x0000000087800000| PB 0x0000000087800000| Untracked 
|  81|0x0000000087900000, 0x0000000087900000, 0x0000000087a00000|  0%| F|  |TAMS 0x0000000087900000| PB 0x0000000087900000| Untracked 
|  82|0x0000000087a00000, 0x0000000087a00000, 0x0000000087b00000|  0%| F|  |TAMS 0x0000000087a00000| PB 0x0000000087a00000| Untracked 
|  83|0x0000000087b00000, 0x0000000087b00000, 0x0000000087c00000|  0%| F|  |TAMS 0x0000000087b00000| PB 0x0000000087b00000| Untracked 
|  84|0x0000000087c00000, 0x0000000087c00000, 0x0000000087d00000|  0%| F|  |TAMS 0x0000000087c00000| PB 0x0000000087c00000| Untracked 
|  85|0x0000000087d00000, 0x0000000087d00000, 0x0000000087e00000|  0%| F|  |TAMS 0x0000000087d00000| PB 0x0000000087d00000| Untracked 
|  86|0x0000000087e00000, 0x0000000087e00000, 0x0000000087f00000|  0%| F|  |TAMS 0x0000000087e00000| PB 0x0000000087e00000| Untracked 
|  87|0x0000000087f00000, 0x0000000087f00000, 0x0000000088000000|  0%| F|  |TAMS 0x0000000087f00000| PB 0x0000000087f00000| Untracked 
|  88|0x0000000088000000, 0x0000000088000000, 0x0000000088100000|  0%| F|  |TAMS 0x0000000088000000| PB 0x0000000088000000| Untracked 
|  89|0x0000000088100000, 0x0000000088100000, 0x0000000088200000|  0%| F|  |TAMS 0x0000000088100000| PB 0x0000000088100000| Untracked 
|  90|0x0000000088200000, 0x0000000088200000, 0x0000000088300000|  0%| F|  |TAMS 0x0000000088200000| PB 0x0000000088200000| Untracked 
|  91|0x0000000088300000, 0x0000000088300000, 0x0000000088400000|  0%| F|  |TAMS 0x0000000088300000| PB 0x0000000088300000| Untracked 
|  92|0x0000000088400000, 0x0000000088400000, 0x0000000088500000|  0%| F|  |TAMS 0x0000000088400000| PB 0x0000000088400000| Untracked 
|  93|0x0000000088500000, 0x0000000088500000, 0x0000000088600000|  0%| F|  |TAMS 0x0000000088500000| PB 0x0000000088500000| Untracked 
|  94|0x0000000088600000, 0x0000000088600000, 0x0000000088700000|  0%| F|  |TAMS 0x0000000088600000| PB 0x0000000088600000| Untracked 
|  95|0x0000000088700000, 0x0000000088700000, 0x0000000088800000|  0%| F|  |TAMS 0x0000000088700000| PB 0x0000000088700000| Untracked 
|  96|0x0000000088800000, 0x0000000088800000, 0x0000000088900000|  0%| F|  |TAMS 0x0000000088800000| PB 0x0000000088800000| Untracked 
|  97|0x0000000088900000, 0x0000000088900000, 0x0000000088a00000|  0%| F|  |TAMS 0x0000000088900000| PB 0x0000000088900000| Untracked 
|  98|0x0000000088a00000, 0x0000000088a00000, 0x0000000088b00000|  0%| F|  |TAMS 0x0000000088a00000| PB 0x0000000088a00000| Untracked 
|  99|0x0000000088b00000, 0x0000000088b00000, 0x0000000088c00000|  0%| F|  |TAMS 0x0000000088b00000| PB 0x0000000088b00000| Untracked 
| 100|0x0000000088c00000, 0x0000000088d00000, 0x0000000088d00000|100%| S|CS|TAMS 0x0000000088c00000| PB 0x0000000088c00000| Complete 
| 101|0x0000000088d00000, 0x0000000088e00000, 0x0000000088e00000|100%| S|CS|TAMS 0x0000000088d00000| PB 0x0000000088d00000| Complete 
| 102|0x0000000088e00000, 0x0000000088f00000, 0x0000000088f00000|100%| S|CS|TAMS 0x0000000088e00000| PB 0x0000000088e00000| Complete 
| 103|0x0000000088f00000, 0x0000000088f00000, 0x0000000089000000|  0%| F|  |TAMS 0x0000000088f00000| PB 0x0000000088f00000| Untracked 
| 104|0x0000000089000000, 0x0000000089000000, 0x0000000089100000|  0%| F|  |TAMS 0x0000000089000000| PB 0x0000000089000000| Untracked 
| 105|0x0000000089100000, 0x0000000089100000, 0x0000000089200000|  0%| F|  |TAMS 0x0000000089100000| PB 0x0000000089100000| Untracked 
| 106|0x0000000089200000, 0x0000000089200000, 0x0000000089300000|  0%| F|  |TAMS 0x0000000089200000| PB 0x0000000089200000| Untracked 
| 107|0x0000000089300000, 0x0000000089300000, 0x0000000089400000|  0%| F|  |TAMS 0x0000000089300000| PB 0x0000000089300000| Untracked 
| 108|0x0000000089400000, 0x0000000089400000, 0x0000000089500000|  0%| F|  |TAMS 0x0000000089400000| PB 0x0000000089400000| Untracked 
| 109|0x0000000089500000, 0x0000000089500000, 0x0000000089600000|  0%| F|  |TAMS 0x0000000089500000| PB 0x0000000089500000| Untracked 
| 110|0x0000000089600000, 0x0000000089600000, 0x0000000089700000|  0%| F|  |TAMS 0x0000000089600000| PB 0x0000000089600000| Untracked 
| 111|0x0000000089700000, 0x0000000089800000, 0x0000000089800000|100%| E|  |TAMS 0x0000000089700000| PB 0x0000000089700000| Complete 
| 112|0x0000000089800000, 0x0000000089900000, 0x0000000089900000|100%| E|CS|TAMS 0x0000000089800000| PB 0x0000000089800000| Complete 
| 113|0x0000000089900000, 0x0000000089a00000, 0x0000000089a00000|100%| E|CS|TAMS 0x0000000089900000| PB 0x0000000089900000| Complete 
| 114|0x0000000089a00000, 0x0000000089b00000, 0x0000000089b00000|100%| E|CS|TAMS 0x0000000089a00000| PB 0x0000000089a00000| Complete 
| 115|0x0000000089b00000, 0x0000000089c00000, 0x0000000089c00000|100%| E|CS|TAMS 0x0000000089b00000| PB 0x0000000089b00000| Complete 
| 116|0x0000000089c00000, 0x0000000089d00000, 0x0000000089d00000|100%| E|CS|TAMS 0x0000000089c00000| PB 0x0000000089c00000| Complete 
| 117|0x0000000089d00000, 0x0000000089e00000, 0x0000000089e00000|100%| E|CS|TAMS 0x0000000089d00000| PB 0x0000000089d00000| Complete 
| 118|0x0000000089e00000, 0x0000000089f00000, 0x0000000089f00000|100%| E|CS|TAMS 0x0000000089e00000| PB 0x0000000089e00000| Complete 
| 119|0x0000000089f00000, 0x000000008a000000, 0x000000008a000000|100%| E|CS|TAMS 0x0000000089f00000| PB 0x0000000089f00000| Complete 
| 120|0x000000008a000000, 0x000000008a100000, 0x000000008a100000|100%| E|CS|TAMS 0x000000008a000000| PB 0x000000008a000000| Complete 
| 121|0x000000008a100000, 0x000000008a200000, 0x000000008a200000|100%| E|CS|TAMS 0x000000008a100000| PB 0x000000008a100000| Complete 
| 122|0x000000008a200000, 0x000000008a300000, 0x000000008a300000|100%| E|CS|TAMS 0x000000008a200000| PB 0x000000008a200000| Complete 
| 123|0x000000008a300000, 0x000000008a400000, 0x000000008a400000|100%| E|  |TAMS 0x000000008a300000| PB 0x000000008a300000| Complete 
| 124|0x000000008a400000, 0x000000008a500000, 0x000000008a500000|100%| E|CS|TAMS 0x000000008a400000| PB 0x000000008a400000| Complete 
| 125|0x000000008a500000, 0x000000008a600000, 0x000000008a600000|100%| E|CS|TAMS 0x000000008a500000| PB 0x000000008a500000| Complete 

Card table byte_map: [0x000001ddafca0000,0x000001ddb0090000] _byte_map_base: 0x000001ddaf88c000

Marking Bits: (CMBitMap*) 0x000001dd97e3f660
 Bits: [0x000001ddb0090000, 0x000001ddb1ff0000)

Polling page: 0x000001dd95d20000

Metaspace:

Usage:
  Non-class:     14.83 MB used.
      Class:      1.92 MB used.
       Both:     16.75 MB used.

Virtual space:
  Non-class space:       64.00 MB reserved,      14.94 MB ( 23%) committed,  1 nodes.
      Class space:        1.00 GB reserved,       2.06 MB ( <1%) committed,  1 nodes.
             Both:        1.06 GB reserved,      17.00 MB (  2%) committed. 

Chunk freelists:
   Non-Class:  224.00 KB
       Class:  13.99 MB
        Both:  14.21 MB

MaxMetaspaceSize: unlimited
CompressedClassSpaceSize: 1.00 GB
Initial GC threshold: 21.00 MB
Current GC threshold: 21.00 MB
CDS: on
 - commit_granule_bytes: 65536.
 - commit_granule_words: 8192.
 - virtual_space_node_default_size: 8388608.
 - enlarge_chunks_in_place: 1.
 - use_allocation_guard: 0.


Internal statistics:

num_allocs_failed_limit: 0.
num_arena_births: 152.
num_arena_deaths: 0.
num_vsnodes_births: 2.
num_vsnodes_deaths: 0.
num_space_committed: 272.
num_space_uncommitted: 0.
num_chunks_returned_to_freelist: 0.
num_chunks_taken_from_freelist: 547.
num_chunk_merges: 0.
num_chunk_splits: 380.
num_chunks_enlarged: 291.
num_inconsistent_stats: 0.

CodeHeap 'non-profiled nmethods': size=120000Kb used=698Kb max_used=698Kb free=119301Kb
 bounds [0x000001dda8050000, 0x000001dda82c0000, 0x000001ddaf580000]
CodeHeap 'profiled nmethods': size=120000Kb used=3329Kb max_used=3329Kb free=116670Kb
 bounds [0x000001dda0580000, 0x000001dda08d0000, 0x000001dda7ab0000]
CodeHeap 'non-nmethods': size=5760Kb used=1495Kb max_used=1515Kb free=4264Kb
 bounds [0x000001dda7ab0000, 0x000001dda7d20000, 0x000001dda8050000]
 total_blobs=2394 nmethods=1824 adapters=475
 compilation: enabled
              stopped_count=0, restarted_count=0
 full_count=0

Compilation events (20 events):
Event: 1.887 Thread 0x000001ddb4a35430 1791   !   3       java.util.regex.Pattern::closure (276 bytes)
Event: 1.887 Thread 0x000001ddfa118c00 nmethod 1746 0x000001dda80f6410 code [0x000001dda80f6680, 0x000001dda80f78c8]
Event: 1.887 Thread 0x000001ddfa118c00 1789 %     4       java.util.Arrays$ArrayList::indexOf @ 36 (62 bytes)
Event: 1.889 Thread 0x000001ddb4a35430 nmethod 1791 0x000001dda08ae410 code [0x000001dda08ae840, 0x000001dda08b0260]
Event: 1.891 Thread 0x000001ddb4a35430 1792       3       java.util.RegularEnumSet::contains (57 bytes)
Event: 1.891 Thread 0x000001ddb4a35430 nmethod 1792 0x000001dda08b0c10 code [0x000001dda08b0de0, 0x000001dda08b11f0]
Event: 1.898 Thread 0x000001ddfa118c00 nmethod 1789% 0x000001dda80f8310 code [0x000001dda80f84c0, 0x000001dda80f8d38]
Event: 1.898 Thread 0x000001ddfa118c00 1749       4       sun.util.locale.LocaleUtils::isUpper (18 bytes)
Event: 1.899 Thread 0x000001ddfa118c00 nmethod 1749 0x000001dda80f8f10 code [0x000001dda80f9080, 0x000001dda80f90f0]
Event: 1.899 Thread 0x000001ddfa118c00 1790   !   4       java.util.jar.JarFile::checkForSpecialAttributes (163 bytes)
Event: 1.901 Thread 0x000001ddb4a35430 1793       3       java.util.logging.LogManager$LoggerContext::requiresDefaultLoggers (29 bytes)
Event: 1.901 Thread 0x000001ddb4a35430 nmethod 1793 0x000001dda08b1310 code [0x000001dda08b14c0, 0x000001dda08b16d0]
Event: 1.902 Thread 0x000001ddb4a35430 1795       3       sun.invoke.util.BytecodeDescriptor::unparseMethod (66 bytes)
Event: 1.903 Thread 0x000001ddb4a35430 nmethod 1795 0x000001dda08b1790 code [0x000001dda08b19c0, 0x000001dda08b1fa8]
Event: 1.903 Thread 0x000001ddfa118c00 nmethod 1790 0x000001dda80f9510 code [0x000001dda80f9760, 0x000001dda80f9f50]
Event: 1.904 Thread 0x000001ddb4a35430 1796   !   3       java.util.ImmutableCollections$ListItr::next (34 bytes)
Event: 1.904 Thread 0x000001ddb4a35430 nmethod 1796 0x000001dda08b2290 code [0x000001dda08b2460, 0x000001dda08b2750]
Event: 1.906 Thread 0x000001ddb4a35430 1797       3       java.util.regex.Pattern$1MatcherIterator::hasNext (227 bytes)
Event: 1.906 Thread 0x000001ddfa118c00 1798       4       java.util.HashMap::put (13 bytes)
Event: 1.907 Thread 0x000001ddb4a35430 nmethod 1797 0x000001dda08b2890 code [0x000001dda08b2be0, 0x000001dda08b4010]

GC Heap History (2 events):
Event: 1.133 GC heap before
{Heap before GC invocations=0 (full 0):
 garbage-first heap   total 129024K, used 23552K [0x0000000082800000, 0x0000000100000000)
  region size 1024K, 23 young (23552K), 0 survivors (0K)
 Metaspace       used 8590K, committed 8832K, reserved 1114112K
  class space    used 963K, committed 1088K, reserved 1048576K
}
Event: 1.141 GC heap after
{Heap after GC invocations=1 (full 0):
 garbage-first heap   total 129024K, used 5290K [0x0000000082800000, 0x0000000100000000)
  region size 1024K, 3 young (3072K), 3 survivors (3072K)
 Metaspace       used 8590K, committed 8832K, reserved 1114112K
  class space    used 963K, committed 1088K, reserved 1048576K
}

Dll operation events (11 events):
Event: 0.048 Loaded shared library C:\Users\HOME\.jdks\azul-21.0.3\bin\java.dll
Event: 0.098 Loaded shared library C:\Users\HOME\.jdks\azul-21.0.3\bin\jsvml.dll
Event: 0.157 Loaded shared library C:\Users\HOME\.jdks\azul-21.0.3\bin\zip.dll
Event: 0.162 Loaded shared library C:\Users\HOME\.jdks\azul-21.0.3\bin\instrument.dll
Event: 0.168 Loaded shared library C:\Users\HOME\.jdks\azul-21.0.3\bin\net.dll
Event: 0.171 Loaded shared library C:\Users\HOME\.jdks\azul-21.0.3\bin\nio.dll
Event: 0.179 Loaded shared library C:\Users\HOME\.jdks\azul-21.0.3\bin\zip.dll
Event: 0.285 Loaded shared library C:\Users\HOME\IntelliJ IDEA Community Edition 2024.1.1\bin\breakgen64.dll
Event: 0.299 Loaded shared library C:\Users\HOME\.jdks\azul-21.0.3\bin\extnet.dll
Event: 0.328 Loaded shared library C:\Users\HOME\.jdks\azul-21.0.3\bin\jimage.dll
Event: 1.388 Loaded shared library C:\Users\HOME\.jdks\azul-21.0.3\bin\sunmscapi.dll

Deoptimization events (20 events):
Event: 1.700 Thread 0x000001dd95bd4230 DEOPT PACKING pc=0x000001dda80dd86c sp=0x000000493e5fd0a0
Event: 1.700 Thread 0x000001dd95bd4230 DEOPT UNPACKING pc=0x000001dda7b046a2 sp=0x000000493e5fcfe0 mode 2
Event: 1.700 Thread 0x000001dd95bd4230 Uncommon trap: trap_request=0xffffffde fr.pc=0x000001dda80d7ca0 relative=0x0000000000000260
Event: 1.700 Thread 0x000001dd95bd4230 Uncommon trap: reason=class_check action=maybe_recompile pc=0x000001dda80d7ca0 method=sun.security.util.math.intpoly.IntegerPolynomial.multByInt([JJ)V @ 26 c2
Event: 1.700 Thread 0x000001dd95bd4230 DEOPT PACKING pc=0x000001dda80d7ca0 sp=0x000000493e5fd010
Event: 1.700 Thread 0x000001dd95bd4230 DEOPT UNPACKING pc=0x000001dda7b046a2 sp=0x000000493e5fcfe0 mode 2
Event: 1.700 Thread 0x000001dd95bd4230 Uncommon trap: trap_request=0xffffffde fr.pc=0x000001dda80d7ca0 relative=0x0000000000000260
Event: 1.700 Thread 0x000001dd95bd4230 Uncommon trap: reason=class_check action=maybe_recompile pc=0x000001dda80d7ca0 method=sun.security.util.math.intpoly.IntegerPolynomial.multByInt([JJ)V @ 26 c2
Event: 1.700 Thread 0x000001dd95bd4230 DEOPT PACKING pc=0x000001dda80d7ca0 sp=0x000000493e5fd010
Event: 1.700 Thread 0x000001dd95bd4230 DEOPT UNPACKING pc=0x000001dda7b046a2 sp=0x000000493e5fcfe0 mode 2
Event: 1.700 Thread 0x000001dd95bd4230 Uncommon trap: trap_request=0xffffffde fr.pc=0x000001dda80d7ca0 relative=0x0000000000000260
Event: 1.700 Thread 0x000001dd95bd4230 Uncommon trap: reason=class_check action=maybe_recompile pc=0x000001dda80d7ca0 method=sun.security.util.math.intpoly.IntegerPolynomial.multByInt([JJ)V @ 26 c2
Event: 1.700 Thread 0x000001dd95bd4230 DEOPT PACKING pc=0x000001dda80d7ca0 sp=0x000000493e5fd010
Event: 1.700 Thread 0x000001dd95bd4230 DEOPT UNPACKING pc=0x000001dda7b046a2 sp=0x000000493e5fcfe0 mode 2
Event: 1.700 Thread 0x000001dd95bd4230 Uncommon trap: trap_request=0xffffffde fr.pc=0x000001dda80d7ca0 relative=0x0000000000000260
Event: 1.700 Thread 0x000001dd95bd4230 Uncommon trap: reason=class_check action=maybe_recompile pc=0x000001dda80d7ca0 method=sun.security.util.math.intpoly.IntegerPolynomial.multByInt([JJ)V @ 26 c2
Event: 1.700 Thread 0x000001dd95bd4230 DEOPT PACKING pc=0x000001dda80d7ca0 sp=0x000000493e5fd010
Event: 1.700 Thread 0x000001dd95bd4230 DEOPT UNPACKING pc=0x000001dda7b046a2 sp=0x000000493e5fcfe0 mode 2
Event: 1.814 Thread 0x000001dd95bd4230 DEOPT PACKING pc=0x000001dda076fadf sp=0x000000493e5fa310
Event: 1.815 Thread 0x000001dd95bd4230 DEOPT UNPACKING pc=0x000001dda7b04e42 sp=0x000000493e5f97e8 mode 0

Classes loaded (20 events):
Event: 1.818 Loading class java/util/concurrent/ScheduledFuture done
Event: 1.818 Loading class java/util/concurrent/RunnableScheduledFuture done
Event: 1.819 Loading class java/util/concurrent/ScheduledThreadPoolExecutor$ScheduledFutureTask
Event: 1.819 Loading class java/util/concurrent/FutureTask
Event: 1.819 Loading class java/util/concurrent/FutureTask done
Event: 1.819 Loading class java/util/concurrent/ScheduledThreadPoolExecutor$ScheduledFutureTask done
Event: 1.819 Loading class java/util/concurrent/FutureTask$WaitNode
Event: 1.819 Loading class java/util/concurrent/FutureTask$WaitNode done
Event: 1.819 Loading class java/util/concurrent/Executors$RunnableAdapter
Event: 1.819 Loading class java/util/concurrent/Executors$RunnableAdapter done
Event: 1.819 Loading class java/lang/Thread$ThreadNumbering
Event: 1.819 Loading class java/lang/Thread$ThreadNumbering done
Event: 1.829 Loading class java/util/TimerTask
Event: 1.829 Loading class java/util/TimerTask done
Event: 1.892 Loading class java/util/NoSuchElementException
Event: 1.892 Loading class java/util/NoSuchElementException done
Event: 1.906 Loading class java/util/regex/Pattern$1MatcherIterator
Event: 1.906 Loading class java/util/regex/Pattern$1MatcherIterator done
Event: 1.907 Loading class java/lang/Class$AnnotationData
Event: 1.907 Loading class java/lang/Class$AnnotationData done

Classes unloaded (0 events):
No events

Classes redefined (0 events):
No events

Internal exceptions (20 events):
Event: 0.211 Thread 0x000001dd95bd4230 Exception <a 'java/lang/NoSuchMethodError'{0x000000008a2ac378}: 'void java.lang.invoke.DirectMethodHandle$Holder.invokeStatic(java.lang.Object, java.lang.Object, java.lang.Object)'> (0x000000008a2ac378) 
thrown [s\src\hotspot\share\interpreter\linkResolver.cpp, line 773]
Event: 0.218 Thread 0x000001dd95bd4230 Exception <a 'java/lang/NoSuchMethodError'{0x000000008a2c3880}: 'java.lang.Object java.lang.invoke.Invokers$Holder.invokeExact_MT(java.lang.Object, java.lang.Object, java.lang.Object, java.lang.Object, java.lang.Object)'> (0x000000008a2c3880) 
thrown [s\src\hotspot\share\interpreter\linkResolver.cpp, line 773]
Event: 0.301 Thread 0x000001ddb4ed03a0 Exception <a 'java/lang/NoSuchMethodError'{0x000000008a2dd918}: 'void java.lang.invoke.DirectMethodHandle$Holder.invokeStatic(java.lang.Object, java.lang.Object)'> (0x000000008a2dd918) 
thrown [s\src\hotspot\share\interpreter\linkResolver.cpp, line 773]
Event: 0.363 Thread 0x000001dd95bd4230 Exception <a 'java/lang/NoSuchMethodError'{0x000000008a08ac60}: 'java.lang.ClassLoader java.lang.Class.getClassLoader(java.lang.Class)'> (0x000000008a08ac60) 
thrown [s\src\hotspot\share\interpreter\linkResolver.cpp, line 773]
Event: 0.366 Thread 0x000001dd95bd4230 Exception <a 'java/lang/NoSuchMethodError'{0x0000000089f03398}: 'java.lang.Object java.lang.invoke.DirectMethodHandle$Holder.invokeStatic(java.lang.Object, java.lang.Object, int)'> (0x0000000089f03398) 
thrown [s\src\hotspot\share\interpreter\linkResolver.cpp, line 773]
Event: 0.369 Thread 0x000001dd95bd4230 Exception <a 'java/lang/NoSuchMethodError'{0x0000000089f0e8e0}: 'void java.lang.invoke.DelegatingMethodHandle$Holder.delegate(java.lang.Object, java.lang.Object, int, java.lang.Object)'> (0x0000000089f0e8e0) 
thrown [s\src\hotspot\share\interpreter\linkResolver.cpp, line 773]
Event: 0.369 Thread 0x000001dd95bd4230 Exception <a 'java/lang/NoSuchMethodError'{0x0000000089f125c0}: 'int java.lang.invoke.DirectMethodHandle$Holder.invokeSpecial(java.lang.Object, java.lang.Object, java.lang.Object)'> (0x0000000089f125c0) 
thrown [s\src\hotspot\share\interpreter\linkResolver.cpp, line 773]
Event: 0.748 Thread 0x000001dd95bd4230 Exception <a 'java/lang/NoSuchMethodError'{0x00000000899082d0}: 'void java.lang.invoke.DirectMethodHandle$Holder.invokeSpecial(java.lang.Object, java.lang.Object, java.lang.Object)'> (0x00000000899082d0) 
thrown [s\src\hotspot\share\interpreter\linkResolver.cpp, line 773]
Event: 0.854 Thread 0x000001dd95bd4230 Exception <a 'java/lang/NoSuchMethodError'{0x0000000089725f50}: 'java.lang.Object java.lang.invoke.DirectMethodHandle$Holder.invokeStaticInit(java.lang.Object, int, int, int, int)'> (0x0000000089725f50) 
thrown [s\src\hotspot\share\interpreter\linkResolver.cpp, line 773]
Event: 0.873 Thread 0x000001dd95bd4230 Exception <a 'java/lang/NoSuchMethodError'{0x0000000089743908}: 'java.lang.Object java.lang.invoke.DirectMethodHandle$Holder.invokeStaticInit(java.lang.Object, java.lang.Object, int, int, int, int)'> (0x0000000089743908) 
thrown [s\src\hotspot\share\interpreter\linkResolver.cpp, line 773]
Event: 0.919 Thread 0x000001dd95bd4230 Implicit null exception at 0x000001dda808ce66 to 0x000001dda808cf12
Event: 0.970 Thread 0x000001dd95bd4230 Exception <a 'java/lang/NoSuchMethodError'{0x00000000894742b8}: 'java.lang.Object java.lang.invoke.Invokers$Holder.invokeExact_MT(java.lang.Object, java.lang.Object, java.lang.Object, java.lang.Object, java.lang.Object, java.lang.Object)'> (0x00000000894742b8) 
thrown [s\src\hotspot\share\interpreter\linkResolver.cpp, line 773]
Event: 1.078 Thread 0x000001dd95bd4230 Exception <a 'java/lang/NoSuchMethodError'{0x0000000089090c10}: 'java.lang.Object java.lang.invoke.DirectMethodHandle$Holder.invokeInterface(java.lang.Object, java.lang.Object)'> (0x0000000089090c10) 
thrown [s\src\hotspot\share\interpreter\linkResolver.cpp, line 773]
Event: 1.102 Thread 0x000001dd95bd4230 Exception <a 'java/lang/NoSuchMethodError'{0x0000000088f1d270}: 'java.lang.Object java.lang.invoke.DirectMethodHandle$Holder.invokeVirtual(java.lang.Object, java.lang.Object, java.lang.Object)'> (0x0000000088f1d270) 
thrown [s\src\hotspot\share\interpreter\linkResolver.cpp, line 773]
Event: 1.368 Thread 0x000001dd95bd4230 Exception <a 'java/lang/NoSuchMethodError'{0x000000008a0d6440}: 'void java.lang.invoke.DirectMethodHandle$Holder.invokeStaticInit(java.lang.Object, java.lang.Object)'> (0x000000008a0d6440) 
thrown [s\src\hotspot\share\interpreter\linkResolver.cpp, line 773]
Event: 1.445 Thread 0x000001dd95bd4230 Exception <a 'sun/nio/fs/WindowsException'{0x0000000089fd2348}> (0x0000000089fd2348) 
thrown [s\src\hotspot\share\prims\jni.cpp, line 520]
Event: 1.702 Thread 0x000001dd95bd4230 Exception <a 'java/lang/NoSuchMethodError'{0x0000000089c2b150}: 'void java.lang.invoke.DirectMethodHandle$Holder.invokeVirtual(java.lang.Object, java.lang.Object)'> (0x0000000089c2b150) 
thrown [s\src\hotspot\share\interpreter\linkResolver.cpp, line 773]
Event: 1.775 Thread 0x000001dd95bd4230 Exception <a 'java/lang/NoSuchMethodError'{0x0000000089b13910}: 'void java.lang.invoke.DirectMethodHandle$Holder.invokeStatic(java.lang.Object, java.lang.Object, java.lang.Object, java.lang.Object)'> (0x0000000089b13910) 
thrown [s\src\hotspot\share\interpreter\linkResolver.cpp, line 773]
Event: 1.793 Thread 0x000001dd95bd4230 Exception <a 'java/lang/NoSuchMethodError'{0x0000000089b6d690}: 'void java.lang.invoke.DirectMethodHandle$Holder.invokeInterface(java.lang.Object, java.lang.Object, java.lang.Object, java.lang.Object)'> (0x0000000089b6d690) 
thrown [s\src\hotspot\share\interpreter\linkResolver.cpp, line 773]
Event: 1.811 Thread 0x000001dd95bd4230 Exception <a 'java/lang/NoSuchMethodError'{0x0000000089bf8ab0}: 'int java.lang.invoke.DirectMethodHandle$Holder.invokeStatic(java.lang.Object)'> (0x0000000089bf8ab0) 
thrown [s\src\hotspot\share\interpreter\linkResolver.cpp, line 773]

ZGC Phase Switch (0 events):
No events

VM Operations (20 events):
Event: 1.034 Executing VM operation: HandshakeAllThreads (Deoptimize)
Event: 1.034 Executing VM operation: HandshakeAllThreads (Deoptimize) done
Event: 1.034 Executing VM operation: HandshakeAllThreads (Deoptimize)
Event: 1.034 Executing VM operation: HandshakeAllThreads (Deoptimize) done
Event: 1.047 Executing VM operation: HandshakeAllThreads (Deoptimize)
Event: 1.047 Executing VM operation: HandshakeAllThreads (Deoptimize) done
Event: 1.097 Executing VM operation: HandshakeAllThreads (Deoptimize)
Event: 1.097 Executing VM operation: HandshakeAllThreads (Deoptimize) done
Event: 1.133 Executing VM operation: G1CollectForAllocation (G1 Evacuation Pause)
Event: 1.141 Executing VM operation: G1CollectForAllocation (G1 Evacuation Pause) done
Event: 1.209 Executing VM operation: HandshakeAllThreads (Deoptimize)
Event: 1.209 Executing VM operation: HandshakeAllThreads (Deoptimize) done
Event: 1.317 Executing VM operation: HandshakeAllThreads (Deoptimize)
Event: 1.317 Executing VM operation: HandshakeAllThreads (Deoptimize) done
Event: 1.397 Executing VM operation: HandshakeAllThreads (Deoptimize)
Event: 1.397 Executing VM operation: HandshakeAllThreads (Deoptimize) done
Event: 1.461 Executing VM operation: HandshakeAllThreads (Deoptimize)
Event: 1.461 Executing VM operation: HandshakeAllThreads (Deoptimize) done
Event: 1.718 Executing VM operation: HandshakeAllThreads (Deoptimize)
Event: 1.718 Executing VM operation: HandshakeAllThreads (Deoptimize) done

Events (17 events):
Event: 0.077 Thread 0x000001dd95bd4230 Thread added: 0x000001dd95bd4230
Event: 0.095 Thread 0x000001ddb4a1c8a0 Thread added: 0x000001ddb4a1c8a0
Event: 0.095 Thread 0x000001ddb4a1d580 Thread added: 0x000001ddb4a1d580
Event: 0.095 Thread 0x000001ddb4a20710 Thread added: 0x000001ddb4a20710
Event: 0.096 Thread 0x000001ddb4a23610 Thread added: 0x000001ddb4a23610
Event: 0.096 Thread 0x000001ddb4a210b0 Thread added: 0x000001ddb4a210b0
Event: 0.096 Thread 0x000001ddb4a218d0 Thread added: 0x000001ddb4a218d0
Event: 0.096 Thread 0x000001ddb4a2ca90 Thread added: 0x000001ddb4a2ca90
Event: 0.096 Thread 0x000001ddb4a35430 Thread added: 0x000001ddb4a35430
Event: 0.131 Thread 0x000001ddb4c25640 Thread added: 0x000001ddb4c25640
Event: 0.151 Thread 0x000001ddb4c67630 Thread added: 0x000001ddb4c67630
Event: 0.286 Thread 0x000001ddb4ed03a0 Thread added: 0x000001ddb4ed03a0
Event: 0.286 Thread 0x000001ddb4edadc0 Thread added: 0x000001ddb4edadc0
Event: 0.308 Thread 0x000001ddb4c67630 Thread exited: 0x000001ddb4c67630
Event: 0.615 Thread 0x000001ddfa118c00 Thread added: 0x000001ddfa118c00
Event: 1.035 Thread 0x000001ddfa7165b0 Thread added: 0x000001ddfa7165b0
Event: 1.819 Thread 0x000001ddfae29fd0 Thread added: 0x000001ddfae29fd0


Dynamic libraries:
0x00007ff671050000 - 0x00007ff67105e000 	C:\Users\HOME\.jdks\azul-21.0.3\bin\java.exe
0x00007fff230d0000 - 0x00007fff232e7000 	C:\WINDOWS\SYSTEM32\ntdll.dll
0x00007fff21ea0000 - 0x00007fff21f64000 	C:\WINDOWS\System32\KERNEL32.DLL
0x00007fff20400000 - 0x00007fff207ac000 	C:\WINDOWS\System32\KERNELBASE.dll
0x00007fff209c0000 - 0x00007fff20ad1000 	C:\WINDOWS\System32\ucrtbase.dll
0x00007fff1a8f0000 - 0x00007fff1a909000 	C:\Users\HOME\.jdks\azul-21.0.3\bin\jli.dll
0x00007fff1a910000 - 0x00007fff1a92b000 	C:\Users\HOME\.jdks\azul-21.0.3\bin\VCRUNTIME140.dll
0x00007fff21470000 - 0x00007fff2161e000 	C:\WINDOWS\System32\USER32.dll
0x00007fff20ae0000 - 0x00007fff20b06000 	C:\WINDOWS\System32\win32u.dll
0x00007fff07a00000 - 0x00007fff07c93000 	C:\WINDOWS\WinSxS\amd64_microsoft.windows.common-controls_6595b64144ccf1df_6.0.22621.3672_none_2713b9d173822955\COMCTL32.dll
0x00007fff20f10000 - 0x00007fff20f39000 	C:\WINDOWS\System32\GDI32.dll
0x00007fff22fe0000 - 0x00007fff23087000 	C:\WINDOWS\System32\msvcrt.dll
0x00007fff207b0000 - 0x00007fff208c9000 	C:\WINDOWS\System32\gdi32full.dll
0x00007fff20d70000 - 0x00007fff20e0a000 	C:\WINDOWS\System32\msvcp_win.dll
0x00007fff22a00000 - 0x00007fff22a31000 	C:\WINDOWS\System32\IMM32.DLL
0x00007fff1a8e0000 - 0x00007fff1a8ec000 	C:\Users\HOME\.jdks\azul-21.0.3\bin\vcruntime140_1.dll
0x00007ffedc5b0000 - 0x00007ffedc63e000 	C:\Users\HOME\.jdks\azul-21.0.3\bin\msvcp140.dll
0x00007ffea0810000 - 0x00007ffea15a4000 	C:\Users\HOME\.jdks\azul-21.0.3\bin\server\jvm.dll
0x00007fff21f80000 - 0x00007fff22032000 	C:\WINDOWS\System32\ADVAPI32.dll
0x00007fff220f0000 - 0x00007fff2219a000 	C:\WINDOWS\System32\sechost.dll
0x00007fff20b10000 - 0x00007fff20b38000 	C:\WINDOWS\System32\bcrypt.dll
0x00007fff22a50000 - 0x00007fff22b65000 	C:\WINDOWS\System32\RPCRT4.dll
0x00007fff210d0000 - 0x00007fff21141000 	C:\WINDOWS\System32\WS2_32.dll
0x00007fff1f290000 - 0x00007fff1f2dd000 	C:\WINDOWS\SYSTEM32\POWRPROF.dll
0x00007fff1ce80000 - 0x00007fff1ce8a000 	C:\WINDOWS\SYSTEM32\VERSION.dll
0x00007fff19cb0000 - 0x00007fff19ce4000 	C:\WINDOWS\SYSTEM32\WINMM.dll
0x00007fff1f270000 - 0x00007fff1f283000 	C:\WINDOWS\SYSTEM32\UMPDC.dll
0x00007fff1f520000 - 0x00007fff1f538000 	C:\WINDOWS\SYSTEM32\kernel.appcore.dll
0x00007fff1a8d0000 - 0x00007fff1a8da000 	C:\Users\HOME\.jdks\azul-21.0.3\bin\jimage.dll
0x00007fff1def0000 - 0x00007fff1e122000 	C:\WINDOWS\SYSTEM32\DBGHELP.DLL
0x00007fff21b10000 - 0x00007fff21e98000 	C:\WINDOWS\System32\combase.dll
0x00007fff21390000 - 0x00007fff21467000 	C:\WINDOWS\System32\OLEAUT32.dll
0x00007ffefafb0000 - 0x00007ffefafe2000 	C:\WINDOWS\SYSTEM32\dbgcore.DLL
0x00007fff208d0000 - 0x00007fff2094b000 	C:\WINDOWS\System32\bcryptPrimitives.dll
0x00007fff19750000 - 0x00007fff1975f000 	C:\Users\HOME\.jdks\azul-21.0.3\bin\instrument.dll
0x00007fff1a8b0000 - 0x00007fff1a8cf000 	C:\Users\HOME\.jdks\azul-21.0.3\bin\java.dll
0x00007fff221a0000 - 0x00007fff229fc000 	C:\WINDOWS\System32\SHELL32.dll
0x00007fff1e360000 - 0x00007fff1ec57000 	C:\WINDOWS\SYSTEM32\windows.storage.dll
0x00007fff1e220000 - 0x00007fff1e35f000 	C:\WINDOWS\SYSTEM32\wintypes.dll
0x00007fff20fd0000 - 0x00007fff210c4000 	C:\WINDOWS\System32\SHCORE.dll
0x00007fff20f70000 - 0x00007fff20fce000 	C:\WINDOWS\System32\shlwapi.dll
0x00007fff20330000 - 0x00007fff20351000 	C:\WINDOWS\SYSTEM32\profapi.dll
0x00007ffed2100000 - 0x00007ffed21d7000 	C:\Users\HOME\.jdks\azul-21.0.3\bin\jsvml.dll
0x00007ffef4180000 - 0x00007ffef4198000 	C:\Users\HOME\.jdks\azul-21.0.3\bin\zip.dll
0x00007fff19e40000 - 0x00007fff19e50000 	C:\Users\HOME\.jdks\azul-21.0.3\bin\net.dll
0x00007fff1c950000 - 0x00007fff1ca86000 	C:\WINDOWS\SYSTEM32\WINHTTP.dll
0x00007fff1f990000 - 0x00007fff1f9f9000 	C:\WINDOWS\system32\mswsock.dll
0x00007fff19760000 - 0x00007fff19776000 	C:\Users\HOME\.jdks\azul-21.0.3\bin\nio.dll
0x00007ffef2600000 - 0x00007ffef261a000 	C:\Users\HOME\IntelliJ IDEA Community Edition 2024.1.1\bin\breakgen64.dll
0x00007fff02b30000 - 0x00007fff02b39000 	C:\Users\HOME\.jdks\azul-21.0.3\bin\extnet.dll
0x00007fff1fbf0000 - 0x00007fff1fc0b000 	C:\WINDOWS\SYSTEM32\CRYPTSP.dll
0x00007fff1f480000 - 0x00007fff1f4b5000 	C:\WINDOWS\system32\rsaenh.dll
0x00007fff1fa90000 - 0x00007fff1fab8000 	C:\WINDOWS\SYSTEM32\USERENV.dll
0x00007fff1fc10000 - 0x00007fff1fc1c000 	C:\WINDOWS\SYSTEM32\CRYPTBASE.dll
0x00007fff1ef30000 - 0x00007fff1ef5d000 	C:\WINDOWS\SYSTEM32\IPHLPAPI.DLL
0x00007fff21aa0000 - 0x00007fff21aa9000 	C:\WINDOWS\System32\NSI.dll
0x00007fff1efa0000 - 0x00007fff1f098000 	C:\WINDOWS\SYSTEM32\DNSAPI.dll
0x00000000629e0000 - 0x0000000062a06000 	C:\Program Files\Bonjour\mdnsNSP.dll
0x00007fff18f40000 - 0x00007fff18f4a000 	C:\Windows\System32\rasadhlp.dll
0x00007fff1a030000 - 0x00007fff1a0b3000 	C:\WINDOWS\System32\fwpuclnt.dll
0x00007ffeeee60000 - 0x00007ffeeee6e000 	C:\Users\HOME\.jdks\azul-21.0.3\bin\sunmscapi.dll
0x00007fff20b40000 - 0x00007fff20ca7000 	C:\WINDOWS\System32\CRYPT32.dll
0x00007fff1fdb0000 - 0x00007fff1fdde000 	C:\WINDOWS\SYSTEM32\ncrypt.dll
0x00007fff1fd70000 - 0x00007fff1fda7000 	C:\WINDOWS\SYSTEM32\NTASN1.dll

dbghelp: loaded successfully - version: 4.0.5 - missing functions: none
symbol engine: initialized successfully - sym options: 0x614 - pdb path: .;C:\Users\HOME\.jdks\azul-21.0.3\bin;C:\WINDOWS\SYSTEM32;C:\WINDOWS\WinSxS\amd64_microsoft.windows.common-controls_6595b64144ccf1df_6.0.22621.3672_none_2713b9d173822955;C:\Users\HOME\.jdks\azul-21.0.3\bin\server;C:\Users\HOME\IntelliJ IDEA Community Edition 2024.1.1\bin;C:\Program Files\Bonjour

VM Arguments:
jvm_args: -javaagent:C:\Users\HOME\IntelliJ IDEA Community Edition 2024.1.1\lib\idea_rt.jar=63728:C:\Users\HOME\IntelliJ IDEA Community Edition 2024.1.1\bin -Dfile.encoding=UTF-8 -Dsun.stdout.encoding=UTF-8 -Dsun.stderr.encoding=UTF-8 
java_command: Program
java_class_path (initial): D:\VTI\Railway85\Java Advanced\Poject_demo\target\classes;C:\Users\HOME\.m2\repository\com\mysql\mysql-connector-j\9.0.0\mysql-connector-j-9.0.0.jar;C:\Users\HOME\.m2\repository\com\google\protobuf\protobuf-java\4.26.1\protobuf-java-4.26.1.jar;C:\Users\HOME\.m2\repository\org\hibernate\orm\hibernate-core\6.5.2.Final\hibernate-core-6.5.2.Final.jar;C:\Users\HOME\.m2\repository\jakarta\persistence\jakarta.persistence-api\3.1.0\jakarta.persistence-api-3.1.0.jar;C:\Users\HOME\.m2\repository\jakarta\transaction\jakarta.transaction-api\2.0.1\jakarta.transaction-api-2.0.1.jar;C:\Users\HOME\.m2\repository\org\jboss\logging\jboss-logging\3.5.0.Final\jboss-logging-3.5.0.Final.jar;C:\Users\HOME\.m2\repository\org\hibernate\common\hibernate-commons-annotations\6.0.6.Final\hibernate-commons-annotations-6.0.6.Final.jar;C:\Users\HOME\.m2\repository\io\smallrye\jandex\3.1.2\jandex-3.1.2.jar;C:\Users\HOME\.m2\repository\com\fasterxml\classmate\1.5.1\classmate-1.5.1.jar;C:\Users\HOME\.m2\repository\net\bytebuddy\byte-buddy\1.14.15\byte-buddy-1.14.15.jar;C:\Users\HOME\.m2\repository\jakarta\xml\bind\jakarta.xml.bind-api\4.0.0\jakarta.xml.bind-api-4.0.0.jar;C:\Users\HOME\.m2\repository\jakarta\activation\jakarta.activation-api\2.1.0\jakarta.activation-api-2.1.0.jar;C:\Users\HOME\.m2\repository\org\glassfish\jaxb\jaxb-runtime\4.0.2\jaxb-runtime-4.0.2.jar;C:\Users\HOME\.m2\repository\org\glassfish\jaxb\jaxb-core\4.0.2\jaxb-core-4.0.2.jar;C:\Users\HOME\.m2\repository\org\eclipse\angus\angus-activation\2.0.0\angus-activation-2.0.0.jar;C:\Users\HOME\.m2\repository\org\glassfish\jaxb\txw2\4.0.2\txw2-4.0.2.jar;C:\Users\HOME\.m2\repository\com\sun\istack\istack-commons-runtime\4.1.1\istack-commons-runtime-4.1.1.jar;C:\Users\HOME\.m2\repository\jakarta\inject\jakarta.inject-api\2.0.1\jakarta.inject-api-2.0.1.jar;C:\Users\HOME\.m2\repository\org\antlr\antlr4-runtime\4.13.0\antlr4-runtime-4.13.0.jar
Launcher Type: SUN_STANDARD

[Global flags]
     intx CICompilerCount                          = 4                                         {product} {ergonomic}
     uint ConcGCThreads                            = 2                                         {product} {ergonomic}
     uint G1ConcRefinementThreads                  = 8                                         {product} {ergonomic}
   size_t G1HeapRegionSize                         = 1048576                                   {product} {ergonomic}
    uintx GCDrainStackTargetSize                   = 64                                        {product} {ergonomic}
   size_t InitialHeapSize                          = 132120576                                 {product} {ergonomic}
   size_t MarkStackSize                            = 4194304                                   {product} {ergonomic}
   size_t MaxHeapSize                              = 2105540608                                {product} {ergonomic}
   size_t MaxNewSize                               = 1262485504                                {product} {ergonomic}
   size_t MinHeapDeltaBytes                        = 1048576                                   {product} {ergonomic}
   size_t MinHeapSize                              = 8388608                                   {product} {ergonomic}
    uintx NonNMethodCodeHeapSize                   = 5839372                                {pd product} {ergonomic}
    uintx NonProfiledCodeHeapSize                  = 122909434                              {pd product} {ergonomic}
    uintx ProfiledCodeHeapSize                     = 122909434                              {pd product} {ergonomic}
    uintx ReservedCodeCacheSize                    = 251658240                              {pd product} {ergonomic}
     bool SegmentedCodeCache                       = true                                      {product} {ergonomic}
   size_t SoftMaxHeapSize                          = 2105540608                             {manageable} {ergonomic}
     bool UseCompressedOops                        = true                           {product lp64_product} {ergonomic}
     bool UseG1GC                                  = true                                      {product} {ergonomic}
     bool UseLargePagesIndividualAllocation        = false                                  {pd product} {ergonomic}

Logging:
Log output configuration:
 #0: stdout all=warning uptime,level,tags foldmultilines=false
 #1: stderr all=off uptime,level,tags foldmultilines=false

Environment Variables:
PATH=C:\Program Files (x86)\VMware\VMware Workstation\bin\;C:\Windows\system32;C:\Windows;C:\Windows\System32\Wbem;C:\Windows\System32\WindowsPowerShell\v1.0\;C:\Windows\System32\OpenSSH\;C:\WINDOWS\system32;C:\WINDOWS;C:\WINDOWS\System32\Wbem;C:\WINDOWS\System32\WindowsPowerShell\v1.0\;C:\WINDOWS\System32\OpenSSH\;C:\TDM-GCC-64\bin;D:\PHAN MEM\bin;C:\Program Files\nodejs\;D:\Java\Git\cmd;C:\Users\HOME\AppData\Local\Microsoft\WindowsApps;C:\xampp\php;C:\Users\HOME\AppData\Local\Programs\Microsoft VS Code\bin;C:\Program Files\Git\bin\;C:\Program Files\Git\cmd\;;C:\Program Files\JetBrains\IntelliJ IDEA Community Edition 2023.3.1\bin;;C:\Users\HOME\AppData\Roaming\npm;C:\Users\HOME\AppData\Local\ComposerSetup\bin;C:\Users\HOME\AppData\Roaming\Composer\vendor\bin
USERNAME=HOME
OS=Windows_NT
PROCESSOR_IDENTIFIER=Intel64 Family 6 Model 165 Stepping 2, GenuineIntel
TMP=C:\Users\HOME\AppData\Local\Temp
TEMP=C:\Users\HOME\AppData\Local\Temp




Periodic native trim disabled

---------------  S Y S T E M  ---------------

OS:
 Windows 11 , 64 bit Build 22621 (10.0.22621.3672)
OS uptime: 0 days 4:37 hours

CPU: total 8 (initial active 8) (4 cores per cpu, 2 threads per core) family 6 model 165 stepping 2 microcode 0xe0, cx8, cmov, fxsr, ht, mmx, 3dnowpref, sse, sse2, sse3, ssse3, sse4.1, sse4.2, popcnt, lzcnt, tsc, tscinvbit, avx, avx2, aes, erms, clmul, bmi1, bmi2, adx, fma, vzeroupper, clflush, clflushopt, rdtscp, f16c, pku
Processor Information for all 8 processors :
  Max Mhz: 2496, Current Mhz: 2496, Mhz Limit: 2496

Memory: 4k page, system-wide physical 8029M (402M free)
TotalPageFile size 12125M (AvailPageFile size 7M)
current process WorkingSet (physical memory assigned to process): 115M, peak: 116M
current process commit charge ("private bytes"): 254M, peak: 256M

vm_info: OpenJDK 64-Bit Server VM (21.0.3+9-LTS) for windows-amd64 JRE (21.0.3+9-LTS) (Zulu21.34+19-CA), built on 2024-04-09T07:26:03Z by "zulu_re" with MS VC++ 17.1 (VS2022)

END.
