#
# There is insufficient memory for the Java Runtime Environment to continue.
# Native memory allocation (malloc) failed to allocate 32744 bytes. Error detail: Chunk::new
# Possible reasons:
#   The system is out of physical RAM or swap space
#   This process is running with CompressedOops enabled, and the Java Heap may be blocking the growth of the native heap
# Possible solutions:
#   Reduce memory load on the system
#   Increase physical memory or swap space
#   Check if swap backing store is full
#   Decrease Java heap size (-Xmx/-Xms)
#   Decrease number of Java threads
#   Decrease Java thread stack sizes (-Xss)
#   Set larger code cache with -XX:ReservedCodeCacheSize=
#   JVM is running with Unscaled Compressed Oops mode in which the Java heap is
#     placed in the first 4GB address space. The Java Heap base address is the
#     maximum limit for the native heap growth. Please use -XX:HeapBaseMinAddress
#     to set the Java Heap base and to place the Java Heap above 4GB virtual address.
# This output file may be truncated or incomplete.
#
#  Out of Memory Error (arena.cpp:168), pid=20332, tid=22976
#
# JRE version: OpenJDK Runtime Environment Zulu21.36+17-CA (21.0.4+7) (build 21.0.4+7-LTS)
# Java VM: OpenJDK 64-Bit Server VM Zulu21.36+17-CA (21.0.4+7-LTS, mixed mode, sharing, tiered, compressed oops, compressed class ptrs, g1 gc, windows-amd64)
# No core dump will be written. Minidumps are not enabled by default on client versions of Windows
#

---------------  S U M M A R Y ------------

Command Line: -javaagent:D:\D\IntelliJ IDEA Community Edition 2023.3.7\lib\idea_rt.jar=52761:D:\D\IntelliJ IDEA Community Edition 2023.3.7\bin -Dfile.encoding=UTF-8 -Dsun.stdout.encoding=UTF-8 -Dsun.stderr.encoding=UTF-8 Program

Host: Intel(R) Core(TM) i5-10300H CPU @ 2.50GHz, 8 cores, 7G,  Windows 11 , 64 bit Build 22621 (10.0.22621.3672)
Time: Sat Jul 20 12:16:49 2024 SE Asia Standard Time elapsed time: 1.130999 seconds (0d 0h 0m 1s)

---------------  T H R E A D  ---------------

Current thread (0x000002c3df90aa60):  JavaThread "C2 CompilerThread1" daemon [_thread_in_native, id=22976, stack(0x000000d87f600000,0x000000d87f700000) (1024K)]


Current CompileTask:
C2:   1131 1543       4       sun.security.ec.ECOperations::setDouble (463 bytes)

Stack: [0x000000d87f600000,0x000000d87f700000]
Native frames: (J=compiled Java code, j=interpreted, Vv=VM code, C=native code)
V  [jvm.dll+0x6d6f99]
V  [jvm.dll+0x8b1f81]
V  [jvm.dll+0x8b42ee]
V  [jvm.dll+0x8b49d3]
V  [jvm.dll+0x286b56]
V  [jvm.dll+0xc5b5d]
V  [jvm.dll+0xc6093]
V  [jvm.dll+0x702b0b]
V  [jvm.dll+0x1e3146]
V  [jvm.dll+0x24b952]
V  [jvm.dll+0x24ade1]
V  [jvm.dll+0x1ca444]
V  [jvm.dll+0x25a529]
V  [jvm.dll+0x258aaa]
V  [jvm.dll+0x3f90b6]
V  [jvm.dll+0x85ade8]
V  [jvm.dll+0x6d56ad]
C  [ucrtbase.dll+0x29333]
C  [KERNEL32.DLL+0x1257d]
C  [ntdll.dll+0x5af28]


---------------  P R O C E S S  ---------------

Threads class SMR info:
_java_thread_list=0x000002c425d75810, length=16, elements={
0x000002c3c07d6290, 0x000002c3df635310, 0x000002c3df636230, 0x000002c3df63d9d0,
0x000002c3df63e630, 0x000002c3df641970, 0x000002c3df643cb0, 0x000002c3df64e830,
0x000002c3df653fb0, 0x000002c3df602340, 0x000002c3df90aa60, 0x000002c3dfad08f0,
0x000002c3dfad1f80, 0x000002c4251759b0, 0x000002c425a9cec0, 0x000002c4266b9d40
}

Java Threads: ( => current thread )
  0x000002c3c07d6290 JavaThread "main"                              [_thread_in_native, id=3152, stack(0x000000d87e500000,0x000000d87e600000) (1024K)]
  0x000002c3df635310 JavaThread "Reference Handler"          daemon [_thread_blocked, id=22392, stack(0x000000d87ed00000,0x000000d87ee00000) (1024K)]
  0x000002c3df636230 JavaThread "Finalizer"                  daemon [_thread_blocked, id=20548, stack(0x000000d87ee00000,0x000000d87ef00000) (1024K)]
  0x000002c3df63d9d0 JavaThread "Signal Dispatcher"          daemon [_thread_blocked, id=8848, stack(0x000000d87ef00000,0x000000d87f000000) (1024K)]
  0x000002c3df63e630 JavaThread "Attach Listener"            daemon [_thread_blocked, id=22268, stack(0x000000d87f000000,0x000000d87f100000) (1024K)]
  0x000002c3df641970 JavaThread "Service Thread"             daemon [_thread_blocked, id=22380, stack(0x000000d87f100000,0x000000d87f200000) (1024K)]
  0x000002c3df643cb0 JavaThread "Monitor Deflation Thread"   daemon [_thread_blocked, id=14916, stack(0x000000d87f200000,0x000000d87f300000) (1024K)]
  0x000002c3df64e830 JavaThread "C2 CompilerThread0"         daemon [_thread_in_native, id=23168, stack(0x000000d87f300000,0x000000d87f400000) (1024K)]
  0x000002c3df653fb0 JavaThread "C1 CompilerThread0"         daemon [_thread_blocked, id=22308, stack(0x000000d87f400000,0x000000d87f500000) (1024K)]
  0x000002c3df602340 JavaThread "Common-Cleaner"             daemon [_thread_blocked, id=22220, stack(0x000000d87f500000,0x000000d87f600000) (1024K)]
=>0x000002c3df90aa60 JavaThread "C2 CompilerThread1"         daemon [_thread_in_native, id=22976, stack(0x000000d87f600000,0x000000d87f700000) (1024K)]
  0x000002c3dfad08f0 JavaThread "Monitor Ctrl-Break"         daemon [_thread_in_native, id=11696, stack(0x000000d87f700000,0x000000d87f800000) (1024K)]
  0x000002c3dfad1f80 JavaThread "Notification Thread"        daemon [_thread_blocked, id=8268, stack(0x000000d87f800000,0x000000d87f900000) (1024K)]
  0x000002c4251759b0 JavaThread "mysql-cj-abandoned-connection-cleanup" daemon [_thread_blocked, id=22204, stack(0x000000d87f900000,0x000000d87fa00000) (1024K)]
  0x000002c425a9cec0 JavaThread "C2 CompilerThread2"         daemon [_thread_blocked, id=23800, stack(0x000000d800100000,0x000000d800200000) (1024K)]
  0x000002c4266b9d40 JavaThread "Hibernate Connection Pool Validation Thread" daemon [_thread_blocked, id=18440, stack(0x000000d800200000,0x000000d800300000) (1024K)]
Total: 16

Other Threads:
  0x000002c3df61bcf0 VMThread "VM Thread"                           [id=23180, stack(0x000000d87ec00000,0x000000d87ed00000) (1024K)]
  0x000002c3df601070 WatcherThread "VM Periodic Task Thread"        [id=23216, stack(0x000000d87eb00000,0x000000d87ec00000) (1024K)]
  0x000002c3c2a62ba0 WorkerThread "GC Thread#0"                     [id=23568, stack(0x000000d87e600000,0x000000d87e700000) (1024K)]
  0x000002c4258723d0 WorkerThread "GC Thread#1"                     [id=21868, stack(0x000000d87fa00000,0x000000d87fb00000) (1024K)]
  0x000002c425a29650 WorkerThread "GC Thread#2"                     [id=20520, stack(0x000000d87fb00000,0x000000d87fc00000) (1024K)]
  0x000002c425a44ee0 WorkerThread "GC Thread#3"                     [id=22620, stack(0x000000d87fc00000,0x000000d87fd00000) (1024K)]
  0x000002c4258db940 WorkerThread "GC Thread#4"                     [id=23760, stack(0x000000d87fd00000,0x000000d87fe00000) (1024K)]
  0x000002c4258dbcf0 WorkerThread "GC Thread#5"                     [id=23264, stack(0x000000d87fe00000,0x000000d87ff00000) (1024K)]
  0x000002c4258dc0a0 WorkerThread "GC Thread#6"                     [id=23680, stack(0x000000d87ff00000,0x000000d880000000) (1024K)]
  0x000002c4258dcc60 WorkerThread "GC Thread#7"                     [id=2060, stack(0x000000d800000000,0x000000d800100000) (1024K)]
  0x000002c3c2a73840 ConcurrentGCThread "G1 Main Marker"            [id=18360, stack(0x000000d87e700000,0x000000d87e800000) (1024K)]
  0x000002c3c2a74af0 WorkerThread "G1 Conc#0"                       [id=24304, stack(0x000000d87e800000,0x000000d87e900000) (1024K)]
  0x000002c3c2ace5c0 ConcurrentGCThread "G1 Refine#0"               [id=10644, stack(0x000000d87e900000,0x000000d87ea00000) (1024K)]
  0x000002c3df4d27c0 ConcurrentGCThread "G1 Service"                [id=21680, stack(0x000000d87ea00000,0x000000d87eb00000) (1024K)]
Total: 14

Threads with active compile tasks:
C2 CompilerThread0     1155 1859       4       java.util.HashMap::put (13 bytes)
C2 CompilerThread1     1155 1543       4       sun.security.ec.ECOperations::setDouble (463 bytes)
Total: 2

VM state: not at safepoint (normal execution)

VM Mutex/Monitor currently owned by a thread: None

Heap address: 0x0000000082800000, size: 2008 MB, Compressed Oops mode: 32-bit

CDS archive(s) mapped at: [0x000002c3e0000000-0x000002c3e0cf0000-0x000002c3e0cf0000), size 13565952, SharedBaseAddress: 0x000002c3e0000000, ArchiveRelocationMode: 1.
Compressed class space mapped at: 0x000002c3e1000000-0x000002c421000000, reserved size: 1073741824
Narrow klass base: 0x000002c3e0000000, Narrow klass shift: 0, Narrow klass range: 0x100000000

GC Precious Log:
 CardTable entry size: 512
 Card Set container configuration: InlinePtr #cards 5 size 8 Array Of Cards #cards 12 size 40 Howl #buckets 4 coarsen threshold 1843 Howl Bitmap #cards 512 size 80 coarsen threshold 460 Card regions per heap region 1 cards per card region 2048
 CPUs: 8 total, 8 available
 Memory: 8029M
 Large Page Support: Disabled
 NUMA Support: Disabled
 Compressed Oops: Enabled (32-bit)
 Heap Region Size: 1M
 Heap Min Capacity: 8M
 Heap Initial Capacity: 126M
 Heap Max Capacity: 2008M
 Pre-touch: Disabled
 Parallel Workers: 8
 Concurrent Workers: 2
 Concurrent Refinement Workers: 8
 Periodic GC: Disabled

Heap:
 garbage-first heap   total 129024K, used 22698K [0x0000000082800000, 0x0000000100000000)
  region size 1024K, 22 young (22528K), 3 survivors (3072K)
 Metaspace       used 18246K, committed 18496K, reserved 1114112K
  class space    used 2130K, committed 2240K, reserved 1048576K

Heap Regions: E=young(eden), S=young(survivor), O=old, HS=humongous(starts), HC=humongous(continues), CS=collection set, F=free, TAMS=top-at-mark-start, PB=parsable bottom
|   0|0x0000000082800000, 0x0000000082900000, 0x0000000082900000|100%|HS|  |TAMS 0x0000000082800000| PB 0x0000000082800000| Complete 
|   1|0x0000000082900000, 0x0000000082a00000, 0x0000000082a00000|100%| O|  |TAMS 0x0000000082900000| PB 0x0000000082900000| Untracked 
|   2|0x0000000082a00000, 0x0000000082a2aa80, 0x0000000082b00000| 16%| O|  |TAMS 0x0000000082a00000| PB 0x0000000082a00000| Untracked 
|   3|0x0000000082b00000, 0x0000000082b00000, 0x0000000082c00000|  0%| F|  |TAMS 0x0000000082b00000| PB 0x0000000082b00000| Untracked 
|   4|0x0000000082c00000, 0x0000000082c00000, 0x0000000082d00000|  0%| F|  |TAMS 0x0000000082c00000| PB 0x0000000082c00000| Untracked 
|   5|0x0000000082d00000, 0x0000000082d00000, 0x0000000082e00000|  0%| F|  |TAMS 0x0000000082d00000| PB 0x0000000082d00000| Untracked 
|   6|0x0000000082e00000, 0x0000000082e00000, 0x0000000082f00000|  0%| F|  |TAMS 0x0000000082e00000| PB 0x0000000082e00000| Untracked 
|   7|0x0000000082f00000, 0x0000000082f00000, 0x0000000083000000|  0%| F|  |TAMS 0x0000000082f00000| PB 0x0000000082f00000| Untracked 
|   8|0x0000000083000000, 0x0000000083000000, 0x0000000083100000|  0%| F|  |TAMS 0x0000000083000000| PB 0x0000000083000000| Untracked 
|   9|0x0000000083100000, 0x0000000083100000, 0x0000000083200000|  0%| F|  |TAMS 0x0000000083100000| PB 0x0000000083100000| Untracked 
|  10|0x0000000083200000, 0x0000000083200000, 0x0000000083300000|  0%| F|  |TAMS 0x0000000083200000| PB 0x0000000083200000| Untracked 
|  11|0x0000000083300000, 0x0000000083300000, 0x0000000083400000|  0%| F|  |TAMS 0x0000000083300000| PB 0x0000000083300000| Untracked 
|  12|0x0000000083400000, 0x0000000083400000, 0x0000000083500000|  0%| F|  |TAMS 0x0000000083400000| PB 0x0000000083400000| Untracked 
|  13|0x0000000083500000, 0x0000000083500000, 0x0000000083600000|  0%| F|  |TAMS 0x0000000083500000| PB 0x0000000083500000| Untracked 
|  14|0x0000000083600000, 0x0000000083600000, 0x0000000083700000|  0%| F|  |TAMS 0x0000000083600000| PB 0x0000000083600000| Untracked 
|  15|0x0000000083700000, 0x0000000083700000, 0x0000000083800000|  0%| F|  |TAMS 0x0000000083700000| PB 0x0000000083700000| Untracked 
|  16|0x0000000083800000, 0x0000000083800000, 0x0000000083900000|  0%| F|  |TAMS 0x0000000083800000| PB 0x0000000083800000| Untracked 
|  17|0x0000000083900000, 0x0000000083900000, 0x0000000083a00000|  0%| F|  |TAMS 0x0000000083900000| PB 0x0000000083900000| Untracked 
|  18|0x0000000083a00000, 0x0000000083a00000, 0x0000000083b00000|  0%| F|  |TAMS 0x0000000083a00000| PB 0x0000000083a00000| Untracked 
|  19|0x0000000083b00000, 0x0000000083b00000, 0x0000000083c00000|  0%| F|  |TAMS 0x0000000083b00000| PB 0x0000000083b00000| Untracked 
|  20|0x0000000083c00000, 0x0000000083c00000, 0x0000000083d00000|  0%| F|  |TAMS 0x0000000083c00000| PB 0x0000000083c00000| Untracked 
|  21|0x0000000083d00000, 0x0000000083d00000, 0x0000000083e00000|  0%| F|  |TAMS 0x0000000083d00000| PB 0x0000000083d00000| Untracked 
|  22|0x0000000083e00000, 0x0000000083e00000, 0x0000000083f00000|  0%| F|  |TAMS 0x0000000083e00000| PB 0x0000000083e00000| Untracked 
|  23|0x0000000083f00000, 0x0000000083f00000, 0x0000000084000000|  0%| F|  |TAMS 0x0000000083f00000| PB 0x0000000083f00000| Untracked 
|  24|0x0000000084000000, 0x0000000084000000, 0x0000000084100000|  0%| F|  |TAMS 0x0000000084000000| PB 0x0000000084000000| Untracked 
|  25|0x0000000084100000, 0x0000000084100000, 0x0000000084200000|  0%| F|  |TAMS 0x0000000084100000| PB 0x0000000084100000| Untracked 
|  26|0x0000000084200000, 0x0000000084200000, 0x0000000084300000|  0%| F|  |TAMS 0x0000000084200000| PB 0x0000000084200000| Untracked 
|  27|0x0000000084300000, 0x0000000084300000, 0x0000000084400000|  0%| F|  |TAMS 0x0000000084300000| PB 0x0000000084300000| Untracked 
|  28|0x0000000084400000, 0x0000000084400000, 0x0000000084500000|  0%| F|  |TAMS 0x0000000084400000| PB 0x0000000084400000| Untracked 
|  29|0x0000000084500000, 0x0000000084500000, 0x0000000084600000|  0%| F|  |TAMS 0x0000000084500000| PB 0x0000000084500000| Untracked 
|  30|0x0000000084600000, 0x0000000084600000, 0x0000000084700000|  0%| F|  |TAMS 0x0000000084600000| PB 0x0000000084600000| Untracked 
|  31|0x0000000084700000, 0x0000000084700000, 0x0000000084800000|  0%| F|  |TAMS 0x0000000084700000| PB 0x0000000084700000| Untracked 
|  32|0x0000000084800000, 0x0000000084800000, 0x0000000084900000|  0%| F|  |TAMS 0x0000000084800000| PB 0x0000000084800000| Untracked 
|  33|0x0000000084900000, 0x0000000084900000, 0x0000000084a00000|  0%| F|  |TAMS 0x0000000084900000| PB 0x0000000084900000| Untracked 
|  34|0x0000000084a00000, 0x0000000084a00000, 0x0000000084b00000|  0%| F|  |TAMS 0x0000000084a00000| PB 0x0000000084a00000| Untracked 
|  35|0x0000000084b00000, 0x0000000084b00000, 0x0000000084c00000|  0%| F|  |TAMS 0x0000000084b00000| PB 0x0000000084b00000| Untracked 
|  36|0x0000000084c00000, 0x0000000084c00000, 0x0000000084d00000|  0%| F|  |TAMS 0x0000000084c00000| PB 0x0000000084c00000| Untracked 
|  37|0x0000000084d00000, 0x0000000084d00000, 0x0000000084e00000|  0%| F|  |TAMS 0x0000000084d00000| PB 0x0000000084d00000| Untracked 
|  38|0x0000000084e00000, 0x0000000084e00000, 0x0000000084f00000|  0%| F|  |TAMS 0x0000000084e00000| PB 0x0000000084e00000| Untracked 
|  39|0x0000000084f00000, 0x0000000084f00000, 0x0000000085000000|  0%| F|  |TAMS 0x0000000084f00000| PB 0x0000000084f00000| Untracked 
|  40|0x0000000085000000, 0x0000000085000000, 0x0000000085100000|  0%| F|  |TAMS 0x0000000085000000| PB 0x0000000085000000| Untracked 
|  41|0x0000000085100000, 0x0000000085100000, 0x0000000085200000|  0%| F|  |TAMS 0x0000000085100000| PB 0x0000000085100000| Untracked 
|  42|0x0000000085200000, 0x0000000085200000, 0x0000000085300000|  0%| F|  |TAMS 0x0000000085200000| PB 0x0000000085200000| Untracked 
|  43|0x0000000085300000, 0x0000000085300000, 0x0000000085400000|  0%| F|  |TAMS 0x0000000085300000| PB 0x0000000085300000| Untracked 
|  44|0x0000000085400000, 0x0000000085400000, 0x0000000085500000|  0%| F|  |TAMS 0x0000000085400000| PB 0x0000000085400000| Untracked 
|  45|0x0000000085500000, 0x0000000085500000, 0x0000000085600000|  0%| F|  |TAMS 0x0000000085500000| PB 0x0000000085500000| Untracked 
|  46|0x0000000085600000, 0x0000000085600000, 0x0000000085700000|  0%| F|  |TAMS 0x0000000085600000| PB 0x0000000085600000| Untracked 
|  47|0x0000000085700000, 0x0000000085700000, 0x0000000085800000|  0%| F|  |TAMS 0x0000000085700000| PB 0x0000000085700000| Untracked 
|  48|0x0000000085800000, 0x0000000085800000, 0x0000000085900000|  0%| F|  |TAMS 0x0000000085800000| PB 0x0000000085800000| Untracked 
|  49|0x0000000085900000, 0x0000000085900000, 0x0000000085a00000|  0%| F|  |TAMS 0x0000000085900000| PB 0x0000000085900000| Untracked 
|  50|0x0000000085a00000, 0x0000000085a00000, 0x0000000085b00000|  0%| F|  |TAMS 0x0000000085a00000| PB 0x0000000085a00000| Untracked 
|  51|0x0000000085b00000, 0x0000000085b00000, 0x0000000085c00000|  0%| F|  |TAMS 0x0000000085b00000| PB 0x0000000085b00000| Untracked 
|  52|0x0000000085c00000, 0x0000000085c00000, 0x0000000085d00000|  0%| F|  |TAMS 0x0000000085c00000| PB 0x0000000085c00000| Untracked 
|  53|0x0000000085d00000, 0x0000000085d00000, 0x0000000085e00000|  0%| F|  |TAMS 0x0000000085d00000| PB 0x0000000085d00000| Untracked 
|  54|0x0000000085e00000, 0x0000000085e00000, 0x0000000085f00000|  0%| F|  |TAMS 0x0000000085e00000| PB 0x0000000085e00000| Untracked 
|  55|0x0000000085f00000, 0x0000000085f00000, 0x0000000086000000|  0%| F|  |TAMS 0x0000000085f00000| PB 0x0000000085f00000| Untracked 
|  56|0x0000000086000000, 0x0000000086000000, 0x0000000086100000|  0%| F|  |TAMS 0x0000000086000000| PB 0x0000000086000000| Untracked 
|  57|0x0000000086100000, 0x0000000086100000, 0x0000000086200000|  0%| F|  |TAMS 0x0000000086100000| PB 0x0000000086100000| Untracked 
|  58|0x0000000086200000, 0x0000000086200000, 0x0000000086300000|  0%| F|  |TAMS 0x0000000086200000| PB 0x0000000086200000| Untracked 
|  59|0x0000000086300000, 0x0000000086300000, 0x0000000086400000|  0%| F|  |TAMS 0x0000000086300000| PB 0x0000000086300000| Untracked 
|  60|0x0000000086400000, 0x0000000086400000, 0x0000000086500000|  0%| F|  |TAMS 0x0000000086400000| PB 0x0000000086400000| Untracked 
|  61|0x0000000086500000, 0x0000000086500000, 0x0000000086600000|  0%| F|  |TAMS 0x0000000086500000| PB 0x0000000086500000| Untracked 
|  62|0x0000000086600000, 0x0000000086600000, 0x0000000086700000|  0%| F|  |TAMS 0x0000000086600000| PB 0x0000000086600000| Untracked 
|  63|0x0000000086700000, 0x0000000086700000, 0x0000000086800000|  0%| F|  |TAMS 0x0000000086700000| PB 0x0000000086700000| Untracked 
|  64|0x0000000086800000, 0x0000000086800000, 0x0000000086900000|  0%| F|  |TAMS 0x0000000086800000| PB 0x0000000086800000| Untracked 
|  65|0x0000000086900000, 0x0000000086900000, 0x0000000086a00000|  0%| F|  |TAMS 0x0000000086900000| PB 0x0000000086900000| Untracked 
|  66|0x0000000086a00000, 0x0000000086a00000, 0x0000000086b00000|  0%| F|  |TAMS 0x0000000086a00000| PB 0x0000000086a00000| Untracked 
|  67|0x0000000086b00000, 0x0000000086b00000, 0x0000000086c00000|  0%| F|  |TAMS 0x0000000086b00000| PB 0x0000000086b00000| Untracked 
|  68|0x0000000086c00000, 0x0000000086c00000, 0x0000000086d00000|  0%| F|  |TAMS 0x0000000086c00000| PB 0x0000000086c00000| Untracked 
|  69|0x0000000086d00000, 0x0000000086d00000, 0x0000000086e00000|  0%| F|  |TAMS 0x0000000086d00000| PB 0x0000000086d00000| Untracked 
|  70|0x0000000086e00000, 0x0000000086e00000, 0x0000000086f00000|  0%| F|  |TAMS 0x0000000086e00000| PB 0x0000000086e00000| Untracked 
|  71|0x0000000086f00000, 0x0000000086f00000, 0x0000000087000000|  0%| F|  |TAMS 0x0000000086f00000| PB 0x0000000086f00000| Untracked 
|  72|0x0000000087000000, 0x0000000087000000, 0x0000000087100000|  0%| F|  |TAMS 0x0000000087000000| PB 0x0000000087000000| Untracked 
|  73|0x0000000087100000, 0x0000000087100000, 0x0000000087200000|  0%| F|  |TAMS 0x0000000087100000| PB 0x0000000087100000| Untracked 
|  74|0x0000000087200000, 0x0000000087200000, 0x0000000087300000|  0%| F|  |TAMS 0x0000000087200000| PB 0x0000000087200000| Untracked 
|  75|0x0000000087300000, 0x0000000087300000, 0x0000000087400000|  0%| F|  |TAMS 0x0000000087300000| PB 0x0000000087300000| Untracked 
|  76|0x0000000087400000, 0x0000000087400000, 0x0000000087500000|  0%| F|  |TAMS 0x0000000087400000| PB 0x0000000087400000| Untracked 
|  77|0x0000000087500000, 0x0000000087500000, 0x0000000087600000|  0%| F|  |TAMS 0x0000000087500000| PB 0x0000000087500000| Untracked 
|  78|0x0000000087600000, 0x0000000087600000, 0x0000000087700000|  0%| F|  |TAMS 0x0000000087600000| PB 0x0000000087600000| Untracked 
|  79|0x0000000087700000, 0x0000000087700000, 0x0000000087800000|  0%| F|  |TAMS 0x0000000087700000| PB 0x0000000087700000| Untracked 
|  80|0x0000000087800000, 0x0000000087800000, 0x0000000087900000|  0%| F|  |TAMS 0x0000000087800000| PB 0x0000000087800000| Untracked 
|  81|0x0000000087900000, 0x0000000087900000, 0x0000000087a00000|  0%| F|  |TAMS 0x0000000087900000| PB 0x0000000087900000| Untracked 
|  82|0x0000000087a00000, 0x0000000087a00000, 0x0000000087b00000|  0%| F|  |TAMS 0x0000000087a00000| PB 0x0000000087a00000| Untracked 
|  83|0x0000000087b00000, 0x0000000087b00000, 0x0000000087c00000|  0%| F|  |TAMS 0x0000000087b00000| PB 0x0000000087b00000| Untracked 
|  84|0x0000000087c00000, 0x0000000087c00000, 0x0000000087d00000|  0%| F|  |TAMS 0x0000000087c00000| PB 0x0000000087c00000| Untracked 
|  85|0x0000000087d00000, 0x0000000087d00000, 0x0000000087e00000|  0%| F|  |TAMS 0x0000000087d00000| PB 0x0000000087d00000| Untracked 
|  86|0x0000000087e00000, 0x0000000087e00000, 0x0000000087f00000|  0%| F|  |TAMS 0x0000000087e00000| PB 0x0000000087e00000| Untracked 
|  87|0x0000000087f00000, 0x0000000087f00000, 0x0000000088000000|  0%| F|  |TAMS 0x0000000087f00000| PB 0x0000000087f00000| Untracked 
|  88|0x0000000088000000, 0x0000000088000000, 0x0000000088100000|  0%| F|  |TAMS 0x0000000088000000| PB 0x0000000088000000| Untracked 
|  89|0x0000000088100000, 0x0000000088100000, 0x0000000088200000|  0%| F|  |TAMS 0x0000000088100000| PB 0x0000000088100000| Untracked 
|  90|0x0000000088200000, 0x0000000088200000, 0x0000000088300000|  0%| F|  |TAMS 0x0000000088200000| PB 0x0000000088200000| Untracked 
|  91|0x0000000088300000, 0x0000000088300000, 0x0000000088400000|  0%| F|  |TAMS 0x0000000088300000| PB 0x0000000088300000| Untracked 
|  92|0x0000000088400000, 0x0000000088400000, 0x0000000088500000|  0%| F|  |TAMS 0x0000000088400000| PB 0x0000000088400000| Untracked 
|  93|0x0000000088500000, 0x0000000088500000, 0x0000000088600000|  0%| F|  |TAMS 0x0000000088500000| PB 0x0000000088500000| Untracked 
|  94|0x0000000088600000, 0x0000000088600000, 0x0000000088700000|  0%| F|  |TAMS 0x0000000088600000| PB 0x0000000088600000| Untracked 
|  95|0x0000000088700000, 0x0000000088700000, 0x0000000088800000|  0%| F|  |TAMS 0x0000000088700000| PB 0x0000000088700000| Untracked 
|  96|0x0000000088800000, 0x0000000088800000, 0x0000000088900000|  0%| F|  |TAMS 0x0000000088800000| PB 0x0000000088800000| Untracked 
|  97|0x0000000088900000, 0x0000000088900000, 0x0000000088a00000|  0%| F|  |TAMS 0x0000000088900000| PB 0x0000000088900000| Untracked 
|  98|0x0000000088a00000, 0x0000000088a00000, 0x0000000088b00000|  0%| F|  |TAMS 0x0000000088a00000| PB 0x0000000088a00000| Untracked 
|  99|0x0000000088b00000, 0x0000000088b00000, 0x0000000088c00000|  0%| F|  |TAMS 0x0000000088b00000| PB 0x0000000088b00000| Untracked 
| 100|0x0000000088c00000, 0x0000000088d00000, 0x0000000088d00000|100%| S|CS|TAMS 0x0000000088c00000| PB 0x0000000088c00000| Complete 
| 101|0x0000000088d00000, 0x0000000088e00000, 0x0000000088e00000|100%| S|CS|TAMS 0x0000000088d00000| PB 0x0000000088d00000| Complete 
| 102|0x0000000088e00000, 0x0000000088f00000, 0x0000000088f00000|100%| S|CS|TAMS 0x0000000088e00000| PB 0x0000000088e00000| Complete 
| 103|0x0000000088f00000, 0x0000000088f00000, 0x0000000089000000|  0%| F|  |TAMS 0x0000000088f00000| PB 0x0000000088f00000| Untracked 
| 104|0x0000000089000000, 0x0000000089000000, 0x0000000089100000|  0%| F|  |TAMS 0x0000000089000000| PB 0x0000000089000000| Untracked 
| 105|0x0000000089100000, 0x0000000089100000, 0x0000000089200000|  0%| F|  |TAMS 0x0000000089100000| PB 0x0000000089100000| Untracked 
| 106|0x0000000089200000, 0x0000000089200000, 0x0000000089300000|  0%| F|  |TAMS 0x0000000089200000| PB 0x0000000089200000| Untracked 
| 107|0x0000000089300000, 0x000000008936d2f0, 0x0000000089400000| 42%| E|  |TAMS 0x0000000089300000| PB 0x0000000089300000| Complete 
| 108|0x0000000089400000, 0x0000000089500000, 0x0000000089500000|100%| E|CS|TAMS 0x0000000089400000| PB 0x0000000089400000| Complete 
| 109|0x0000000089500000, 0x0000000089600000, 0x0000000089600000|100%| E|CS|TAMS 0x0000000089500000| PB 0x0000000089500000| Complete 
| 110|0x0000000089600000, 0x0000000089700000, 0x0000000089700000|100%| E|  |TAMS 0x0000000089600000| PB 0x0000000089600000| Complete 
| 111|0x0000000089700000, 0x0000000089800000, 0x0000000089800000|100%| E|CS|TAMS 0x0000000089700000| PB 0x0000000089700000| Complete 
| 112|0x0000000089800000, 0x0000000089900000, 0x0000000089900000|100%| E|CS|TAMS 0x0000000089800000| PB 0x0000000089800000| Complete 
| 113|0x0000000089900000, 0x0000000089a00000, 0x0000000089a00000|100%| E|CS|TAMS 0x0000000089900000| PB 0x0000000089900000| Complete 
| 114|0x0000000089a00000, 0x0000000089b00000, 0x0000000089b00000|100%| E|CS|TAMS 0x0000000089a00000| PB 0x0000000089a00000| Complete 
| 115|0x0000000089b00000, 0x0000000089c00000, 0x0000000089c00000|100%| E|CS|TAMS 0x0000000089b00000| PB 0x0000000089b00000| Complete 
| 116|0x0000000089c00000, 0x0000000089d00000, 0x0000000089d00000|100%| E|CS|TAMS 0x0000000089c00000| PB 0x0000000089c00000| Complete 
| 117|0x0000000089d00000, 0x0000000089e00000, 0x0000000089e00000|100%| E|CS|TAMS 0x0000000089d00000| PB 0x0000000089d00000| Complete 
| 118|0x0000000089e00000, 0x0000000089f00000, 0x0000000089f00000|100%| E|CS|TAMS 0x0000000089e00000| PB 0x0000000089e00000| Complete 
| 119|0x0000000089f00000, 0x000000008a000000, 0x000000008a000000|100%| E|CS|TAMS 0x0000000089f00000| PB 0x0000000089f00000| Complete 
| 120|0x000000008a000000, 0x000000008a100000, 0x000000008a100000|100%| E|CS|TAMS 0x000000008a000000| PB 0x000000008a000000| Complete 
| 121|0x000000008a100000, 0x000000008a200000, 0x000000008a200000|100%| E|CS|TAMS 0x000000008a100000| PB 0x000000008a100000| Complete 
| 122|0x000000008a200000, 0x000000008a300000, 0x000000008a300000|100%| E|CS|TAMS 0x000000008a200000| PB 0x000000008a200000| Complete 
| 123|0x000000008a300000, 0x000000008a400000, 0x000000008a400000|100%| E|CS|TAMS 0x000000008a300000| PB 0x000000008a300000| Complete 
| 124|0x000000008a400000, 0x000000008a500000, 0x000000008a500000|100%| E|CS|TAMS 0x000000008a400000| PB 0x000000008a400000| Complete 
| 125|0x000000008a500000, 0x000000008a600000, 0x000000008a600000|100%| E|CS|TAMS 0x000000008a500000| PB 0x000000008a500000| Complete 

Card table byte_map: [0x000002c3da8c0000,0x000002c3dacb0000] _byte_map_base: 0x000002c3da4ac000

Marking Bits: (CMBitMap*) 0x000002c3c2a632b0
 Bits: [0x000002c3dacb0000, 0x000002c3dcc10000)

Polling page: 0x000002c3c21d0000

Metaspace:

Usage:
  Non-class:     15.83 MB used.
      Class:      2.09 MB used.
       Both:     17.92 MB used.

Virtual space:
  Non-class space:       64.00 MB reserved,      15.94 MB ( 25%) committed,  1 nodes.
      Class space:        1.00 GB reserved,       2.19 MB ( <1%) committed,  1 nodes.
             Both:        1.06 GB reserved,      18.12 MB (  2%) committed. 

Chunk freelists:
   Non-Class:  15.28 MB
       Class:  13.81 MB
        Both:  29.09 MB

MaxMetaspaceSize: unlimited
CompressedClassSpaceSize: 1.00 GB
Initial GC threshold: 21.00 MB
Current GC threshold: 21.00 MB
CDS: on
 - commit_granule_bytes: 65536.
 - commit_granule_words: 8192.
 - virtual_space_node_default_size: 8388608.
 - enlarge_chunks_in_place: 1.
 - use_allocation_guard: 0.


Internal statistics:

num_allocs_failed_limit: 0.
num_arena_births: 154.
num_arena_deaths: 0.
num_vsnodes_births: 2.
num_vsnodes_deaths: 0.
num_space_committed: 290.
num_space_uncommitted: 0.
num_chunks_returned_to_freelist: 0.
num_chunks_taken_from_freelist: 599.
num_chunk_merges: 0.
num_chunk_splits: 420.
num_chunks_enlarged: 317.
num_inconsistent_stats: 0.

CodeHeap 'non-profiled nmethods': size=120000Kb used=733Kb max_used=733Kb free=119266Kb
 bounds [0x000002c3d2c70000, 0x000002c3d2ee0000, 0x000002c3da1a0000]
CodeHeap 'profiled nmethods': size=120000Kb used=3384Kb max_used=3384Kb free=116615Kb
 bounds [0x000002c3cb1a0000, 0x000002c3cb4f0000, 0x000002c3d26d0000]
CodeHeap 'non-nmethods': size=5760Kb used=1505Kb max_used=1511Kb free=4254Kb
 bounds [0x000002c3d26d0000, 0x000002c3d2940000, 0x000002c3d2c70000]
 total_blobs=2435 nmethods=1862 adapters=477
 compilation: enabled
              stopped_count=0, restarted_count=0
 full_count=0

Compilation events (20 events):
Event: 1.104 Thread 0x000002c3df653fb0 1838       3       java.util.logging.Logger::isLoggable (27 bytes)
Event: 1.104 Thread 0x000002c3df653fb0 nmethod 1838 0x000002c3cb4e2310 code [0x000002c3cb4e24c0, 0x000002c3cb4e2698]
Event: 1.104 Thread 0x000002c3df653fb0 1839       3       org.jboss.logging.JDKLogger::translate (27 bytes)
Event: 1.104 Thread 0x000002c3df653fb0 nmethod 1839 0x000002c3cb4e2790 code [0x000002c3cb4e2940, 0x000002c3cb4e2b38]
Event: 1.105 Thread 0x000002c3df653fb0 1840       3       java.lang.invoke.MethodHandleNatives::linkCallSite (65 bytes)
Event: 1.105 Thread 0x000002c3df653fb0 nmethod 1840 0x000002c3cb4e2c10 code [0x000002c3cb4e2e00, 0x000002c3cb4e3348]
Event: 1.105 Thread 0x000002c3df653fb0 1841       3       java.lang.invoke.MethodHandleNatives::linkCallSiteImpl (119 bytes)
Event: 1.106 Thread 0x000002c3df653fb0 nmethod 1841 0x000002c3cb4e3510 code [0x000002c3cb4e3740, 0x000002c3cb4e4068]
Event: 1.106 Thread 0x000002c3df653fb0 1842   !   3       java.lang.invoke.CallSite::makeSite (91 bytes)
Event: 1.107 Thread 0x000002c3df64e830 1844       4       java.lang.ClassLoader::checkName (37 bytes)
Event: 1.107 Thread 0x000002c3df653fb0 nmethod 1842 0x000002c3cb4e4410 code [0x000002c3cb4e47a0, 0x000002c3cb4e5c60]
Event: 1.107 Thread 0x000002c3df653fb0 1843       3       java.lang.invoke.ConstantCallSite::<init> (17 bytes)
Event: 1.108 Thread 0x000002c3df653fb0 nmethod 1843 0x000002c3cb4e6890 code [0x000002c3cb4e6a80, 0x000002c3cb4e7000]
Event: 1.109 Thread 0x000002c3df64e830 nmethod 1844 0x000002c3d2d25290 code [0x000002c3d2d25420, 0x000002c3d2d25698]
Event: 1.115 Thread 0x000002c3df64e830 1845   !   4       jdk.internal.loader.URLClassPath$JarLoader::getResource (40 bytes)
Event: 1.116 Thread 0x000002c3df64e830 nmethod 1845 0x000002c3d2d25890 code [0x000002c3d2d25a40, 0x000002c3d2d25bb8]
Event: 1.122 Thread 0x000002c3df64e830 1846       4       java.lang.StringConcatHelper::newString (67 bytes)
Event: 1.123 Thread 0x000002c3df64e830 nmethod 1846 0x000002c3d2d25d90 code [0x000002c3d2d25f20, 0x000002c3d2d26040]
Event: 1.123 Thread 0x000002c3df64e830 1847       4       java.io.WinNTFileSystem::normalize (143 bytes)
Event: 1.126 Thread 0x000002c3df64e830 nmethod 1847 0x000002c3d2d26110 code [0x000002c3d2d262c0, 0x000002c3d2d26580]

GC Heap History (2 events):
Event: 0.589 GC heap before
{Heap before GC invocations=0 (full 0):
 garbage-first heap   total 129024K, used 24576K [0x0000000082800000, 0x0000000100000000)
  region size 1024K, 23 young (23552K), 0 survivors (0K)
 Metaspace       used 8530K, committed 8768K, reserved 1114112K
  class space    used 960K, committed 1088K, reserved 1048576K
}
Event: 0.595 GC heap after
{Heap after GC invocations=1 (full 0):
 garbage-first heap   total 129024K, used 5290K [0x0000000082800000, 0x0000000100000000)
  region size 1024K, 3 young (3072K), 3 survivors (3072K)
 Metaspace       used 8530K, committed 8768K, reserved 1114112K
  class space    used 960K, committed 1088K, reserved 1048576K
}

Dll operation events (11 events):
Event: 0.008 Loaded shared library C:\Users\HOME\.jdks\azul-21.0.4-1\bin\java.dll
Event: 0.043 Loaded shared library C:\Users\HOME\.jdks\azul-21.0.4-1\bin\jsvml.dll
Event: 0.093 Loaded shared library C:\Users\HOME\.jdks\azul-21.0.4-1\bin\zip.dll
Event: 0.097 Loaded shared library C:\Users\HOME\.jdks\azul-21.0.4-1\bin\instrument.dll
Event: 0.102 Loaded shared library C:\Users\HOME\.jdks\azul-21.0.4-1\bin\net.dll
Event: 0.104 Loaded shared library C:\Users\HOME\.jdks\azul-21.0.4-1\bin\nio.dll
Event: 0.109 Loaded shared library C:\Users\HOME\.jdks\azul-21.0.4-1\bin\zip.dll
Event: 0.134 Loaded shared library D:\D\IntelliJ IDEA Community Edition 2023.3.7\bin\breakgen64.dll
Event: 0.142 Loaded shared library C:\Users\HOME\.jdks\azul-21.0.4-1\bin\extnet.dll
Event: 0.155 Loaded shared library C:\Users\HOME\.jdks\azul-21.0.4-1\bin\jimage.dll
Event: 0.710 Loaded shared library C:\Users\HOME\.jdks\azul-21.0.4-1\bin\sunmscapi.dll

Deoptimization events (20 events):
Event: 1.086 Thread 0x000002c3c07d6290 DEOPT PACKING pc=0x000002c3d2d09118 sp=0x000000d87e5fee90
Event: 1.086 Thread 0x000002c3c07d6290 DEOPT UNPACKING pc=0x000002c3d27246a2 sp=0x000000d87e5fedd8 mode 2
Event: 1.086 Thread 0x000002c3c07d6290 Uncommon trap: trap_request=0xffffffde fr.pc=0x000002c3d2d09118 relative=0x0000000000000c98
Event: 1.086 Thread 0x000002c3c07d6290 Uncommon trap: reason=class_check action=maybe_recompile pc=0x000002c3d2d09118 method=java.util.HashMap.putVal(ILjava/lang/Object;Ljava/lang/Object;ZZ)Ljava/lang/Object; @ 91 c2
Event: 1.086 Thread 0x000002c3c07d6290 DEOPT PACKING pc=0x000002c3d2d09118 sp=0x000000d87e5fee90
Event: 1.086 Thread 0x000002c3c07d6290 DEOPT UNPACKING pc=0x000002c3d27246a2 sp=0x000000d87e5fedd8 mode 2
Event: 1.090 Thread 0x000002c3c07d6290 Uncommon trap: trap_request=0xffffffde fr.pc=0x000002c3d2d1cf88 relative=0x0000000000000f28
Event: 1.090 Thread 0x000002c3c07d6290 Uncommon trap: reason=class_check action=maybe_recompile pc=0x000002c3d2d1cf88 method=java.util.concurrent.ConcurrentHashMap.putVal(Ljava/lang/Object;Ljava/lang/Object;Z)Ljava/lang/Object; @ 242 c2
Event: 1.090 Thread 0x000002c3c07d6290 DEOPT PACKING pc=0x000002c3d2d1cf88 sp=0x000000d87e5fef70
Event: 1.090 Thread 0x000002c3c07d6290 DEOPT UNPACKING pc=0x000002c3d27246a2 sp=0x000000d87e5feee0 mode 2
Event: 1.090 Thread 0x000002c3c07d6290 Uncommon trap: trap_request=0xffffffde fr.pc=0x000002c3d2d1cf88 relative=0x0000000000000f28
Event: 1.090 Thread 0x000002c3c07d6290 Uncommon trap: reason=class_check action=maybe_recompile pc=0x000002c3d2d1cf88 method=java.util.concurrent.ConcurrentHashMap.putVal(Ljava/lang/Object;Ljava/lang/Object;Z)Ljava/lang/Object; @ 242 c2
Event: 1.090 Thread 0x000002c3c07d6290 DEOPT PACKING pc=0x000002c3d2d1cf88 sp=0x000000d87e5fef70
Event: 1.090 Thread 0x000002c3c07d6290 DEOPT UNPACKING pc=0x000002c3d27246a2 sp=0x000000d87e5feee0 mode 2
Event: 1.101 Thread 0x000002c3c07d6290 Uncommon trap: trap_request=0xffffffde fr.pc=0x000002c3d2d1cf58 relative=0x0000000000000ef8
Event: 1.101 Thread 0x000002c3c07d6290 Uncommon trap: reason=class_check action=maybe_recompile pc=0x000002c3d2d1cf58 method=java.util.concurrent.ConcurrentHashMap.putVal(Ljava/lang/Object;Ljava/lang/Object;Z)Ljava/lang/Object; @ 159 c2
Event: 1.101 Thread 0x000002c3c07d6290 DEOPT PACKING pc=0x000002c3d2d1cf58 sp=0x000000d87e5ff100
Event: 1.101 Thread 0x000002c3c07d6290 DEOPT UNPACKING pc=0x000002c3d27246a2 sp=0x000000d87e5ff080 mode 2
Event: 1.123 Thread 0x000002c3c07d6290 DEOPT PACKING pc=0x000002c3cb3877bf sp=0x000000d87e5fa6b0
Event: 1.123 Thread 0x000002c3c07d6290 DEOPT UNPACKING pc=0x000002c3d2724e42 sp=0x000000d87e5f9b88 mode 0

Classes loaded (20 events):
Event: 1.055 Loading class java/util/NoSuchElementException
Event: 1.055 Loading class java/util/NoSuchElementException done
Event: 1.062 Loading class java/util/regex/Pattern$1MatcherIterator
Event: 1.062 Loading class java/util/regex/Pattern$1MatcherIterator done
Event: 1.063 Loading class java/lang/Class$AnnotationData
Event: 1.063 Loading class java/lang/Class$AnnotationData done
Event: 1.071 Loading class java/lang/AbstractMethodError
Event: 1.071 Loading class java/lang/AbstractMethodError done
Event: 1.076 Loading class java/lang/StringIndexOutOfBoundsException
Event: 1.076 Loading class java/lang/StringIndexOutOfBoundsException done
Event: 1.076 Loading class java/io/StringReader
Event: 1.076 Loading class java/io/StringReader done
Event: 1.076 Loading class java/io/CharArrayWriter
Event: 1.076 Loading class java/io/CharArrayWriter done
Event: 1.080 Loading class java/lang/invoke/DirectMethodHandle$StaticAccessor
Event: 1.080 Loading class java/lang/invoke/DirectMethodHandle$StaticAccessor done
Event: 1.081 Loading class jdk/internal/reflect/MethodHandleIntegerFieldAccessorImpl
Event: 1.081 Loading class jdk/internal/reflect/MethodHandleIntegerFieldAccessorImpl done
Event: 1.085 Loading class java/util/Comparators$NaturalOrderComparator
Event: 1.085 Loading class java/util/Comparators$NaturalOrderComparator done

Classes unloaded (0 events):
No events

Classes redefined (0 events):
No events

Internal exceptions (20 events):
Event: 0.131 Thread 0x000002c3c07d6290 Exception <a 'java/lang/NoSuchMethodError'{0x000000008a2c6b60}: 'java.lang.Object java.lang.invoke.Invokers$Holder.invokeExact_MT(java.lang.Object, java.lang.Object, java.lang.Object, java.lang.Object, java.lang.Object)'> (0x000000008a2c6b60) 
thrown [s\src\hotspot\share\interpreter\linkResolver.cpp, line 773]
Event: 0.143 Thread 0x000002c3dfad08f0 Exception <a 'java/lang/NoSuchMethodError'{0x000000008a108db8}: 'void java.lang.invoke.DirectMethodHandle$Holder.invokeStatic(java.lang.Object, java.lang.Object)'> (0x000000008a108db8) 
thrown [s\src\hotspot\share\interpreter\linkResolver.cpp, line 773]
Event: 0.177 Thread 0x000002c3c07d6290 Exception <a 'java/lang/NoSuchMethodError'{0x000000008a0d8b18}: 'java.lang.ClassLoader java.lang.Class.getClassLoader(java.lang.Class)'> (0x000000008a0d8b18) 
thrown [s\src\hotspot\share\interpreter\linkResolver.cpp, line 773]
Event: 0.178 Thread 0x000002c3c07d6290 Exception <a 'java/lang/NoSuchMethodError'{0x000000008a0e0b48}: 'java.lang.Object java.lang.invoke.DirectMethodHandle$Holder.invokeStatic(java.lang.Object, java.lang.Object, int)'> (0x000000008a0e0b48) 
thrown [s\src\hotspot\share\interpreter\linkResolver.cpp, line 773]
Event: 0.179 Thread 0x000002c3c07d6290 Exception <a 'java/lang/NoSuchMethodError'{0x000000008a0ec3e0}: 'void java.lang.invoke.DelegatingMethodHandle$Holder.delegate(java.lang.Object, java.lang.Object, int, java.lang.Object)'> (0x000000008a0ec3e0) 
thrown [s\src\hotspot\share\interpreter\linkResolver.cpp, line 773]
Event: 0.179 Thread 0x000002c3c07d6290 Exception <a 'java/lang/NoSuchMethodError'{0x000000008a0f0170}: 'int java.lang.invoke.DirectMethodHandle$Holder.invokeSpecial(java.lang.Object, java.lang.Object, java.lang.Object)'> (0x000000008a0f0170) 
thrown [s\src\hotspot\share\interpreter\linkResolver.cpp, line 773]
Event: 0.347 Thread 0x000002c3c07d6290 Exception <a 'java/lang/NoSuchMethodError'{0x0000000089af85c8}: 'void java.lang.invoke.DirectMethodHandle$Holder.invokeSpecial(java.lang.Object, java.lang.Object, java.lang.Object)'> (0x0000000089af85c8) 
thrown [s\src\hotspot\share\interpreter\linkResolver.cpp, line 773]
Event: 0.413 Thread 0x000002c3c07d6290 Exception <a 'java/lang/NoSuchMethodError'{0x0000000089718670}: 'java.lang.Object java.lang.invoke.DirectMethodHandle$Holder.invokeStaticInit(java.lang.Object, int, int, int, int)'> (0x0000000089718670) 
thrown [s\src\hotspot\share\interpreter\linkResolver.cpp, line 773]
Event: 0.429 Thread 0x000002c3c07d6290 Exception <a 'java/lang/NoSuchMethodError'{0x00000000897607f8}: 'java.lang.Object java.lang.invoke.DirectMethodHandle$Holder.invokeStaticInit(java.lang.Object, java.lang.Object, int, int, int, int)'> (0x00000000897607f8) 
thrown [s\src\hotspot\share\interpreter\linkResolver.cpp, line 773]
Event: 0.454 Thread 0x000002c3c07d6290 Implicit null exception at 0x000002c3d2cba4e6 to 0x000002c3d2cba592
Event: 0.485 Thread 0x000002c3c07d6290 Exception <a 'java/lang/NoSuchMethodError'{0x0000000089493a28}: 'java.lang.Object java.lang.invoke.Invokers$Holder.invokeExact_MT(java.lang.Object, java.lang.Object, java.lang.Object, java.lang.Object, java.lang.Object, java.lang.Object)'> (0x0000000089493a28) 
thrown [s\src\hotspot\share\interpreter\linkResolver.cpp, line 773]
Event: 0.559 Thread 0x000002c3c07d6290 Exception <a 'java/lang/NoSuchMethodError'{0x00000000890ab868}: 'java.lang.Object java.lang.invoke.DirectMethodHandle$Holder.invokeInterface(java.lang.Object, java.lang.Object)'> (0x00000000890ab868) 
thrown [s\src\hotspot\share\interpreter\linkResolver.cpp, line 773]
Event: 0.575 Thread 0x000002c3c07d6290 Exception <a 'java/lang/NoSuchMethodError'{0x0000000088f38af0}: 'java.lang.Object java.lang.invoke.DirectMethodHandle$Holder.invokeVirtual(java.lang.Object, java.lang.Object, java.lang.Object)'> (0x0000000088f38af0) 
thrown [s\src\hotspot\share\interpreter\linkResolver.cpp, line 773]
Event: 0.698 Thread 0x000002c3c07d6290 Exception <a 'java/lang/NoSuchMethodError'{0x000000008a092d48}: 'void java.lang.invoke.DirectMethodHandle$Holder.invokeStaticInit(java.lang.Object, java.lang.Object)'> (0x000000008a092d48) 
thrown [s\src\hotspot\share\interpreter\linkResolver.cpp, line 773]
Event: 0.750 Thread 0x000002c3c07d6290 Exception <a 'sun/nio/fs/WindowsException'{0x0000000089f9d808}> (0x0000000089f9d808) 
thrown [s\src\hotspot\share\prims\jni.cpp, line 520]
Event: 0.910 Thread 0x000002c3c07d6290 Exception <a 'java/lang/NoSuchMethodError'{0x0000000089db3410}: 'void java.lang.invoke.DirectMethodHandle$Holder.invokeVirtual(java.lang.Object, java.lang.Object)'> (0x0000000089db3410) 
thrown [s\src\hotspot\share\interpreter\linkResolver.cpp, line 773]
Event: 0.956 Thread 0x000002c3c07d6290 Exception <a 'java/lang/NoSuchMethodError'{0x0000000089ca23f8}: 'void java.lang.invoke.DirectMethodHandle$Holder.invokeStatic(java.lang.Object, java.lang.Object, java.lang.Object, java.lang.Object)'> (0x0000000089ca23f8) 
thrown [s\src\hotspot\share\interpreter\linkResolver.cpp, line 773]
Event: 0.969 Thread 0x000002c3c07d6290 Exception <a 'java/lang/NoSuchMethodError'{0x0000000089cfb9a0}: 'void java.lang.invoke.DirectMethodHandle$Holder.invokeInterface(java.lang.Object, java.lang.Object, java.lang.Object, java.lang.Object)'> (0x0000000089cfb9a0) 
thrown [s\src\hotspot\share\interpreter\linkResolver.cpp, line 773]
Event: 0.987 Thread 0x000002c3c07d6290 Exception <a 'java/lang/NoSuchMethodError'{0x0000000089b873e8}: 'int java.lang.invoke.DirectMethodHandle$Holder.invokeStatic(java.lang.Object)'> (0x0000000089b873e8) 
thrown [s\src\hotspot\share\interpreter\linkResolver.cpp, line 773]
Event: 1.081 Thread 0x000002c3c07d6290 Exception <a 'java/lang/NoSuchMethodError'{0x0000000089767760}: 'int java.lang.invoke.Invokers$Holder.invokeExact_MT(java.lang.Object, java.lang.Object)'> (0x0000000089767760) 
thrown [s\src\hotspot\share\interpreter\linkResolver.cpp, line 773]

ZGC Phase Switch (0 events):
No events

VM Operations (20 events):
Event: 0.533 Executing VM operation: HandshakeAllThreads (Deoptimize)
Event: 0.533 Executing VM operation: HandshakeAllThreads (Deoptimize) done
Event: 0.533 Executing VM operation: HandshakeAllThreads (Deoptimize)
Event: 0.533 Executing VM operation: HandshakeAllThreads (Deoptimize) done
Event: 0.542 Executing VM operation: HandshakeAllThreads (Deoptimize)
Event: 0.542 Executing VM operation: HandshakeAllThreads (Deoptimize) done
Event: 0.572 Executing VM operation: HandshakeAllThreads (Deoptimize)
Event: 0.572 Executing VM operation: HandshakeAllThreads (Deoptimize) done
Event: 0.589 Executing VM operation: G1CollectForAllocation (G1 Evacuation Pause)
Event: 0.595 Executing VM operation: G1CollectForAllocation (G1 Evacuation Pause) done
Event: 0.638 Executing VM operation: HandshakeAllThreads (Deoptimize)
Event: 0.638 Executing VM operation: HandshakeAllThreads (Deoptimize) done
Event: 0.681 Executing VM operation: HandshakeAllThreads (Deoptimize)
Event: 0.681 Executing VM operation: HandshakeAllThreads (Deoptimize) done
Event: 0.717 Executing VM operation: HandshakeAllThreads (Deoptimize)
Event: 0.717 Executing VM operation: HandshakeAllThreads (Deoptimize) done
Event: 0.761 Executing VM operation: HandshakeAllThreads (Deoptimize)
Event: 0.761 Executing VM operation: HandshakeAllThreads (Deoptimize) done
Event: 0.922 Executing VM operation: HandshakeAllThreads (Deoptimize)
Event: 0.922 Executing VM operation: HandshakeAllThreads (Deoptimize) done

Memory protections (0 events):
No events

Nmethod flushes (0 events):
No events

Events (16 events):
Event: 0.025 Thread 0x000002c3c07d6290 Thread added: 0x000002c3c07d6290
Event: 0.040 Thread 0x000002c3c07d6290 Thread added: 0x000002c3df635310
Event: 0.040 Thread 0x000002c3c07d6290 Thread added: 0x000002c3df636230
Event: 0.041 Thread 0x000002c3c07d6290 Thread added: 0x000002c3df63d9d0
Event: 0.041 Thread 0x000002c3c07d6290 Thread added: 0x000002c3df63e630
Event: 0.041 Thread 0x000002c3c07d6290 Thread added: 0x000002c3df641970
Event: 0.041 Thread 0x000002c3c07d6290 Thread added: 0x000002c3df643cb0
Event: 0.041 Thread 0x000002c3c07d6290 Thread added: 0x000002c3df64e830
Event: 0.041 Thread 0x000002c3c07d6290 Thread added: 0x000002c3df653fb0
Event: 0.072 Thread 0x000002c3c07d6290 Thread added: 0x000002c3df602340
Event: 0.088 Thread 0x000002c3df653fb0 Thread added: 0x000002c3df90aa60
Event: 0.134 Thread 0x000002c3c07d6290 Thread added: 0x000002c3dfad08f0
Event: 0.134 Thread 0x000002c3c07d6290 Thread added: 0x000002c3dfad1f80
Event: 0.533 Thread 0x000002c3c07d6290 Thread added: 0x000002c4251759b0
Event: 0.860 Thread 0x000002c3df64e830 Thread added: 0x000002c425a9cec0
Event: 0.994 Thread 0x000002c3c07d6290 Thread added: 0x000002c4266b9d40


Dynamic libraries:
0x00007ff712c30000 - 0x00007ff712c3e000 	C:\Users\HOME\.jdks\azul-21.0.4-1\bin\java.exe
0x00007ffcc3050000 - 0x00007ffcc3267000 	C:\WINDOWS\SYSTEM32\ntdll.dll
0x00007ffcc1750000 - 0x00007ffcc1814000 	C:\WINDOWS\System32\KERNEL32.DLL
0x00007ffcc0820000 - 0x00007ffcc0bcd000 	C:\WINDOWS\System32\KERNELBASE.dll
0x00007ffcc0380000 - 0x00007ffcc0491000 	C:\WINDOWS\System32\ucrtbase.dll
0x00007ffc8c620000 - 0x00007ffc8c639000 	C:\Users\HOME\.jdks\azul-21.0.4-1\bin\jli.dll
0x00007ffc9b000000 - 0x00007ffc9b01b000 	C:\Users\HOME\.jdks\azul-21.0.4-1\bin\VCRUNTIME140.dll
0x00007ffcc2e60000 - 0x00007ffcc300e000 	C:\WINDOWS\System32\USER32.dll
0x00007ffcc05c0000 - 0x00007ffcc05e6000 	C:\WINDOWS\System32\win32u.dll
0x00007ffca6ba0000 - 0x00007ffca6e33000 	C:\WINDOWS\WinSxS\amd64_microsoft.windows.common-controls_6595b64144ccf1df_6.0.22621.3672_none_2713b9d173822955\COMCTL32.dll
0x00007ffcc1820000 - 0x00007ffcc1849000 	C:\WINDOWS\System32\GDI32.dll
0x00007ffcc27c0000 - 0x00007ffcc2867000 	C:\WINDOWS\System32\msvcrt.dll
0x00007ffcc0c40000 - 0x00007ffcc0d59000 	C:\WINDOWS\System32\gdi32full.dll
0x00007ffcc04a0000 - 0x00007ffcc053a000 	C:\WINDOWS\System32\msvcp_win.dll
0x00007ffcc2a00000 - 0x00007ffcc2a31000 	C:\WINDOWS\System32\IMM32.DLL
0x00007ffc9b310000 - 0x00007ffc9b31c000 	C:\Users\HOME\.jdks\azul-21.0.4-1\bin\vcruntime140_1.dll
0x00007ffc7ca50000 - 0x00007ffc7cade000 	C:\Users\HOME\.jdks\azul-21.0.4-1\bin\msvcp140.dll
0x00007ffc0c720000 - 0x00007ffc0d4ba000 	C:\Users\HOME\.jdks\azul-21.0.4-1\bin\server\jvm.dll
0x00007ffcc1690000 - 0x00007ffcc1742000 	C:\WINDOWS\System32\ADVAPI32.dll
0x00007ffcc24b0000 - 0x00007ffcc2559000 	C:\WINDOWS\System32\sechost.dll
0x00007ffcc0d60000 - 0x00007ffcc0d88000 	C:\WINDOWS\System32\bcrypt.dll
0x00007ffcc2a40000 - 0x00007ffcc2b54000 	C:\WINDOWS\System32\RPCRT4.dll
0x00007ffcc2d60000 - 0x00007ffcc2dd1000 	C:\WINDOWS\System32\WS2_32.dll
0x00007ffcbf210000 - 0x00007ffcbf25d000 	C:\WINDOWS\SYSTEM32\POWRPROF.dll
0x00007ffcbbe70000 - 0x00007ffcbbe7a000 	C:\WINDOWS\SYSTEM32\VERSION.dll
0x00007ffcbbb20000 - 0x00007ffcbbb54000 	C:\WINDOWS\SYSTEM32\WINMM.dll
0x00007ffcbf1f0000 - 0x00007ffcbf203000 	C:\WINDOWS\SYSTEM32\UMPDC.dll
0x00007ffcbf4a0000 - 0x00007ffcbf4b8000 	C:\WINDOWS\SYSTEM32\kernel.appcore.dll
0x00007ffc9b0a0000 - 0x00007ffc9b0aa000 	C:\Users\HOME\.jdks\azul-21.0.4-1\bin\jimage.dll
0x00007ffcbdce0000 - 0x00007ffcbdf12000 	C:\WINDOWS\SYSTEM32\DBGHELP.DLL
0x00007ffcc2120000 - 0x00007ffcc24a8000 	C:\WINDOWS\System32\combase.dll
0x00007ffcc14a0000 - 0x00007ffcc1577000 	C:\WINDOWS\System32\OLEAUT32.dll
0x00007ffc97f20000 - 0x00007ffc97f52000 	C:\WINDOWS\SYSTEM32\dbgcore.DLL
0x00007ffcc0540000 - 0x00007ffcc05bb000 	C:\WINDOWS\System32\bcryptPrimitives.dll
0x00007ffcbd1e0000 - 0x00007ffcbd1ef000 	C:\Users\HOME\.jdks\azul-21.0.4-1\bin\instrument.dll
0x00007ffc9afe0000 - 0x00007ffc9afff000 	C:\Users\HOME\.jdks\azul-21.0.4-1\bin\java.dll
0x00007ffcc18b0000 - 0x00007ffcc210f000 	C:\WINDOWS\System32\SHELL32.dll
0x00007ffcbe2e0000 - 0x00007ffcbebdc000 	C:\WINDOWS\SYSTEM32\windows.storage.dll
0x00007ffcbe1a0000 - 0x00007ffcbe2df000 	C:\WINDOWS\SYSTEM32\wintypes.dll
0x00007ffcc1590000 - 0x00007ffcc1684000 	C:\WINDOWS\System32\SHCORE.dll
0x00007ffcc1850000 - 0x00007ffcc18ae000 	C:\WINDOWS\System32\shlwapi.dll
0x00007ffcc02b0000 - 0x00007ffcc02d1000 	C:\WINDOWS\SYSTEM32\profapi.dll
0x00007ffc2db60000 - 0x00007ffc2dc37000 	C:\Users\HOME\.jdks\azul-21.0.4-1\bin\jsvml.dll
0x00007ffc8bcf0000 - 0x00007ffc8bd08000 	C:\Users\HOME\.jdks\azul-21.0.4-1\bin\zip.dll
0x00007ffc9afd0000 - 0x00007ffc9afe0000 	C:\Users\HOME\.jdks\azul-21.0.4-1\bin\net.dll
0x00007ffcbc3e0000 - 0x00007ffcbc516000 	C:\WINDOWS\SYSTEM32\WINHTTP.dll
0x00007ffcbf910000 - 0x00007ffcbf979000 	C:\WINDOWS\system32\mswsock.dll
0x00007ffc8dcd0000 - 0x00007ffc8dce6000 	C:\Users\HOME\.jdks\azul-21.0.4-1\bin\nio.dll
0x00007ffcbac10000 - 0x00007ffcbac2a000 	D:\D\IntelliJ IDEA Community Edition 2023.3.7\bin\breakgen64.dll
0x00007ffc9afc0000 - 0x00007ffc9afc9000 	C:\Users\HOME\.jdks\azul-21.0.4-1\bin\extnet.dll
0x00007ffcbfb70000 - 0x00007ffcbfb8b000 	C:\WINDOWS\SYSTEM32\CRYPTSP.dll
0x00007ffcbf400000 - 0x00007ffcbf435000 	C:\WINDOWS\system32\rsaenh.dll
0x00007ffcbfa10000 - 0x00007ffcbfa38000 	C:\WINDOWS\SYSTEM32\USERENV.dll
0x00007ffcbfb90000 - 0x00007ffcbfb9c000 	C:\WINDOWS\SYSTEM32\CRYPTBASE.dll
0x00007ffcbeeb0000 - 0x00007ffcbeedd000 	C:\WINDOWS\SYSTEM32\IPHLPAPI.DLL
0x00007ffcc2560000 - 0x00007ffcc2569000 	C:\WINDOWS\System32\NSI.dll
0x00007ffcbef20000 - 0x00007ffcbf018000 	C:\WINDOWS\SYSTEM32\DNSAPI.dll
0x0000000050d70000 - 0x0000000050d96000 	C:\Program Files\Bonjour\mdnsNSP.dll
0x00007ffcb9570000 - 0x00007ffcb957a000 	C:\Windows\System32\rasadhlp.dll
0x00007ffcba500000 - 0x00007ffcba583000 	C:\WINDOWS\System32\fwpuclnt.dll
0x00007ffcba4f0000 - 0x00007ffcba4fe000 	C:\Users\HOME\.jdks\azul-21.0.4-1\bin\sunmscapi.dll
0x00007ffcc06b0000 - 0x00007ffcc0817000 	C:\WINDOWS\System32\CRYPT32.dll
0x00007ffcbfd30000 - 0x00007ffcbfd5e000 	C:\WINDOWS\SYSTEM32\ncrypt.dll
0x00007ffcbfcf0000 - 0x00007ffcbfd27000 	C:\WINDOWS\SYSTEM32\NTASN1.dll

dbghelp: loaded successfully - version: 4.0.5 - missing functions: none
symbol engine: initialized successfully - sym options: 0x614 - pdb path: .;C:\Users\HOME\.jdks\azul-21.0.4-1\bin;C:\WINDOWS\SYSTEM32;C:\WINDOWS\WinSxS\amd64_microsoft.windows.common-controls_6595b64144ccf1df_6.0.22621.3672_none_2713b9d173822955;C:\Users\HOME\.jdks\azul-21.0.4-1\bin\server;D:\D\IntelliJ IDEA Community Edition 2023.3.7\bin;C:\Program Files\Bonjour

VM Arguments:
jvm_args: -javaagent:D:\D\IntelliJ IDEA Community Edition 2023.3.7\lib\idea_rt.jar=52761:D:\D\IntelliJ IDEA Community Edition 2023.3.7\bin -Dfile.encoding=UTF-8 -Dsun.stdout.encoding=UTF-8 -Dsun.stderr.encoding=UTF-8 
java_command: Program
java_class_path (initial): D:\VTI\Railway85\Java Advanced\Poject_demo\target\classes;C:\Users\HOME\.m2\repository\com\mysql\mysql-connector-j\9.0.0\mysql-connector-j-9.0.0.jar;C:\Users\HOME\.m2\repository\com\google\protobuf\protobuf-java\4.26.1\protobuf-java-4.26.1.jar;C:\Users\HOME\.m2\repository\org\hibernate\orm\hibernate-core\6.5.2.Final\hibernate-core-6.5.2.Final.jar;C:\Users\HOME\.m2\repository\jakarta\persistence\jakarta.persistence-api\3.1.0\jakarta.persistence-api-3.1.0.jar;C:\Users\HOME\.m2\repository\jakarta\transaction\jakarta.transaction-api\2.0.1\jakarta.transaction-api-2.0.1.jar;C:\Users\HOME\.m2\repository\org\jboss\logging\jboss-logging\3.5.0.Final\jboss-logging-3.5.0.Final.jar;C:\Users\HOME\.m2\repository\org\hibernate\common\hibernate-commons-annotations\6.0.6.Final\hibernate-commons-annotations-6.0.6.Final.jar;C:\Users\HOME\.m2\repository\io\smallrye\jandex\3.1.2\jandex-3.1.2.jar;C:\Users\HOME\.m2\repository\com\fasterxml\classmate\1.5.1\classmate-1.5.1.jar;C:\Users\HOME\.m2\repository\net\bytebuddy\byte-buddy\1.14.15\byte-buddy-1.14.15.jar;C:\Users\HOME\.m2\repository\jakarta\xml\bind\jakarta.xml.bind-api\4.0.0\jakarta.xml.bind-api-4.0.0.jar;C:\Users\HOME\.m2\repository\jakarta\activation\jakarta.activation-api\2.1.0\jakarta.activation-api-2.1.0.jar;C:\Users\HOME\.m2\repository\org\glassfish\jaxb\jaxb-runtime\4.0.2\jaxb-runtime-4.0.2.jar;C:\Users\HOME\.m2\repository\org\glassfish\jaxb\jaxb-core\4.0.2\jaxb-core-4.0.2.jar;C:\Users\HOME\.m2\repository\org\eclipse\angus\angus-activation\2.0.0\angus-activation-2.0.0.jar;C:\Users\HOME\.m2\repository\org\glassfish\jaxb\txw2\4.0.2\txw2-4.0.2.jar;C:\Users\HOME\.m2\repository\com\sun\istack\istack-commons-runtime\4.1.1\istack-commons-runtime-4.1.1.jar;C:\Users\HOME\.m2\repository\jakarta\inject\jakarta.inject-api\2.0.1\jakarta.inject-api-2.0.1.jar;C:\Users\HOME\.m2\repository\org\antlr\antlr4-runtime\4.13.0\antlr4-runtime-4.13.0.jar
Launcher Type: SUN_STANDARD

[Global flags]
     intx CICompilerCount                          = 4                                         {product} {ergonomic}
     uint ConcGCThreads                            = 2                                         {product} {ergonomic}
     uint G1ConcRefinementThreads                  = 8                                         {product} {ergonomic}
   size_t G1HeapRegionSize                         = 1048576                                   {product} {ergonomic}
    uintx GCDrainStackTargetSize                   = 64                                        {product} {ergonomic}
   size_t InitialHeapSize                          = 132120576                                 {product} {ergonomic}
   size_t MarkStackSize                            = 4194304                                   {product} {ergonomic}
   size_t MaxHeapSize                              = 2105540608                                {product} {ergonomic}
   size_t MaxNewSize                               = 1262485504                                {product} {ergonomic}
   size_t MinHeapDeltaBytes                        = 1048576                                   {product} {ergonomic}
   size_t MinHeapSize                              = 8388608                                   {product} {ergonomic}
    uintx NonNMethodCodeHeapSize                   = 5839372                                {pd product} {ergonomic}
    uintx NonProfiledCodeHeapSize                  = 122909434                              {pd product} {ergonomic}
    uintx ProfiledCodeHeapSize                     = 122909434                              {pd product} {ergonomic}
    uintx ReservedCodeCacheSize                    = 251658240                              {pd product} {ergonomic}
     bool SegmentedCodeCache                       = true                                      {product} {ergonomic}
   size_t SoftMaxHeapSize                          = 2105540608                             {manageable} {ergonomic}
     bool UseCompressedOops                        = true                           {product lp64_product} {ergonomic}
     bool UseG1GC                                  = true                                      {product} {ergonomic}
     bool UseLargePagesIndividualAllocation        = false                                  {pd product} {ergonomic}

Logging:
Log output configuration:
 #0: stdout all=warning uptime,level,tags foldmultilines=false
 #1: stderr all=off uptime,level,tags foldmultilines=false

Environment Variables:
JAVA_HOME=C:\Program Files\Java\jdk-21
PATH=C:\Program Files\Common Files\Oracle\Java\javapath;C:\Program Files (x86)\Common Files\Oracle\Java\java8path;C:\Program Files (x86)\VMware\VMware Workstation\bin\;C:\Windows\system32;C:\Windows;C:\Windows\System32\Wbem;C:\Windows\System32\WindowsPowerShell\v1.0\;C:\Windows\System32\OpenSSH\;C:\WINDOWS\system32;C:\WINDOWS;C:\WINDOWS\System32\Wbem;C:\WINDOWS\System32\WindowsPowerShell\v1.0\;C:\WINDOWS\System32\OpenSSH\;C:\TDM-GCC-64\bin;D:\PHAN MEM\bin;C:\Program Files\nodejs\;D:\Java\Git\cmd;D:\laragon\bin\php\php_8.2;C:\Program Files\Java\jdk-21\bin;C:\Program Files\Java\jre1.8.0_421bin;C:\Users\HOME\AppData\Local\Yarn\config\global\node_modules\.bin;C:\Users\HOME\AppData\Roaming\Composer\vendor\bin;C:\Users\HOME\AppData\Roaming\npm;D:\laragon\bin;D:\laragon\bin\apache\httpd-2.4.54-win64-VS16\bin;D:\laragon\bin\composer;D:\laragon\bin\git\bin;D:\laragon\bin\git\cmd;D:\laragon\bin\git\mingw64\bin;D:\laragon\bin\git\usr\bin;D:\laragon\bin\laragon\utils;D:\laragon\bin\mysql\mysql-8.0.30-winx64\bin;D:\laragon\bin\nginx\nginx-1.22.0;D:\laragon\bin\ngrok;D:\laragon\bin\nodejs\node-v18;D:\laragon\bin\notepad++;D:\laragon\bin\php\php_8.2;D:\laragon\bin\python\python-3.10;D:\laragon\bin\python\python-3.10\Scripts;D:\laragon\bin\redis\redis-x64-5.0.14.1;D:\laragon\bin\telnet;D:\laragon\usr\bin;C:\Users\HOME\AppData\Local\Microsoft\WindowsApps;C:\Users\HOME\AppData\Local\Programs\Microsoft VS Code\bin;C:\Program Files\JetBrains\IntelliJ IDEA Community Edition 2023.3.1\bin;C:\Users\HOME\AppData\Local\ComposerSetup\bin;;C:\Program Files\JetBrains\IntelliJ IDEA Community Edition 2024.1.4\bin;
USERNAME=HOME
OS=Windows_NT
PROCESSOR_IDENTIFIER=Intel64 Family 6 Model 165 Stepping 2, GenuineIntel
TMP=C:\Users\HOME\AppData\Local\Temp
TEMP=C:\Users\HOME\AppData\Local\Temp




Periodic native trim disabled

---------------  S Y S T E M  ---------------

OS:
 Windows 11 , 64 bit Build 22621 (10.0.22621.3672)
OS uptime: 0 days 0:54 hours

CPU: total 8 (initial active 8) (4 cores per cpu, 2 threads per core) family 6 model 165 stepping 2 microcode 0xe0, cx8, cmov, fxsr, ht, mmx, 3dnowpref, sse, sse2, sse3, ssse3, sse4.1, sse4.2, popcnt, lzcnt, tsc, tscinvbit, avx, avx2, aes, erms, clmul, bmi1, bmi2, adx, fma, vzeroupper, clflush, clflushopt, rdtscp, f16c, pku
Processor Information for all 8 processors :
  Max Mhz: 2496, Current Mhz: 2496, Mhz Limit: 2496

Memory: 4k page, system-wide physical 8029M (835M free)
TotalPageFile size 12125M (AvailPageFile size 5M)
current process WorkingSet (physical memory assigned to process): 122M, peak: 122M
current process commit charge ("private bytes"): 259M, peak: 260M

vm_info: OpenJDK 64-Bit Server VM (21.0.4+7-LTS) for windows-amd64 JRE (21.0.4+7-LTS) (Zulu21.36+17-CA), built on 2024-07-09T22:03:30Z by "zulu_re" with MS VC++ 17.1 (VS2022)

END.
